[2025-02-12T10:09:53.690+0000] {local_task_job_runner.py:120} INFO - ::group::Pre task execution logs
[2025-02-12T10:09:53.747+0000] {taskinstance.py:2076} INFO - Dependencies all met for dep_context=non-requeueable deps ti=<TaskInstance: e_commerce_dw_etl.transform.transform_dim_dates manual__2025-02-12T10:08:47.681146+00:00 [queued]>
[2025-02-12T10:09:53.767+0000] {taskinstance.py:2076} INFO - Dependencies all met for dep_context=requeueable deps ti=<TaskInstance: e_commerce_dw_etl.transform.transform_dim_dates manual__2025-02-12T10:08:47.681146+00:00 [queued]>
[2025-02-12T10:09:53.768+0000] {taskinstance.py:2306} INFO - Starting attempt 1 of 1
[2025-02-12T10:09:53.799+0000] {taskinstance.py:2330} INFO - Executing <Task(PythonOperator): transform.transform_dim_dates> on 2025-02-12 10:08:47.681146+00:00
[2025-02-12T10:09:53.809+0000] {standard_task_runner.py:63} INFO - Started process 236 to run task
[2025-02-12T10:09:53.816+0000] {standard_task_runner.py:90} INFO - Running: ['***', 'tasks', 'run', 'e_commerce_dw_etl', 'transform.transform_dim_dates', 'manual__2025-02-12T10:08:47.681146+00:00', '--job-id', '269', '--raw', '--subdir', 'DAGS_FOLDER/e_commerce_dw_dag.py', '--cfg-path', '/tmp/tmp_ed5pu9x']
[2025-02-12T10:09:53.824+0000] {standard_task_runner.py:91} INFO - Job 269: Subtask transform.transform_dim_dates
[2025-02-12T10:09:53.923+0000] {task_command.py:426} INFO - Running <TaskInstance: e_commerce_dw_etl.transform.transform_dim_dates manual__2025-02-12T10:08:47.681146+00:00 [running]> on host c8e0959aa886
[2025-02-12T10:09:54.176+0000] {taskinstance.py:2648} INFO - Exporting env vars: AIRFLOW_CTX_DAG_OWNER='***' AIRFLOW_CTX_DAG_ID='e_commerce_dw_etl' AIRFLOW_CTX_TASK_ID='transform.transform_dim_dates' AIRFLOW_CTX_EXECUTION_DATE='2025-02-12T10:08:47.681146+00:00' AIRFLOW_CTX_TRY_NUMBER='1' AIRFLOW_CTX_DAG_RUN_ID='manual__2025-02-12T10:08:47.681146+00:00'
[2025-02-12T10:09:54.178+0000] {taskinstance.py:430} INFO - ::endgroup::
[2025-02-12T10:09:54.609+0000] {base.py:84} INFO - Using connection ID 'postgres' for task execution.
[2025-02-12T10:09:54.917+0000] {base.py:84} INFO - Using connection ID 'postgres' for task execution.
[2025-02-12T10:09:56.044+0000] {logging_mixin.py:188} INFO - Đã tạo và lưu dữ liệu vào dim_dates
[2025-02-12T10:09:56.047+0000] {python.py:237} INFO - Done. Returned value was: None
[2025-02-12T10:09:56.049+0000] {taskinstance.py:441} INFO - ::group::Post task execution logs
[2025-02-12T10:09:56.077+0000] {taskinstance.py:1206} INFO - Marking task as SUCCESS. dag_id=e_commerce_dw_etl, task_id=transform.transform_dim_dates, run_id=manual__2025-02-12T10:08:47.681146+00:00, execution_date=20250212T100847, start_date=20250212T100953, end_date=20250212T100956
[2025-02-12T10:09:56.189+0000] {local_task_job_runner.py:240} INFO - Task exited with return code 0
[2025-02-12T10:09:56.268+0000] {taskinstance.py:3503} INFO - 0 downstream tasks scheduled from follow-on schedule check
[2025-02-12T10:09:56.277+0000] {local_task_job_runner.py:222} INFO - ::endgroup::
