[2025-02-12T09:19:52.021+0000] {local_task_job_runner.py:120} INFO - ::group::Pre task execution logs
[2025-02-12T09:19:52.131+0000] {taskinstance.py:2076} INFO - Dependencies all met for dep_context=non-requeueable deps ti=<TaskInstance: e_commerce_dw_etl.transform.transform_dim_dates manual__2025-02-12T09:18:49.558799+00:00 [queued]>
[2025-02-12T09:19:52.158+0000] {taskinstance.py:2076} INFO - Dependencies all met for dep_context=requeueable deps ti=<TaskInstance: e_commerce_dw_etl.transform.transform_dim_dates manual__2025-02-12T09:18:49.558799+00:00 [queued]>
[2025-02-12T09:19:52.160+0000] {taskinstance.py:2306} INFO - Starting attempt 1 of 1
[2025-02-12T09:19:52.217+0000] {taskinstance.py:2330} INFO - Executing <Task(PythonOperator): transform.transform_dim_dates> on 2025-02-12 09:18:49.558799+00:00
[2025-02-12T09:19:52.234+0000] {standard_task_runner.py:63} INFO - Started process 356 to run task
[2025-02-12T09:19:52.242+0000] {standard_task_runner.py:90} INFO - Running: ['***', 'tasks', 'run', 'e_commerce_dw_etl', 'transform.transform_dim_dates', 'manual__2025-02-12T09:18:49.558799+00:00', '--job-id', '215', '--raw', '--subdir', 'DAGS_FOLDER/e_commerce_dw_dag.py', '--cfg-path', '/tmp/tmpfthh_zcq']
[2025-02-12T09:19:52.275+0000] {standard_task_runner.py:91} INFO - Job 215: Subtask transform.transform_dim_dates
[2025-02-12T09:19:52.410+0000] {task_command.py:426} INFO - Running <TaskInstance: e_commerce_dw_etl.transform.transform_dim_dates manual__2025-02-12T09:18:49.558799+00:00 [running]> on host 1f90b0c5673e
[2025-02-12T09:19:52.690+0000] {taskinstance.py:2648} INFO - Exporting env vars: AIRFLOW_CTX_DAG_OWNER='***' AIRFLOW_CTX_DAG_ID='e_commerce_dw_etl' AIRFLOW_CTX_TASK_ID='transform.transform_dim_dates' AIRFLOW_CTX_EXECUTION_DATE='2025-02-12T09:18:49.558799+00:00' AIRFLOW_CTX_TRY_NUMBER='1' AIRFLOW_CTX_DAG_RUN_ID='manual__2025-02-12T09:18:49.558799+00:00'
[2025-02-12T09:19:52.692+0000] {taskinstance.py:430} INFO - ::endgroup::
[2025-02-12T09:19:52.756+0000] {base.py:84} INFO - Using connection ID 'postgres' for task execution.
[2025-02-12T09:19:53.215+0000] {base.py:84} INFO - Using connection ID 'postgres' for task execution.
[2025-02-12T09:19:55.027+0000] {logging_mixin.py:188} INFO - Đã tạo và lưu dữ liệu vào dim_dates
[2025-02-12T09:19:55.028+0000] {python.py:237} INFO - Done. Returned value was: None
[2025-02-12T09:19:55.031+0000] {taskinstance.py:441} INFO - ::group::Post task execution logs
[2025-02-12T09:19:55.071+0000] {taskinstance.py:1206} INFO - Marking task as SUCCESS. dag_id=e_commerce_dw_etl, task_id=transform.transform_dim_dates, run_id=manual__2025-02-12T09:18:49.558799+00:00, execution_date=20250212T091849, start_date=20250212T091952, end_date=20250212T091955
[2025-02-12T09:19:55.182+0000] {local_task_job_runner.py:240} INFO - Task exited with return code 0
[2025-02-12T09:19:55.263+0000] {taskinstance.py:3503} INFO - 0 downstream tasks scheduled from follow-on schedule check
[2025-02-12T09:19:55.269+0000] {local_task_job_runner.py:222} INFO - ::endgroup::
