[2025-02-12T09:15:35.246+0000] {processor.py:161} INFO - Started process (PID=172) to work on /opt/airflow/dags/e_commerce_dw_dag.py
[2025-02-12T09:15:35.248+0000] {processor.py:830} INFO - Processing file /opt/airflow/dags/e_commerce_dw_dag.py for tasks to queue
[2025-02-12T09:15:35.250+0000] {logging_mixin.py:188} INFO - [2025-02-12T09:15:35.249+0000] {dagbag.py:545} INFO - Filling up the DagBag from /opt/airflow/dags/e_commerce_dw_dag.py
[2025-02-12T09:15:35.318+0000] {processor.py:840} INFO - DAG(s) 'e_commerce_dw_etl' retrieved from /opt/airflow/dags/e_commerce_dw_dag.py
[2025-02-12T09:15:35.486+0000] {logging_mixin.py:188} INFO - [2025-02-12T09:15:35.486+0000] {dag.py:3096} INFO - Sync 1 DAGs
[2025-02-12T09:15:35.509+0000] {logging_mixin.py:188} INFO - [2025-02-12T09:15:35.509+0000] {dag.py:3954} INFO - Setting next_dagrun for e_commerce_dw_etl to 2025-02-11 00:00:00+00:00, run_after=2025-02-12 00:00:00+00:00
[2025-02-12T09:15:35.540+0000] {processor.py:183} INFO - Processing /opt/airflow/dags/e_commerce_dw_dag.py took 0.301 seconds
[2025-02-12T09:16:05.592+0000] {processor.py:161} INFO - Started process (PID=197) to work on /opt/airflow/dags/e_commerce_dw_dag.py
[2025-02-12T09:16:05.593+0000] {processor.py:830} INFO - Processing file /opt/airflow/dags/e_commerce_dw_dag.py for tasks to queue
[2025-02-12T09:16:05.594+0000] {logging_mixin.py:188} INFO - [2025-02-12T09:16:05.594+0000] {dagbag.py:545} INFO - Filling up the DagBag from /opt/airflow/dags/e_commerce_dw_dag.py
[2025-02-12T09:16:05.660+0000] {processor.py:840} INFO - DAG(s) 'e_commerce_dw_etl' retrieved from /opt/airflow/dags/e_commerce_dw_dag.py
[2025-02-12T09:16:05.702+0000] {logging_mixin.py:188} INFO - [2025-02-12T09:16:05.701+0000] {dag.py:3096} INFO - Sync 1 DAGs
[2025-02-12T09:16:05.733+0000] {logging_mixin.py:188} INFO - [2025-02-12T09:16:05.733+0000] {dag.py:3954} INFO - Setting next_dagrun for e_commerce_dw_etl to 2025-02-12 00:00:00+00:00, run_after=2025-02-13 00:00:00+00:00
[2025-02-12T09:16:05.764+0000] {processor.py:183} INFO - Processing /opt/airflow/dags/e_commerce_dw_dag.py took 0.179 seconds
[2025-02-12T09:16:35.894+0000] {processor.py:161} INFO - Started process (PID=214) to work on /opt/airflow/dags/e_commerce_dw_dag.py
[2025-02-12T09:16:35.897+0000] {processor.py:830} INFO - Processing file /opt/airflow/dags/e_commerce_dw_dag.py for tasks to queue
[2025-02-12T09:16:35.900+0000] {logging_mixin.py:188} INFO - [2025-02-12T09:16:35.899+0000] {dagbag.py:545} INFO - Filling up the DagBag from /opt/airflow/dags/e_commerce_dw_dag.py
[2025-02-12T09:16:36.009+0000] {processor.py:840} INFO - DAG(s) 'e_commerce_dw_etl' retrieved from /opt/airflow/dags/e_commerce_dw_dag.py
[2025-02-12T09:16:36.059+0000] {logging_mixin.py:188} INFO - [2025-02-12T09:16:36.059+0000] {dag.py:3096} INFO - Sync 1 DAGs
[2025-02-12T09:16:36.097+0000] {logging_mixin.py:188} INFO - [2025-02-12T09:16:36.097+0000] {dag.py:3954} INFO - Setting next_dagrun for e_commerce_dw_etl to 2025-02-12 00:00:00+00:00, run_after=2025-02-13 00:00:00+00:00
[2025-02-12T09:16:36.133+0000] {processor.py:183} INFO - Processing /opt/airflow/dags/e_commerce_dw_dag.py took 0.248 seconds
[2025-02-12T09:17:06.480+0000] {processor.py:161} INFO - Started process (PID=244) to work on /opt/airflow/dags/e_commerce_dw_dag.py
[2025-02-12T09:17:06.484+0000] {processor.py:830} INFO - Processing file /opt/airflow/dags/e_commerce_dw_dag.py for tasks to queue
[2025-02-12T09:17:06.487+0000] {logging_mixin.py:188} INFO - [2025-02-12T09:17:06.487+0000] {dagbag.py:545} INFO - Filling up the DagBag from /opt/airflow/dags/e_commerce_dw_dag.py
[2025-02-12T09:17:06.769+0000] {processor.py:840} INFO - DAG(s) 'e_commerce_dw_etl' retrieved from /opt/airflow/dags/e_commerce_dw_dag.py
[2025-02-12T09:17:06.870+0000] {logging_mixin.py:188} INFO - [2025-02-12T09:17:06.869+0000] {dag.py:3096} INFO - Sync 1 DAGs
[2025-02-12T09:17:06.929+0000] {logging_mixin.py:188} INFO - [2025-02-12T09:17:06.928+0000] {dag.py:3954} INFO - Setting next_dagrun for e_commerce_dw_etl to 2025-02-12 00:00:00+00:00, run_after=2025-02-13 00:00:00+00:00
[2025-02-12T09:17:07.003+0000] {processor.py:183} INFO - Processing /opt/airflow/dags/e_commerce_dw_dag.py took 0.539 seconds
[2025-02-12T09:17:37.502+0000] {processor.py:161} INFO - Started process (PID=274) to work on /opt/airflow/dags/e_commerce_dw_dag.py
[2025-02-12T09:17:37.513+0000] {processor.py:830} INFO - Processing file /opt/airflow/dags/e_commerce_dw_dag.py for tasks to queue
[2025-02-12T09:17:37.515+0000] {logging_mixin.py:188} INFO - [2025-02-12T09:17:37.515+0000] {dagbag.py:545} INFO - Filling up the DagBag from /opt/airflow/dags/e_commerce_dw_dag.py
[2025-02-12T09:17:37.814+0000] {processor.py:840} INFO - DAG(s) 'e_commerce_dw_etl' retrieved from /opt/airflow/dags/e_commerce_dw_dag.py
[2025-02-12T09:17:37.912+0000] {logging_mixin.py:188} INFO - [2025-02-12T09:17:37.912+0000] {dag.py:3096} INFO - Sync 1 DAGs
[2025-02-12T09:17:37.988+0000] {logging_mixin.py:188} INFO - [2025-02-12T09:17:37.987+0000] {dag.py:3954} INFO - Setting next_dagrun for e_commerce_dw_etl to 2025-02-12 00:00:00+00:00, run_after=2025-02-13 00:00:00+00:00
[2025-02-12T09:17:38.062+0000] {processor.py:183} INFO - Processing /opt/airflow/dags/e_commerce_dw_dag.py took 0.576 seconds
[2025-02-12T09:18:08.781+0000] {processor.py:161} INFO - Started process (PID=294) to work on /opt/airflow/dags/e_commerce_dw_dag.py
[2025-02-12T09:18:08.782+0000] {processor.py:830} INFO - Processing file /opt/airflow/dags/e_commerce_dw_dag.py for tasks to queue
[2025-02-12T09:18:08.783+0000] {logging_mixin.py:188} INFO - [2025-02-12T09:18:08.783+0000] {dagbag.py:545} INFO - Filling up the DagBag from /opt/airflow/dags/e_commerce_dw_dag.py
[2025-02-12T09:18:08.836+0000] {processor.py:840} INFO - DAG(s) 'e_commerce_dw_etl' retrieved from /opt/airflow/dags/e_commerce_dw_dag.py
[2025-02-12T09:18:08.866+0000] {logging_mixin.py:188} INFO - [2025-02-12T09:18:08.865+0000] {dag.py:3096} INFO - Sync 1 DAGs
[2025-02-12T09:18:08.886+0000] {logging_mixin.py:188} INFO - [2025-02-12T09:18:08.886+0000] {dag.py:3954} INFO - Setting next_dagrun for e_commerce_dw_etl to 2025-02-12 00:00:00+00:00, run_after=2025-02-13 00:00:00+00:00
[2025-02-12T09:18:08.910+0000] {processor.py:183} INFO - Processing /opt/airflow/dags/e_commerce_dw_dag.py took 0.135 seconds
[2025-02-12T09:18:39.080+0000] {processor.py:161} INFO - Started process (PID=310) to work on /opt/airflow/dags/e_commerce_dw_dag.py
[2025-02-12T09:18:39.081+0000] {processor.py:830} INFO - Processing file /opt/airflow/dags/e_commerce_dw_dag.py for tasks to queue
[2025-02-12T09:18:39.082+0000] {logging_mixin.py:188} INFO - [2025-02-12T09:18:39.082+0000] {dagbag.py:545} INFO - Filling up the DagBag from /opt/airflow/dags/e_commerce_dw_dag.py
[2025-02-12T09:18:39.135+0000] {processor.py:840} INFO - DAG(s) 'e_commerce_dw_etl' retrieved from /opt/airflow/dags/e_commerce_dw_dag.py
[2025-02-12T09:18:39.161+0000] {logging_mixin.py:188} INFO - [2025-02-12T09:18:39.161+0000] {dag.py:3096} INFO - Sync 1 DAGs
[2025-02-12T09:18:39.183+0000] {logging_mixin.py:188} INFO - [2025-02-12T09:18:39.183+0000] {dag.py:3954} INFO - Setting next_dagrun for e_commerce_dw_etl to 2025-02-12 00:00:00+00:00, run_after=2025-02-13 00:00:00+00:00
[2025-02-12T09:18:39.203+0000] {processor.py:183} INFO - Processing /opt/airflow/dags/e_commerce_dw_dag.py took 0.129 seconds
[2025-02-12T09:19:09.355+0000] {processor.py:161} INFO - Started process (PID=328) to work on /opt/airflow/dags/e_commerce_dw_dag.py
[2025-02-12T09:19:09.356+0000] {processor.py:830} INFO - Processing file /opt/airflow/dags/e_commerce_dw_dag.py for tasks to queue
[2025-02-12T09:19:09.357+0000] {logging_mixin.py:188} INFO - [2025-02-12T09:19:09.357+0000] {dagbag.py:545} INFO - Filling up the DagBag from /opt/airflow/dags/e_commerce_dw_dag.py
[2025-02-12T09:19:09.439+0000] {processor.py:840} INFO - DAG(s) 'e_commerce_dw_etl' retrieved from /opt/airflow/dags/e_commerce_dw_dag.py
[2025-02-12T09:19:09.491+0000] {logging_mixin.py:188} INFO - [2025-02-12T09:19:09.490+0000] {dag.py:3096} INFO - Sync 1 DAGs
[2025-02-12T09:19:09.535+0000] {logging_mixin.py:188} INFO - [2025-02-12T09:19:09.534+0000] {dag.py:3954} INFO - Setting next_dagrun for e_commerce_dw_etl to 2025-02-12 00:00:00+00:00, run_after=2025-02-13 00:00:00+00:00
[2025-02-12T09:19:09.572+0000] {processor.py:183} INFO - Processing /opt/airflow/dags/e_commerce_dw_dag.py took 0.225 seconds
[2025-02-12T09:19:39.671+0000] {processor.py:161} INFO - Started process (PID=344) to work on /opt/airflow/dags/e_commerce_dw_dag.py
[2025-02-12T09:19:39.673+0000] {processor.py:830} INFO - Processing file /opt/airflow/dags/e_commerce_dw_dag.py for tasks to queue
[2025-02-12T09:19:39.674+0000] {logging_mixin.py:188} INFO - [2025-02-12T09:19:39.673+0000] {dagbag.py:545} INFO - Filling up the DagBag from /opt/airflow/dags/e_commerce_dw_dag.py
[2025-02-12T09:19:39.778+0000] {processor.py:840} INFO - DAG(s) 'e_commerce_dw_etl' retrieved from /opt/airflow/dags/e_commerce_dw_dag.py
[2025-02-12T09:19:39.829+0000] {logging_mixin.py:188} INFO - [2025-02-12T09:19:39.829+0000] {dag.py:3096} INFO - Sync 1 DAGs
[2025-02-12T09:19:39.856+0000] {logging_mixin.py:188} INFO - [2025-02-12T09:19:39.856+0000] {dag.py:3954} INFO - Setting next_dagrun for e_commerce_dw_etl to 2025-02-12 00:00:00+00:00, run_after=2025-02-13 00:00:00+00:00
[2025-02-12T09:19:39.882+0000] {processor.py:183} INFO - Processing /opt/airflow/dags/e_commerce_dw_dag.py took 0.219 seconds
[2025-02-12T09:20:10.074+0000] {processor.py:161} INFO - Started process (PID=374) to work on /opt/airflow/dags/e_commerce_dw_dag.py
[2025-02-12T09:20:10.075+0000] {processor.py:830} INFO - Processing file /opt/airflow/dags/e_commerce_dw_dag.py for tasks to queue
[2025-02-12T09:20:10.076+0000] {logging_mixin.py:188} INFO - [2025-02-12T09:20:10.076+0000] {dagbag.py:545} INFO - Filling up the DagBag from /opt/airflow/dags/e_commerce_dw_dag.py
[2025-02-12T09:20:10.145+0000] {processor.py:840} INFO - DAG(s) 'e_commerce_dw_etl' retrieved from /opt/airflow/dags/e_commerce_dw_dag.py
[2025-02-12T09:20:10.180+0000] {logging_mixin.py:188} INFO - [2025-02-12T09:20:10.179+0000] {dag.py:3096} INFO - Sync 1 DAGs
[2025-02-12T09:20:10.204+0000] {logging_mixin.py:188} INFO - [2025-02-12T09:20:10.204+0000] {dag.py:3954} INFO - Setting next_dagrun for e_commerce_dw_etl to 2025-02-12 00:00:00+00:00, run_after=2025-02-13 00:00:00+00:00
[2025-02-12T09:20:10.228+0000] {processor.py:183} INFO - Processing /opt/airflow/dags/e_commerce_dw_dag.py took 0.160 seconds
[2025-02-12T09:20:40.730+0000] {processor.py:161} INFO - Started process (PID=390) to work on /opt/airflow/dags/e_commerce_dw_dag.py
[2025-02-12T09:20:40.735+0000] {processor.py:830} INFO - Processing file /opt/airflow/dags/e_commerce_dw_dag.py for tasks to queue
[2025-02-12T09:20:40.738+0000] {logging_mixin.py:188} INFO - [2025-02-12T09:20:40.738+0000] {dagbag.py:545} INFO - Filling up the DagBag from /opt/airflow/dags/e_commerce_dw_dag.py
[2025-02-12T09:20:40.947+0000] {processor.py:840} INFO - DAG(s) 'e_commerce_dw_etl' retrieved from /opt/airflow/dags/e_commerce_dw_dag.py
[2025-02-12T09:20:41.035+0000] {logging_mixin.py:188} INFO - [2025-02-12T09:20:41.034+0000] {dag.py:3096} INFO - Sync 1 DAGs
[2025-02-12T09:20:41.116+0000] {logging_mixin.py:188} INFO - [2025-02-12T09:20:41.115+0000] {dag.py:3954} INFO - Setting next_dagrun for e_commerce_dw_etl to 2025-02-12 00:00:00+00:00, run_after=2025-02-13 00:00:00+00:00
[2025-02-12T09:20:41.166+0000] {processor.py:183} INFO - Processing /opt/airflow/dags/e_commerce_dw_dag.py took 0.461 seconds
[2025-02-12T09:21:12.157+0000] {processor.py:161} INFO - Started process (PID=406) to work on /opt/airflow/dags/e_commerce_dw_dag.py
[2025-02-12T09:21:12.158+0000] {processor.py:830} INFO - Processing file /opt/airflow/dags/e_commerce_dw_dag.py for tasks to queue
[2025-02-12T09:21:12.159+0000] {logging_mixin.py:188} INFO - [2025-02-12T09:21:12.158+0000] {dagbag.py:545} INFO - Filling up the DagBag from /opt/airflow/dags/e_commerce_dw_dag.py
[2025-02-12T09:21:12.205+0000] {processor.py:840} INFO - DAG(s) 'e_commerce_dw_etl' retrieved from /opt/airflow/dags/e_commerce_dw_dag.py
[2025-02-12T09:21:12.230+0000] {logging_mixin.py:188} INFO - [2025-02-12T09:21:12.230+0000] {dag.py:3096} INFO - Sync 1 DAGs
[2025-02-12T09:21:12.248+0000] {logging_mixin.py:188} INFO - [2025-02-12T09:21:12.247+0000] {dag.py:3954} INFO - Setting next_dagrun for e_commerce_dw_etl to 2025-02-12 00:00:00+00:00, run_after=2025-02-13 00:00:00+00:00
[2025-02-12T09:21:12.270+0000] {processor.py:183} INFO - Processing /opt/airflow/dags/e_commerce_dw_dag.py took 0.119 seconds
[2025-02-12T09:21:42.438+0000] {processor.py:161} INFO - Started process (PID=422) to work on /opt/airflow/dags/e_commerce_dw_dag.py
[2025-02-12T09:21:42.439+0000] {processor.py:830} INFO - Processing file /opt/airflow/dags/e_commerce_dw_dag.py for tasks to queue
[2025-02-12T09:21:42.440+0000] {logging_mixin.py:188} INFO - [2025-02-12T09:21:42.440+0000] {dagbag.py:545} INFO - Filling up the DagBag from /opt/airflow/dags/e_commerce_dw_dag.py
[2025-02-12T09:21:42.492+0000] {processor.py:840} INFO - DAG(s) 'e_commerce_dw_etl' retrieved from /opt/airflow/dags/e_commerce_dw_dag.py
[2025-02-12T09:21:42.518+0000] {logging_mixin.py:188} INFO - [2025-02-12T09:21:42.518+0000] {dag.py:3096} INFO - Sync 1 DAGs
[2025-02-12T09:21:42.535+0000] {logging_mixin.py:188} INFO - [2025-02-12T09:21:42.535+0000] {dag.py:3954} INFO - Setting next_dagrun for e_commerce_dw_etl to 2025-02-12 00:00:00+00:00, run_after=2025-02-13 00:00:00+00:00
[2025-02-12T09:21:42.556+0000] {processor.py:183} INFO - Processing /opt/airflow/dags/e_commerce_dw_dag.py took 0.123 seconds
[2025-02-12T09:22:12.788+0000] {processor.py:161} INFO - Started process (PID=438) to work on /opt/airflow/dags/e_commerce_dw_dag.py
[2025-02-12T09:22:12.789+0000] {processor.py:830} INFO - Processing file /opt/airflow/dags/e_commerce_dw_dag.py for tasks to queue
[2025-02-12T09:22:12.790+0000] {logging_mixin.py:188} INFO - [2025-02-12T09:22:12.789+0000] {dagbag.py:545} INFO - Filling up the DagBag from /opt/airflow/dags/e_commerce_dw_dag.py
[2025-02-12T09:22:12.853+0000] {processor.py:840} INFO - DAG(s) 'e_commerce_dw_etl' retrieved from /opt/airflow/dags/e_commerce_dw_dag.py
[2025-02-12T09:22:12.883+0000] {logging_mixin.py:188} INFO - [2025-02-12T09:22:12.883+0000] {dag.py:3096} INFO - Sync 1 DAGs
[2025-02-12T09:22:12.903+0000] {logging_mixin.py:188} INFO - [2025-02-12T09:22:12.903+0000] {dag.py:3954} INFO - Setting next_dagrun for e_commerce_dw_etl to 2025-02-12 00:00:00+00:00, run_after=2025-02-13 00:00:00+00:00
[2025-02-12T09:22:12.926+0000] {processor.py:183} INFO - Processing /opt/airflow/dags/e_commerce_dw_dag.py took 0.144 seconds
[2025-02-12T09:22:43.102+0000] {processor.py:161} INFO - Started process (PID=454) to work on /opt/airflow/dags/e_commerce_dw_dag.py
[2025-02-12T09:22:43.103+0000] {processor.py:830} INFO - Processing file /opt/airflow/dags/e_commerce_dw_dag.py for tasks to queue
[2025-02-12T09:22:43.104+0000] {logging_mixin.py:188} INFO - [2025-02-12T09:22:43.104+0000] {dagbag.py:545} INFO - Filling up the DagBag from /opt/airflow/dags/e_commerce_dw_dag.py
[2025-02-12T09:22:43.154+0000] {processor.py:840} INFO - DAG(s) 'e_commerce_dw_etl' retrieved from /opt/airflow/dags/e_commerce_dw_dag.py
[2025-02-12T09:22:43.178+0000] {logging_mixin.py:188} INFO - [2025-02-12T09:22:43.178+0000] {dag.py:3096} INFO - Sync 1 DAGs
[2025-02-12T09:22:43.196+0000] {logging_mixin.py:188} INFO - [2025-02-12T09:22:43.195+0000] {dag.py:3954} INFO - Setting next_dagrun for e_commerce_dw_etl to 2025-02-12 00:00:00+00:00, run_after=2025-02-13 00:00:00+00:00
[2025-02-12T09:22:43.215+0000] {processor.py:183} INFO - Processing /opt/airflow/dags/e_commerce_dw_dag.py took 0.118 seconds
[2025-02-12T09:23:13.365+0000] {processor.py:161} INFO - Started process (PID=470) to work on /opt/airflow/dags/e_commerce_dw_dag.py
[2025-02-12T09:23:13.366+0000] {processor.py:830} INFO - Processing file /opt/airflow/dags/e_commerce_dw_dag.py for tasks to queue
[2025-02-12T09:23:13.367+0000] {logging_mixin.py:188} INFO - [2025-02-12T09:23:13.366+0000] {dagbag.py:545} INFO - Filling up the DagBag from /opt/airflow/dags/e_commerce_dw_dag.py
[2025-02-12T09:23:13.430+0000] {processor.py:840} INFO - DAG(s) 'e_commerce_dw_etl' retrieved from /opt/airflow/dags/e_commerce_dw_dag.py
[2025-02-12T09:23:13.464+0000] {logging_mixin.py:188} INFO - [2025-02-12T09:23:13.463+0000] {dag.py:3096} INFO - Sync 1 DAGs
[2025-02-12T09:23:13.483+0000] {logging_mixin.py:188} INFO - [2025-02-12T09:23:13.483+0000] {dag.py:3954} INFO - Setting next_dagrun for e_commerce_dw_etl to 2025-02-12 00:00:00+00:00, run_after=2025-02-13 00:00:00+00:00
[2025-02-12T09:23:13.504+0000] {processor.py:183} INFO - Processing /opt/airflow/dags/e_commerce_dw_dag.py took 0.145 seconds
[2025-02-12T09:23:43.662+0000] {processor.py:161} INFO - Started process (PID=486) to work on /opt/airflow/dags/e_commerce_dw_dag.py
[2025-02-12T09:23:43.663+0000] {processor.py:830} INFO - Processing file /opt/airflow/dags/e_commerce_dw_dag.py for tasks to queue
[2025-02-12T09:23:43.664+0000] {logging_mixin.py:188} INFO - [2025-02-12T09:23:43.664+0000] {dagbag.py:545} INFO - Filling up the DagBag from /opt/airflow/dags/e_commerce_dw_dag.py
[2025-02-12T09:23:43.708+0000] {processor.py:840} INFO - DAG(s) 'e_commerce_dw_etl' retrieved from /opt/airflow/dags/e_commerce_dw_dag.py
[2025-02-12T09:23:43.735+0000] {logging_mixin.py:188} INFO - [2025-02-12T09:23:43.735+0000] {dag.py:3096} INFO - Sync 1 DAGs
[2025-02-12T09:23:43.756+0000] {logging_mixin.py:188} INFO - [2025-02-12T09:23:43.756+0000] {dag.py:3954} INFO - Setting next_dagrun for e_commerce_dw_etl to 2025-02-12 00:00:00+00:00, run_after=2025-02-13 00:00:00+00:00
[2025-02-12T09:23:43.783+0000] {processor.py:183} INFO - Processing /opt/airflow/dags/e_commerce_dw_dag.py took 0.126 seconds
[2025-02-12T09:24:13.967+0000] {processor.py:161} INFO - Started process (PID=502) to work on /opt/airflow/dags/e_commerce_dw_dag.py
[2025-02-12T09:24:13.968+0000] {processor.py:830} INFO - Processing file /opt/airflow/dags/e_commerce_dw_dag.py for tasks to queue
[2025-02-12T09:24:13.969+0000] {logging_mixin.py:188} INFO - [2025-02-12T09:24:13.969+0000] {dagbag.py:545} INFO - Filling up the DagBag from /opt/airflow/dags/e_commerce_dw_dag.py
[2025-02-12T09:24:14.018+0000] {processor.py:840} INFO - DAG(s) 'e_commerce_dw_etl' retrieved from /opt/airflow/dags/e_commerce_dw_dag.py
[2025-02-12T09:24:14.043+0000] {logging_mixin.py:188} INFO - [2025-02-12T09:24:14.043+0000] {dag.py:3096} INFO - Sync 1 DAGs
[2025-02-12T09:24:14.060+0000] {logging_mixin.py:188} INFO - [2025-02-12T09:24:14.060+0000] {dag.py:3954} INFO - Setting next_dagrun for e_commerce_dw_etl to 2025-02-12 00:00:00+00:00, run_after=2025-02-13 00:00:00+00:00
[2025-02-12T09:24:14.081+0000] {processor.py:183} INFO - Processing /opt/airflow/dags/e_commerce_dw_dag.py took 0.120 seconds
[2025-02-12T09:26:00.908+0000] {processor.py:161} INFO - Started process (PID=179) to work on /opt/airflow/dags/e_commerce_dw_dag.py
[2025-02-12T09:26:00.909+0000] {processor.py:830} INFO - Processing file /opt/airflow/dags/e_commerce_dw_dag.py for tasks to queue
[2025-02-12T09:26:00.910+0000] {logging_mixin.py:188} INFO - [2025-02-12T09:26:00.910+0000] {dagbag.py:545} INFO - Filling up the DagBag from /opt/airflow/dags/e_commerce_dw_dag.py
[2025-02-12T09:26:00.979+0000] {processor.py:840} INFO - DAG(s) 'e_commerce_dw_etl' retrieved from /opt/airflow/dags/e_commerce_dw_dag.py
[2025-02-12T09:26:01.186+0000] {logging_mixin.py:188} INFO - [2025-02-12T09:26:01.185+0000] {dag.py:3096} INFO - Sync 1 DAGs
[2025-02-12T09:26:01.207+0000] {logging_mixin.py:188} INFO - [2025-02-12T09:26:01.207+0000] {dag.py:3954} INFO - Setting next_dagrun for e_commerce_dw_etl to 2025-02-12 00:00:00+00:00, run_after=2025-02-13 00:00:00+00:00
[2025-02-12T09:26:01.228+0000] {processor.py:183} INFO - Processing /opt/airflow/dags/e_commerce_dw_dag.py took 0.325 seconds
[2025-02-12T09:26:31.311+0000] {processor.py:161} INFO - Started process (PID=202) to work on /opt/airflow/dags/e_commerce_dw_dag.py
[2025-02-12T09:26:31.313+0000] {processor.py:830} INFO - Processing file /opt/airflow/dags/e_commerce_dw_dag.py for tasks to queue
[2025-02-12T09:26:31.316+0000] {logging_mixin.py:188} INFO - [2025-02-12T09:26:31.315+0000] {dagbag.py:545} INFO - Filling up the DagBag from /opt/airflow/dags/e_commerce_dw_dag.py
[2025-02-12T09:26:31.415+0000] {processor.py:840} INFO - DAG(s) 'e_commerce_dw_etl' retrieved from /opt/airflow/dags/e_commerce_dw_dag.py
[2025-02-12T09:26:31.470+0000] {logging_mixin.py:188} INFO - [2025-02-12T09:26:31.469+0000] {dag.py:3096} INFO - Sync 1 DAGs
[2025-02-12T09:26:31.514+0000] {logging_mixin.py:188} INFO - [2025-02-12T09:26:31.514+0000] {dag.py:3954} INFO - Setting next_dagrun for e_commerce_dw_etl to 2025-02-12 00:00:00+00:00, run_after=2025-02-13 00:00:00+00:00
[2025-02-12T09:26:31.551+0000] {processor.py:183} INFO - Processing /opt/airflow/dags/e_commerce_dw_dag.py took 0.250 seconds
[2025-02-12T09:27:01.649+0000] {processor.py:161} INFO - Started process (PID=218) to work on /opt/airflow/dags/e_commerce_dw_dag.py
[2025-02-12T09:27:01.651+0000] {processor.py:830} INFO - Processing file /opt/airflow/dags/e_commerce_dw_dag.py for tasks to queue
[2025-02-12T09:27:01.652+0000] {logging_mixin.py:188} INFO - [2025-02-12T09:27:01.652+0000] {dagbag.py:545} INFO - Filling up the DagBag from /opt/airflow/dags/e_commerce_dw_dag.py
[2025-02-12T09:27:01.746+0000] {processor.py:840} INFO - DAG(s) 'e_commerce_dw_etl' retrieved from /opt/airflow/dags/e_commerce_dw_dag.py
[2025-02-12T09:27:01.798+0000] {logging_mixin.py:188} INFO - [2025-02-12T09:27:01.797+0000] {dag.py:3096} INFO - Sync 1 DAGs
[2025-02-12T09:27:01.833+0000] {logging_mixin.py:188} INFO - [2025-02-12T09:27:01.833+0000] {dag.py:3954} INFO - Setting next_dagrun for e_commerce_dw_etl to 2025-02-12 00:00:00+00:00, run_after=2025-02-13 00:00:00+00:00
[2025-02-12T09:27:01.862+0000] {processor.py:183} INFO - Processing /opt/airflow/dags/e_commerce_dw_dag.py took 0.222 seconds
[2025-02-12T09:27:31.997+0000] {processor.py:161} INFO - Started process (PID=234) to work on /opt/airflow/dags/e_commerce_dw_dag.py
[2025-02-12T09:27:31.999+0000] {processor.py:830} INFO - Processing file /opt/airflow/dags/e_commerce_dw_dag.py for tasks to queue
[2025-02-12T09:27:32.000+0000] {logging_mixin.py:188} INFO - [2025-02-12T09:27:32.000+0000] {dagbag.py:545} INFO - Filling up the DagBag from /opt/airflow/dags/e_commerce_dw_dag.py
[2025-02-12T09:27:32.092+0000] {processor.py:840} INFO - DAG(s) 'e_commerce_dw_etl' retrieved from /opt/airflow/dags/e_commerce_dw_dag.py
[2025-02-12T09:27:32.144+0000] {logging_mixin.py:188} INFO - [2025-02-12T09:27:32.144+0000] {dag.py:3096} INFO - Sync 1 DAGs
[2025-02-12T09:27:32.181+0000] {logging_mixin.py:188} INFO - [2025-02-12T09:27:32.180+0000] {dag.py:3954} INFO - Setting next_dagrun for e_commerce_dw_etl to 2025-02-12 00:00:00+00:00, run_after=2025-02-13 00:00:00+00:00
[2025-02-12T09:27:32.207+0000] {processor.py:183} INFO - Processing /opt/airflow/dags/e_commerce_dw_dag.py took 0.218 seconds
[2025-02-12T09:28:02.263+0000] {processor.py:161} INFO - Started process (PID=259) to work on /opt/airflow/dags/e_commerce_dw_dag.py
[2025-02-12T09:28:02.264+0000] {processor.py:830} INFO - Processing file /opt/airflow/dags/e_commerce_dw_dag.py for tasks to queue
[2025-02-12T09:28:02.265+0000] {logging_mixin.py:188} INFO - [2025-02-12T09:28:02.265+0000] {dagbag.py:545} INFO - Filling up the DagBag from /opt/airflow/dags/e_commerce_dw_dag.py
[2025-02-12T09:28:02.363+0000] {processor.py:840} INFO - DAG(s) 'e_commerce_dw_etl' retrieved from /opt/airflow/dags/e_commerce_dw_dag.py
[2025-02-12T09:28:02.411+0000] {logging_mixin.py:188} INFO - [2025-02-12T09:28:02.410+0000] {dag.py:3096} INFO - Sync 1 DAGs
[2025-02-12T09:28:02.445+0000] {logging_mixin.py:188} INFO - [2025-02-12T09:28:02.445+0000] {dag.py:3954} INFO - Setting next_dagrun for e_commerce_dw_etl to 2025-02-12 00:00:00+00:00, run_after=2025-02-13 00:00:00+00:00
[2025-02-12T09:28:02.480+0000] {processor.py:183} INFO - Processing /opt/airflow/dags/e_commerce_dw_dag.py took 0.225 seconds
[2025-02-12T09:28:32.601+0000] {processor.py:161} INFO - Started process (PID=275) to work on /opt/airflow/dags/e_commerce_dw_dag.py
[2025-02-12T09:28:32.603+0000] {processor.py:830} INFO - Processing file /opt/airflow/dags/e_commerce_dw_dag.py for tasks to queue
[2025-02-12T09:28:32.604+0000] {logging_mixin.py:188} INFO - [2025-02-12T09:28:32.604+0000] {dagbag.py:545} INFO - Filling up the DagBag from /opt/airflow/dags/e_commerce_dw_dag.py
[2025-02-12T09:28:32.671+0000] {processor.py:840} INFO - DAG(s) 'e_commerce_dw_etl' retrieved from /opt/airflow/dags/e_commerce_dw_dag.py
[2025-02-12T09:28:32.696+0000] {logging_mixin.py:188} INFO - [2025-02-12T09:28:32.696+0000] {dag.py:3096} INFO - Sync 1 DAGs
[2025-02-12T09:28:32.715+0000] {logging_mixin.py:188} INFO - [2025-02-12T09:28:32.715+0000] {dag.py:3954} INFO - Setting next_dagrun for e_commerce_dw_etl to 2025-02-12 00:00:00+00:00, run_after=2025-02-13 00:00:00+00:00
[2025-02-12T09:28:32.738+0000] {processor.py:183} INFO - Processing /opt/airflow/dags/e_commerce_dw_dag.py took 0.144 seconds
[2025-02-12T09:30:06.735+0000] {processor.py:161} INFO - Started process (PID=179) to work on /opt/airflow/dags/e_commerce_dw_dag.py
[2025-02-12T09:30:06.736+0000] {processor.py:830} INFO - Processing file /opt/airflow/dags/e_commerce_dw_dag.py for tasks to queue
[2025-02-12T09:30:06.738+0000] {logging_mixin.py:188} INFO - [2025-02-12T09:30:06.737+0000] {dagbag.py:545} INFO - Filling up the DagBag from /opt/airflow/dags/e_commerce_dw_dag.py
[2025-02-12T09:30:06.826+0000] {processor.py:840} INFO - DAG(s) 'e_commerce_dw_etl' retrieved from /opt/airflow/dags/e_commerce_dw_dag.py
[2025-02-12T09:30:07.031+0000] {logging_mixin.py:188} INFO - [2025-02-12T09:30:07.031+0000] {dag.py:3096} INFO - Sync 1 DAGs
[2025-02-12T09:30:07.054+0000] {logging_mixin.py:188} INFO - [2025-02-12T09:30:07.053+0000] {dag.py:3954} INFO - Setting next_dagrun for e_commerce_dw_etl to 2025-02-12 00:00:00+00:00, run_after=2025-02-13 00:00:00+00:00
[2025-02-12T09:30:07.080+0000] {processor.py:183} INFO - Processing /opt/airflow/dags/e_commerce_dw_dag.py took 0.352 seconds
[2025-02-12T09:30:38.061+0000] {processor.py:161} INFO - Started process (PID=202) to work on /opt/airflow/dags/e_commerce_dw_dag.py
[2025-02-12T09:30:38.062+0000] {processor.py:830} INFO - Processing file /opt/airflow/dags/e_commerce_dw_dag.py for tasks to queue
[2025-02-12T09:30:38.063+0000] {logging_mixin.py:188} INFO - [2025-02-12T09:30:38.063+0000] {dagbag.py:545} INFO - Filling up the DagBag from /opt/airflow/dags/e_commerce_dw_dag.py
[2025-02-12T09:30:38.126+0000] {processor.py:840} INFO - DAG(s) 'e_commerce_dw_etl' retrieved from /opt/airflow/dags/e_commerce_dw_dag.py
[2025-02-12T09:30:38.161+0000] {logging_mixin.py:188} INFO - [2025-02-12T09:30:38.160+0000] {dag.py:3096} INFO - Sync 1 DAGs
[2025-02-12T09:30:38.187+0000] {logging_mixin.py:188} INFO - [2025-02-12T09:30:38.187+0000] {dag.py:3954} INFO - Setting next_dagrun for e_commerce_dw_etl to 2025-02-12 00:00:00+00:00, run_after=2025-02-13 00:00:00+00:00
[2025-02-12T09:30:38.210+0000] {processor.py:183} INFO - Processing /opt/airflow/dags/e_commerce_dw_dag.py took 0.155 seconds
[2025-02-12T09:31:08.408+0000] {processor.py:161} INFO - Started process (PID=218) to work on /opt/airflow/dags/e_commerce_dw_dag.py
[2025-02-12T09:31:08.410+0000] {processor.py:830} INFO - Processing file /opt/airflow/dags/e_commerce_dw_dag.py for tasks to queue
[2025-02-12T09:31:08.411+0000] {logging_mixin.py:188} INFO - [2025-02-12T09:31:08.411+0000] {dagbag.py:545} INFO - Filling up the DagBag from /opt/airflow/dags/e_commerce_dw_dag.py
[2025-02-12T09:31:08.505+0000] {processor.py:840} INFO - DAG(s) 'e_commerce_dw_etl' retrieved from /opt/airflow/dags/e_commerce_dw_dag.py
[2025-02-12T09:31:08.550+0000] {logging_mixin.py:188} INFO - [2025-02-12T09:31:08.550+0000] {dag.py:3096} INFO - Sync 1 DAGs
[2025-02-12T09:31:08.579+0000] {logging_mixin.py:188} INFO - [2025-02-12T09:31:08.579+0000] {dag.py:3954} INFO - Setting next_dagrun for e_commerce_dw_etl to 2025-02-12 00:00:00+00:00, run_after=2025-02-13 00:00:00+00:00
[2025-02-12T09:31:08.607+0000] {processor.py:183} INFO - Processing /opt/airflow/dags/e_commerce_dw_dag.py took 0.207 seconds
[2025-02-12T09:31:38.802+0000] {processor.py:161} INFO - Started process (PID=234) to work on /opt/airflow/dags/e_commerce_dw_dag.py
[2025-02-12T09:31:38.804+0000] {processor.py:830} INFO - Processing file /opt/airflow/dags/e_commerce_dw_dag.py for tasks to queue
[2025-02-12T09:31:38.807+0000] {logging_mixin.py:188} INFO - [2025-02-12T09:31:38.806+0000] {dagbag.py:545} INFO - Filling up the DagBag from /opt/airflow/dags/e_commerce_dw_dag.py
[2025-02-12T09:31:39.060+0000] {processor.py:840} INFO - DAG(s) 'e_commerce_dw_etl' retrieved from /opt/airflow/dags/e_commerce_dw_dag.py
[2025-02-12T09:31:39.148+0000] {logging_mixin.py:188} INFO - [2025-02-12T09:31:39.147+0000] {dag.py:3096} INFO - Sync 1 DAGs
[2025-02-12T09:31:39.220+0000] {logging_mixin.py:188} INFO - [2025-02-12T09:31:39.220+0000] {dag.py:3954} INFO - Setting next_dagrun for e_commerce_dw_etl to 2025-02-12 00:00:00+00:00, run_after=2025-02-13 00:00:00+00:00
[2025-02-12T09:31:39.294+0000] {processor.py:183} INFO - Processing /opt/airflow/dags/e_commerce_dw_dag.py took 0.515 seconds
[2025-02-12T09:32:10.221+0000] {processor.py:161} INFO - Started process (PID=271) to work on /opt/airflow/dags/e_commerce_dw_dag.py
[2025-02-12T09:32:10.222+0000] {processor.py:830} INFO - Processing file /opt/airflow/dags/e_commerce_dw_dag.py for tasks to queue
[2025-02-12T09:32:10.223+0000] {logging_mixin.py:188} INFO - [2025-02-12T09:32:10.222+0000] {dagbag.py:545} INFO - Filling up the DagBag from /opt/airflow/dags/e_commerce_dw_dag.py
[2025-02-12T09:32:10.281+0000] {processor.py:840} INFO - DAG(s) 'e_commerce_dw_etl' retrieved from /opt/airflow/dags/e_commerce_dw_dag.py
[2025-02-12T09:32:10.308+0000] {logging_mixin.py:188} INFO - [2025-02-12T09:32:10.308+0000] {dag.py:3096} INFO - Sync 1 DAGs
[2025-02-12T09:32:10.327+0000] {logging_mixin.py:188} INFO - [2025-02-12T09:32:10.327+0000] {dag.py:3954} INFO - Setting next_dagrun for e_commerce_dw_etl to 2025-02-12 00:00:00+00:00, run_after=2025-02-13 00:00:00+00:00
[2025-02-12T09:32:10.354+0000] {processor.py:183} INFO - Processing /opt/airflow/dags/e_commerce_dw_dag.py took 0.139 seconds
[2025-02-12T09:32:40.523+0000] {processor.py:161} INFO - Started process (PID=287) to work on /opt/airflow/dags/e_commerce_dw_dag.py
[2025-02-12T09:32:40.525+0000] {processor.py:830} INFO - Processing file /opt/airflow/dags/e_commerce_dw_dag.py for tasks to queue
[2025-02-12T09:32:40.526+0000] {logging_mixin.py:188} INFO - [2025-02-12T09:32:40.526+0000] {dagbag.py:545} INFO - Filling up the DagBag from /opt/airflow/dags/e_commerce_dw_dag.py
[2025-02-12T09:32:40.577+0000] {processor.py:840} INFO - DAG(s) 'e_commerce_dw_etl' retrieved from /opt/airflow/dags/e_commerce_dw_dag.py
[2025-02-12T09:32:40.603+0000] {logging_mixin.py:188} INFO - [2025-02-12T09:32:40.603+0000] {dag.py:3096} INFO - Sync 1 DAGs
[2025-02-12T09:32:40.623+0000] {logging_mixin.py:188} INFO - [2025-02-12T09:32:40.623+0000] {dag.py:3954} INFO - Setting next_dagrun for e_commerce_dw_etl to 2025-02-12 00:00:00+00:00, run_after=2025-02-13 00:00:00+00:00
[2025-02-12T09:32:40.645+0000] {processor.py:183} INFO - Processing /opt/airflow/dags/e_commerce_dw_dag.py took 0.128 seconds
[2025-02-12T09:33:10.807+0000] {processor.py:161} INFO - Started process (PID=304) to work on /opt/airflow/dags/e_commerce_dw_dag.py
[2025-02-12T09:33:10.808+0000] {processor.py:830} INFO - Processing file /opt/airflow/dags/e_commerce_dw_dag.py for tasks to queue
[2025-02-12T09:33:10.810+0000] {logging_mixin.py:188} INFO - [2025-02-12T09:33:10.809+0000] {dagbag.py:545} INFO - Filling up the DagBag from /opt/airflow/dags/e_commerce_dw_dag.py
[2025-02-12T09:33:10.870+0000] {processor.py:840} INFO - DAG(s) 'e_commerce_dw_etl' retrieved from /opt/airflow/dags/e_commerce_dw_dag.py
[2025-02-12T09:33:10.905+0000] {logging_mixin.py:188} INFO - [2025-02-12T09:33:10.905+0000] {dag.py:3096} INFO - Sync 1 DAGs
[2025-02-12T09:33:10.938+0000] {logging_mixin.py:188} INFO - [2025-02-12T09:33:10.937+0000] {dag.py:3954} INFO - Setting next_dagrun for e_commerce_dw_etl to 2025-02-12 00:00:00+00:00, run_after=2025-02-13 00:00:00+00:00
[2025-02-12T09:33:10.980+0000] {processor.py:183} INFO - Processing /opt/airflow/dags/e_commerce_dw_dag.py took 0.179 seconds
[2025-02-12T09:34:13.480+0000] {processor.py:161} INFO - Started process (PID=178) to work on /opt/airflow/dags/e_commerce_dw_dag.py
[2025-02-12T09:34:13.481+0000] {processor.py:830} INFO - Processing file /opt/airflow/dags/e_commerce_dw_dag.py for tasks to queue
[2025-02-12T09:34:13.482+0000] {logging_mixin.py:188} INFO - [2025-02-12T09:34:13.482+0000] {dagbag.py:545} INFO - Filling up the DagBag from /opt/airflow/dags/e_commerce_dw_dag.py
[2025-02-12T09:34:13.552+0000] {processor.py:840} INFO - DAG(s) 'e_commerce_dw_etl' retrieved from /opt/airflow/dags/e_commerce_dw_dag.py
[2025-02-12T09:34:13.779+0000] {logging_mixin.py:188} INFO - [2025-02-12T09:34:13.779+0000] {dag.py:3096} INFO - Sync 1 DAGs
[2025-02-12T09:34:13.799+0000] {logging_mixin.py:188} INFO - [2025-02-12T09:34:13.799+0000] {dag.py:3954} INFO - Setting next_dagrun for e_commerce_dw_etl to 2025-02-12 00:00:00+00:00, run_after=2025-02-13 00:00:00+00:00
[2025-02-12T09:34:13.821+0000] {processor.py:183} INFO - Processing /opt/airflow/dags/e_commerce_dw_dag.py took 0.347 seconds
[2025-02-12T09:34:43.905+0000] {processor.py:161} INFO - Started process (PID=199) to work on /opt/airflow/dags/e_commerce_dw_dag.py
[2025-02-12T09:34:43.906+0000] {processor.py:830} INFO - Processing file /opt/airflow/dags/e_commerce_dw_dag.py for tasks to queue
[2025-02-12T09:34:43.907+0000] {logging_mixin.py:188} INFO - [2025-02-12T09:34:43.907+0000] {dagbag.py:545} INFO - Filling up the DagBag from /opt/airflow/dags/e_commerce_dw_dag.py
[2025-02-12T09:34:43.959+0000] {processor.py:840} INFO - DAG(s) 'e_commerce_dw_etl' retrieved from /opt/airflow/dags/e_commerce_dw_dag.py
[2025-02-12T09:34:43.989+0000] {logging_mixin.py:188} INFO - [2025-02-12T09:34:43.989+0000] {dag.py:3096} INFO - Sync 1 DAGs
[2025-02-12T09:34:44.011+0000] {logging_mixin.py:188} INFO - [2025-02-12T09:34:44.010+0000] {dag.py:3954} INFO - Setting next_dagrun for e_commerce_dw_etl to 2025-02-12 00:00:00+00:00, run_after=2025-02-13 00:00:00+00:00
[2025-02-12T09:34:44.033+0000] {processor.py:183} INFO - Processing /opt/airflow/dags/e_commerce_dw_dag.py took 0.133 seconds
[2025-02-12T09:35:14.135+0000] {processor.py:161} INFO - Started process (PID=212) to work on /opt/airflow/dags/e_commerce_dw_dag.py
[2025-02-12T09:35:14.136+0000] {processor.py:830} INFO - Processing file /opt/airflow/dags/e_commerce_dw_dag.py for tasks to queue
[2025-02-12T09:35:14.138+0000] {logging_mixin.py:188} INFO - [2025-02-12T09:35:14.137+0000] {dagbag.py:545} INFO - Filling up the DagBag from /opt/airflow/dags/e_commerce_dw_dag.py
[2025-02-12T09:35:14.226+0000] {processor.py:840} INFO - DAG(s) 'e_commerce_dw_etl' retrieved from /opt/airflow/dags/e_commerce_dw_dag.py
[2025-02-12T09:35:14.266+0000] {logging_mixin.py:188} INFO - [2025-02-12T09:35:14.266+0000] {dag.py:3096} INFO - Sync 1 DAGs
[2025-02-12T09:35:14.295+0000] {logging_mixin.py:188} INFO - [2025-02-12T09:35:14.295+0000] {dag.py:3954} INFO - Setting next_dagrun for e_commerce_dw_etl to 2025-02-12 00:00:00+00:00, run_after=2025-02-13 00:00:00+00:00
[2025-02-12T09:35:14.322+0000] {processor.py:183} INFO - Processing /opt/airflow/dags/e_commerce_dw_dag.py took 0.196 seconds
[2025-02-12T09:35:44.461+0000] {processor.py:161} INFO - Started process (PID=228) to work on /opt/airflow/dags/e_commerce_dw_dag.py
[2025-02-12T09:35:44.462+0000] {processor.py:830} INFO - Processing file /opt/airflow/dags/e_commerce_dw_dag.py for tasks to queue
[2025-02-12T09:35:44.464+0000] {logging_mixin.py:188} INFO - [2025-02-12T09:35:44.463+0000] {dagbag.py:545} INFO - Filling up the DagBag from /opt/airflow/dags/e_commerce_dw_dag.py
[2025-02-12T09:35:44.559+0000] {processor.py:840} INFO - DAG(s) 'e_commerce_dw_etl' retrieved from /opt/airflow/dags/e_commerce_dw_dag.py
[2025-02-12T09:35:44.603+0000] {logging_mixin.py:188} INFO - [2025-02-12T09:35:44.603+0000] {dag.py:3096} INFO - Sync 1 DAGs
[2025-02-12T09:35:44.628+0000] {logging_mixin.py:188} INFO - [2025-02-12T09:35:44.628+0000] {dag.py:3954} INFO - Setting next_dagrun for e_commerce_dw_etl to 2025-02-12 00:00:00+00:00, run_after=2025-02-13 00:00:00+00:00
[2025-02-12T09:35:44.654+0000] {processor.py:183} INFO - Processing /opt/airflow/dags/e_commerce_dw_dag.py took 0.203 seconds
[2025-02-12T09:36:14.889+0000] {processor.py:161} INFO - Started process (PID=258) to work on /opt/airflow/dags/e_commerce_dw_dag.py
[2025-02-12T09:36:14.890+0000] {processor.py:830} INFO - Processing file /opt/airflow/dags/e_commerce_dw_dag.py for tasks to queue
[2025-02-12T09:36:14.891+0000] {logging_mixin.py:188} INFO - [2025-02-12T09:36:14.891+0000] {dagbag.py:545} INFO - Filling up the DagBag from /opt/airflow/dags/e_commerce_dw_dag.py
[2025-02-12T09:36:14.946+0000] {processor.py:840} INFO - DAG(s) 'e_commerce_dw_etl' retrieved from /opt/airflow/dags/e_commerce_dw_dag.py
[2025-02-12T09:36:14.972+0000] {logging_mixin.py:188} INFO - [2025-02-12T09:36:14.972+0000] {dag.py:3096} INFO - Sync 1 DAGs
[2025-02-12T09:36:14.990+0000] {logging_mixin.py:188} INFO - [2025-02-12T09:36:14.990+0000] {dag.py:3954} INFO - Setting next_dagrun for e_commerce_dw_etl to 2025-02-12 00:00:00+00:00, run_after=2025-02-13 00:00:00+00:00
[2025-02-12T09:36:15.012+0000] {processor.py:183} INFO - Processing /opt/airflow/dags/e_commerce_dw_dag.py took 0.131 seconds
[2025-02-12T09:36:45.258+0000] {processor.py:161} INFO - Started process (PID=274) to work on /opt/airflow/dags/e_commerce_dw_dag.py
[2025-02-12T09:36:45.259+0000] {processor.py:830} INFO - Processing file /opt/airflow/dags/e_commerce_dw_dag.py for tasks to queue
[2025-02-12T09:36:45.260+0000] {logging_mixin.py:188} INFO - [2025-02-12T09:36:45.259+0000] {dagbag.py:545} INFO - Filling up the DagBag from /opt/airflow/dags/e_commerce_dw_dag.py
[2025-02-12T09:36:45.318+0000] {processor.py:840} INFO - DAG(s) 'e_commerce_dw_etl' retrieved from /opt/airflow/dags/e_commerce_dw_dag.py
[2025-02-12T09:36:45.343+0000] {logging_mixin.py:188} INFO - [2025-02-12T09:36:45.343+0000] {dag.py:3096} INFO - Sync 1 DAGs
[2025-02-12T09:36:45.362+0000] {logging_mixin.py:188} INFO - [2025-02-12T09:36:45.362+0000] {dag.py:3954} INFO - Setting next_dagrun for e_commerce_dw_etl to 2025-02-12 00:00:00+00:00, run_after=2025-02-13 00:00:00+00:00
[2025-02-12T09:36:45.385+0000] {processor.py:183} INFO - Processing /opt/airflow/dags/e_commerce_dw_dag.py took 0.133 seconds
[2025-02-12T09:37:15.660+0000] {processor.py:161} INFO - Started process (PID=290) to work on /opt/airflow/dags/e_commerce_dw_dag.py
[2025-02-12T09:37:15.666+0000] {processor.py:830} INFO - Processing file /opt/airflow/dags/e_commerce_dw_dag.py for tasks to queue
[2025-02-12T09:37:15.667+0000] {logging_mixin.py:188} INFO - [2025-02-12T09:37:15.667+0000] {dagbag.py:545} INFO - Filling up the DagBag from /opt/airflow/dags/e_commerce_dw_dag.py
[2025-02-12T09:37:15.735+0000] {processor.py:840} INFO - DAG(s) 'e_commerce_dw_etl' retrieved from /opt/airflow/dags/e_commerce_dw_dag.py
[2025-02-12T09:37:15.763+0000] {logging_mixin.py:188} INFO - [2025-02-12T09:37:15.763+0000] {dag.py:3096} INFO - Sync 1 DAGs
[2025-02-12T09:37:15.781+0000] {logging_mixin.py:188} INFO - [2025-02-12T09:37:15.781+0000] {dag.py:3954} INFO - Setting next_dagrun for e_commerce_dw_etl to 2025-02-12 00:00:00+00:00, run_after=2025-02-13 00:00:00+00:00
[2025-02-12T09:37:15.803+0000] {processor.py:183} INFO - Processing /opt/airflow/dags/e_commerce_dw_dag.py took 0.155 seconds
[2025-02-12T09:37:46.050+0000] {processor.py:161} INFO - Started process (PID=306) to work on /opt/airflow/dags/e_commerce_dw_dag.py
[2025-02-12T09:37:46.051+0000] {processor.py:830} INFO - Processing file /opt/airflow/dags/e_commerce_dw_dag.py for tasks to queue
[2025-02-12T09:37:46.052+0000] {logging_mixin.py:188} INFO - [2025-02-12T09:37:46.052+0000] {dagbag.py:545} INFO - Filling up the DagBag from /opt/airflow/dags/e_commerce_dw_dag.py
[2025-02-12T09:37:46.110+0000] {processor.py:840} INFO - DAG(s) 'e_commerce_dw_etl' retrieved from /opt/airflow/dags/e_commerce_dw_dag.py
[2025-02-12T09:37:46.135+0000] {logging_mixin.py:188} INFO - [2025-02-12T09:37:46.135+0000] {dag.py:3096} INFO - Sync 1 DAGs
[2025-02-12T09:37:46.153+0000] {logging_mixin.py:188} INFO - [2025-02-12T09:37:46.153+0000] {dag.py:3954} INFO - Setting next_dagrun for e_commerce_dw_etl to 2025-02-12 00:00:00+00:00, run_after=2025-02-13 00:00:00+00:00
[2025-02-12T09:37:46.176+0000] {processor.py:183} INFO - Processing /opt/airflow/dags/e_commerce_dw_dag.py took 0.131 seconds
[2025-02-12T09:38:16.453+0000] {processor.py:161} INFO - Started process (PID=322) to work on /opt/airflow/dags/e_commerce_dw_dag.py
[2025-02-12T09:38:16.454+0000] {processor.py:830} INFO - Processing file /opt/airflow/dags/e_commerce_dw_dag.py for tasks to queue
[2025-02-12T09:38:16.455+0000] {logging_mixin.py:188} INFO - [2025-02-12T09:38:16.455+0000] {dagbag.py:545} INFO - Filling up the DagBag from /opt/airflow/dags/e_commerce_dw_dag.py
[2025-02-12T09:38:16.509+0000] {processor.py:840} INFO - DAG(s) 'e_commerce_dw_etl' retrieved from /opt/airflow/dags/e_commerce_dw_dag.py
[2025-02-12T09:38:16.535+0000] {logging_mixin.py:188} INFO - [2025-02-12T09:38:16.535+0000] {dag.py:3096} INFO - Sync 1 DAGs
[2025-02-12T09:38:16.554+0000] {logging_mixin.py:188} INFO - [2025-02-12T09:38:16.554+0000] {dag.py:3954} INFO - Setting next_dagrun for e_commerce_dw_etl to 2025-02-12 00:00:00+00:00, run_after=2025-02-13 00:00:00+00:00
[2025-02-12T09:38:16.577+0000] {processor.py:183} INFO - Processing /opt/airflow/dags/e_commerce_dw_dag.py took 0.131 seconds
[2025-02-12T09:38:46.826+0000] {processor.py:161} INFO - Started process (PID=338) to work on /opt/airflow/dags/e_commerce_dw_dag.py
[2025-02-12T09:38:46.828+0000] {processor.py:830} INFO - Processing file /opt/airflow/dags/e_commerce_dw_dag.py for tasks to queue
[2025-02-12T09:38:46.829+0000] {logging_mixin.py:188} INFO - [2025-02-12T09:38:46.829+0000] {dagbag.py:545} INFO - Filling up the DagBag from /opt/airflow/dags/e_commerce_dw_dag.py
[2025-02-12T09:38:46.893+0000] {processor.py:840} INFO - DAG(s) 'e_commerce_dw_etl' retrieved from /opt/airflow/dags/e_commerce_dw_dag.py
[2025-02-12T09:38:46.919+0000] {logging_mixin.py:188} INFO - [2025-02-12T09:38:46.919+0000] {dag.py:3096} INFO - Sync 1 DAGs
[2025-02-12T09:38:46.938+0000] {logging_mixin.py:188} INFO - [2025-02-12T09:38:46.938+0000] {dag.py:3954} INFO - Setting next_dagrun for e_commerce_dw_etl to 2025-02-12 00:00:00+00:00, run_after=2025-02-13 00:00:00+00:00
[2025-02-12T09:38:46.963+0000] {processor.py:183} INFO - Processing /opt/airflow/dags/e_commerce_dw_dag.py took 0.145 seconds
[2025-02-12T09:39:17.213+0000] {processor.py:161} INFO - Started process (PID=360) to work on /opt/airflow/dags/e_commerce_dw_dag.py
[2025-02-12T09:39:17.214+0000] {processor.py:830} INFO - Processing file /opt/airflow/dags/e_commerce_dw_dag.py for tasks to queue
[2025-02-12T09:39:17.216+0000] {logging_mixin.py:188} INFO - [2025-02-12T09:39:17.216+0000] {dagbag.py:545} INFO - Filling up the DagBag from /opt/airflow/dags/e_commerce_dw_dag.py
[2025-02-12T09:39:17.271+0000] {processor.py:840} INFO - DAG(s) 'e_commerce_dw_etl' retrieved from /opt/airflow/dags/e_commerce_dw_dag.py
[2025-02-12T09:39:17.297+0000] {logging_mixin.py:188} INFO - [2025-02-12T09:39:17.297+0000] {dag.py:3096} INFO - Sync 1 DAGs
[2025-02-12T09:39:17.315+0000] {logging_mixin.py:188} INFO - [2025-02-12T09:39:17.315+0000] {dag.py:3954} INFO - Setting next_dagrun for e_commerce_dw_etl to 2025-02-12 00:00:00+00:00, run_after=2025-02-13 00:00:00+00:00
[2025-02-12T09:39:17.339+0000] {processor.py:183} INFO - Processing /opt/airflow/dags/e_commerce_dw_dag.py took 0.132 seconds
[2025-02-12T09:39:47.593+0000] {processor.py:161} INFO - Started process (PID=376) to work on /opt/airflow/dags/e_commerce_dw_dag.py
[2025-02-12T09:39:47.594+0000] {processor.py:830} INFO - Processing file /opt/airflow/dags/e_commerce_dw_dag.py for tasks to queue
[2025-02-12T09:39:47.595+0000] {logging_mixin.py:188} INFO - [2025-02-12T09:39:47.595+0000] {dagbag.py:545} INFO - Filling up the DagBag from /opt/airflow/dags/e_commerce_dw_dag.py
[2025-02-12T09:39:47.650+0000] {processor.py:840} INFO - DAG(s) 'e_commerce_dw_etl' retrieved from /opt/airflow/dags/e_commerce_dw_dag.py
[2025-02-12T09:39:47.676+0000] {logging_mixin.py:188} INFO - [2025-02-12T09:39:47.676+0000] {dag.py:3096} INFO - Sync 1 DAGs
[2025-02-12T09:39:47.697+0000] {logging_mixin.py:188} INFO - [2025-02-12T09:39:47.696+0000] {dag.py:3954} INFO - Setting next_dagrun for e_commerce_dw_etl to 2025-02-12 00:00:00+00:00, run_after=2025-02-13 00:00:00+00:00
[2025-02-12T09:39:47.718+0000] {processor.py:183} INFO - Processing /opt/airflow/dags/e_commerce_dw_dag.py took 0.131 seconds
[2025-02-12T09:40:17.978+0000] {processor.py:161} INFO - Started process (PID=392) to work on /opt/airflow/dags/e_commerce_dw_dag.py
[2025-02-12T09:40:17.979+0000] {processor.py:830} INFO - Processing file /opt/airflow/dags/e_commerce_dw_dag.py for tasks to queue
[2025-02-12T09:40:17.980+0000] {logging_mixin.py:188} INFO - [2025-02-12T09:40:17.980+0000] {dagbag.py:545} INFO - Filling up the DagBag from /opt/airflow/dags/e_commerce_dw_dag.py
[2025-02-12T09:40:18.041+0000] {processor.py:840} INFO - DAG(s) 'e_commerce_dw_etl' retrieved from /opt/airflow/dags/e_commerce_dw_dag.py
[2025-02-12T09:40:18.067+0000] {logging_mixin.py:188} INFO - [2025-02-12T09:40:18.067+0000] {dag.py:3096} INFO - Sync 1 DAGs
[2025-02-12T09:40:18.087+0000] {logging_mixin.py:188} INFO - [2025-02-12T09:40:18.087+0000] {dag.py:3954} INFO - Setting next_dagrun for e_commerce_dw_etl to 2025-02-12 00:00:00+00:00, run_after=2025-02-13 00:00:00+00:00
[2025-02-12T09:40:18.111+0000] {processor.py:183} INFO - Processing /opt/airflow/dags/e_commerce_dw_dag.py took 0.139 seconds
[2025-02-12T09:40:48.350+0000] {processor.py:161} INFO - Started process (PID=409) to work on /opt/airflow/dags/e_commerce_dw_dag.py
[2025-02-12T09:40:48.351+0000] {processor.py:830} INFO - Processing file /opt/airflow/dags/e_commerce_dw_dag.py for tasks to queue
[2025-02-12T09:40:48.352+0000] {logging_mixin.py:188} INFO - [2025-02-12T09:40:48.351+0000] {dagbag.py:545} INFO - Filling up the DagBag from /opt/airflow/dags/e_commerce_dw_dag.py
[2025-02-12T09:40:48.405+0000] {processor.py:840} INFO - DAG(s) 'e_commerce_dw_etl' retrieved from /opt/airflow/dags/e_commerce_dw_dag.py
[2025-02-12T09:40:48.436+0000] {logging_mixin.py:188} INFO - [2025-02-12T09:40:48.435+0000] {dag.py:3096} INFO - Sync 1 DAGs
[2025-02-12T09:40:48.463+0000] {logging_mixin.py:188} INFO - [2025-02-12T09:40:48.463+0000] {dag.py:3954} INFO - Setting next_dagrun for e_commerce_dw_etl to 2025-02-12 00:00:00+00:00, run_after=2025-02-13 00:00:00+00:00
[2025-02-12T09:40:48.485+0000] {processor.py:183} INFO - Processing /opt/airflow/dags/e_commerce_dw_dag.py took 0.141 seconds
[2025-02-12T09:41:18.655+0000] {processor.py:161} INFO - Started process (PID=425) to work on /opt/airflow/dags/e_commerce_dw_dag.py
[2025-02-12T09:41:18.655+0000] {processor.py:830} INFO - Processing file /opt/airflow/dags/e_commerce_dw_dag.py for tasks to queue
[2025-02-12T09:41:18.656+0000] {logging_mixin.py:188} INFO - [2025-02-12T09:41:18.656+0000] {dagbag.py:545} INFO - Filling up the DagBag from /opt/airflow/dags/e_commerce_dw_dag.py
[2025-02-12T09:41:18.710+0000] {processor.py:840} INFO - DAG(s) 'e_commerce_dw_etl' retrieved from /opt/airflow/dags/e_commerce_dw_dag.py
[2025-02-12T09:41:18.736+0000] {logging_mixin.py:188} INFO - [2025-02-12T09:41:18.735+0000] {dag.py:3096} INFO - Sync 1 DAGs
[2025-02-12T09:41:18.754+0000] {logging_mixin.py:188} INFO - [2025-02-12T09:41:18.754+0000] {dag.py:3954} INFO - Setting next_dagrun for e_commerce_dw_etl to 2025-02-12 00:00:00+00:00, run_after=2025-02-13 00:00:00+00:00
[2025-02-12T09:41:18.776+0000] {processor.py:183} INFO - Processing /opt/airflow/dags/e_commerce_dw_dag.py took 0.127 seconds
[2025-02-12T09:41:49.012+0000] {processor.py:161} INFO - Started process (PID=441) to work on /opt/airflow/dags/e_commerce_dw_dag.py
[2025-02-12T09:41:49.013+0000] {processor.py:830} INFO - Processing file /opt/airflow/dags/e_commerce_dw_dag.py for tasks to queue
[2025-02-12T09:41:49.013+0000] {logging_mixin.py:188} INFO - [2025-02-12T09:41:49.013+0000] {dagbag.py:545} INFO - Filling up the DagBag from /opt/airflow/dags/e_commerce_dw_dag.py
[2025-02-12T09:41:49.067+0000] {processor.py:840} INFO - DAG(s) 'e_commerce_dw_etl' retrieved from /opt/airflow/dags/e_commerce_dw_dag.py
[2025-02-12T09:41:49.093+0000] {logging_mixin.py:188} INFO - [2025-02-12T09:41:49.092+0000] {dag.py:3096} INFO - Sync 1 DAGs
[2025-02-12T09:41:49.111+0000] {logging_mixin.py:188} INFO - [2025-02-12T09:41:49.111+0000] {dag.py:3954} INFO - Setting next_dagrun for e_commerce_dw_etl to 2025-02-12 00:00:00+00:00, run_after=2025-02-13 00:00:00+00:00
[2025-02-12T09:41:49.134+0000] {processor.py:183} INFO - Processing /opt/airflow/dags/e_commerce_dw_dag.py took 0.128 seconds
[2025-02-12T09:42:19.368+0000] {processor.py:161} INFO - Started process (PID=457) to work on /opt/airflow/dags/e_commerce_dw_dag.py
[2025-02-12T09:42:19.369+0000] {processor.py:830} INFO - Processing file /opt/airflow/dags/e_commerce_dw_dag.py for tasks to queue
[2025-02-12T09:42:19.370+0000] {logging_mixin.py:188} INFO - [2025-02-12T09:42:19.370+0000] {dagbag.py:545} INFO - Filling up the DagBag from /opt/airflow/dags/e_commerce_dw_dag.py
[2025-02-12T09:42:19.423+0000] {processor.py:840} INFO - DAG(s) 'e_commerce_dw_etl' retrieved from /opt/airflow/dags/e_commerce_dw_dag.py
[2025-02-12T09:42:19.448+0000] {logging_mixin.py:188} INFO - [2025-02-12T09:42:19.447+0000] {dag.py:3096} INFO - Sync 1 DAGs
[2025-02-12T09:42:19.466+0000] {logging_mixin.py:188} INFO - [2025-02-12T09:42:19.466+0000] {dag.py:3954} INFO - Setting next_dagrun for e_commerce_dw_etl to 2025-02-12 00:00:00+00:00, run_after=2025-02-13 00:00:00+00:00
[2025-02-12T09:42:19.488+0000] {processor.py:183} INFO - Processing /opt/airflow/dags/e_commerce_dw_dag.py took 0.126 seconds
[2025-02-12T09:49:15.541+0000] {processor.py:161} INFO - Started process (PID=178) to work on /opt/airflow/dags/e_commerce_dw_dag.py
[2025-02-12T09:49:15.543+0000] {processor.py:830} INFO - Processing file /opt/airflow/dags/e_commerce_dw_dag.py for tasks to queue
[2025-02-12T09:49:15.545+0000] {logging_mixin.py:188} INFO - [2025-02-12T09:49:15.544+0000] {dagbag.py:545} INFO - Filling up the DagBag from /opt/airflow/dags/e_commerce_dw_dag.py
[2025-02-12T09:49:15.605+0000] {logging_mixin.py:188} INFO - [2025-02-12T09:49:15.600+0000] {dagbag.py:355} ERROR - Failed to import: /opt/airflow/dags/e_commerce_dw_dag.py
Traceback (most recent call last):
  File "/home/airflow/.local/lib/python3.10/site-packages/airflow/models/dagbag.py", line 351, in parse
    loader.exec_module(new_module)
  File "<frozen importlib._bootstrap_external>", line 883, in exec_module
  File "<frozen importlib._bootstrap>", line 241, in _call_with_frames_removed
  File "/opt/airflow/dags/e_commerce_dw_dag.py", line 12, in <module>
    from extract_data import extract_and_load_to_staging
  File "/opt/airflow/dags/extract_data.py", line 8, in <module>
    from mysql_operator import MySQLOperators
ImportError: cannot import name 'MySQLOperators' from 'mysql_operator' (/opt/airflow/plugins/mysql_operator.py)
[2025-02-12T09:49:15.606+0000] {processor.py:842} WARNING - No viable dags retrieved from /opt/airflow/dags/e_commerce_dw_dag.py
[2025-02-12T09:49:15.625+0000] {processor.py:183} INFO - Processing /opt/airflow/dags/e_commerce_dw_dag.py took 0.089 seconds
[2025-02-12T09:49:45.799+0000] {processor.py:161} INFO - Started process (PID=189) to work on /opt/airflow/dags/e_commerce_dw_dag.py
[2025-02-12T09:49:45.799+0000] {processor.py:830} INFO - Processing file /opt/airflow/dags/e_commerce_dw_dag.py for tasks to queue
[2025-02-12T09:49:45.802+0000] {logging_mixin.py:188} INFO - [2025-02-12T09:49:45.801+0000] {dagbag.py:545} INFO - Filling up the DagBag from /opt/airflow/dags/e_commerce_dw_dag.py
[2025-02-12T09:49:45.851+0000] {logging_mixin.py:188} INFO - [2025-02-12T09:49:45.847+0000] {dagbag.py:355} ERROR - Failed to import: /opt/airflow/dags/e_commerce_dw_dag.py
Traceback (most recent call last):
  File "/home/airflow/.local/lib/python3.10/site-packages/airflow/models/dagbag.py", line 351, in parse
    loader.exec_module(new_module)
  File "<frozen importlib._bootstrap_external>", line 883, in exec_module
  File "<frozen importlib._bootstrap>", line 241, in _call_with_frames_removed
  File "/opt/airflow/dags/e_commerce_dw_dag.py", line 12, in <module>
    from extract_data import extract_and_load_to_staging
  File "/opt/airflow/dags/extract_data.py", line 8, in <module>
    from mysql_operator import MySQLOperators
ImportError: cannot import name 'MySQLOperators' from 'mysql_operator' (/opt/airflow/plugins/mysql_operator.py)
[2025-02-12T09:49:45.853+0000] {processor.py:842} WARNING - No viable dags retrieved from /opt/airflow/dags/e_commerce_dw_dag.py
[2025-02-12T09:49:45.870+0000] {processor.py:183} INFO - Processing /opt/airflow/dags/e_commerce_dw_dag.py took 0.077 seconds
[2025-02-12T09:50:16.049+0000] {processor.py:161} INFO - Started process (PID=200) to work on /opt/airflow/dags/e_commerce_dw_dag.py
[2025-02-12T09:50:16.050+0000] {processor.py:830} INFO - Processing file /opt/airflow/dags/e_commerce_dw_dag.py for tasks to queue
[2025-02-12T09:50:16.051+0000] {logging_mixin.py:188} INFO - [2025-02-12T09:50:16.051+0000] {dagbag.py:545} INFO - Filling up the DagBag from /opt/airflow/dags/e_commerce_dw_dag.py
[2025-02-12T09:50:16.102+0000] {logging_mixin.py:188} INFO - [2025-02-12T09:50:16.098+0000] {dagbag.py:355} ERROR - Failed to import: /opt/airflow/dags/e_commerce_dw_dag.py
Traceback (most recent call last):
  File "/home/airflow/.local/lib/python3.10/site-packages/airflow/models/dagbag.py", line 351, in parse
    loader.exec_module(new_module)
  File "<frozen importlib._bootstrap_external>", line 883, in exec_module
  File "<frozen importlib._bootstrap>", line 241, in _call_with_frames_removed
  File "/opt/airflow/dags/e_commerce_dw_dag.py", line 12, in <module>
    from extract_data import extract_and_load_to_staging
  File "/opt/airflow/dags/extract_data.py", line 8, in <module>
    from mysql_operator import MySQLOperators
ImportError: cannot import name 'MySQLOperators' from 'mysql_operator' (/opt/airflow/plugins/mysql_operator.py)
[2025-02-12T09:50:16.104+0000] {processor.py:842} WARNING - No viable dags retrieved from /opt/airflow/dags/e_commerce_dw_dag.py
[2025-02-12T09:50:16.121+0000] {processor.py:183} INFO - Processing /opt/airflow/dags/e_commerce_dw_dag.py took 0.079 seconds
[2025-02-12T09:50:46.272+0000] {processor.py:161} INFO - Started process (PID=211) to work on /opt/airflow/dags/e_commerce_dw_dag.py
[2025-02-12T09:50:46.272+0000] {processor.py:830} INFO - Processing file /opt/airflow/dags/e_commerce_dw_dag.py for tasks to queue
[2025-02-12T09:50:46.274+0000] {logging_mixin.py:188} INFO - [2025-02-12T09:50:46.273+0000] {dagbag.py:545} INFO - Filling up the DagBag from /opt/airflow/dags/e_commerce_dw_dag.py
[2025-02-12T09:50:46.329+0000] {logging_mixin.py:188} INFO - [2025-02-12T09:50:46.324+0000] {dagbag.py:355} ERROR - Failed to import: /opt/airflow/dags/e_commerce_dw_dag.py
Traceback (most recent call last):
  File "/home/airflow/.local/lib/python3.10/site-packages/airflow/models/dagbag.py", line 351, in parse
    loader.exec_module(new_module)
  File "<frozen importlib._bootstrap_external>", line 883, in exec_module
  File "<frozen importlib._bootstrap>", line 241, in _call_with_frames_removed
  File "/opt/airflow/dags/e_commerce_dw_dag.py", line 12, in <module>
    from extract_data import extract_and_load_to_staging
  File "/opt/airflow/dags/extract_data.py", line 8, in <module>
    from mysql_operator import MySQLOperators
ImportError: cannot import name 'MySQLOperators' from 'mysql_operator' (/opt/airflow/plugins/mysql_operator.py)
[2025-02-12T09:50:46.331+0000] {processor.py:842} WARNING - No viable dags retrieved from /opt/airflow/dags/e_commerce_dw_dag.py
[2025-02-12T09:50:46.349+0000] {processor.py:183} INFO - Processing /opt/airflow/dags/e_commerce_dw_dag.py took 0.083 seconds
[2025-02-12T09:51:16.556+0000] {processor.py:161} INFO - Started process (PID=222) to work on /opt/airflow/dags/e_commerce_dw_dag.py
[2025-02-12T09:51:16.557+0000] {processor.py:830} INFO - Processing file /opt/airflow/dags/e_commerce_dw_dag.py for tasks to queue
[2025-02-12T09:51:16.558+0000] {logging_mixin.py:188} INFO - [2025-02-12T09:51:16.558+0000] {dagbag.py:545} INFO - Filling up the DagBag from /opt/airflow/dags/e_commerce_dw_dag.py
[2025-02-12T09:51:16.619+0000] {logging_mixin.py:188} INFO - [2025-02-12T09:51:16.614+0000] {dagbag.py:355} ERROR - Failed to import: /opt/airflow/dags/e_commerce_dw_dag.py
Traceback (most recent call last):
  File "/home/airflow/.local/lib/python3.10/site-packages/airflow/models/dagbag.py", line 351, in parse
    loader.exec_module(new_module)
  File "<frozen importlib._bootstrap_external>", line 883, in exec_module
  File "<frozen importlib._bootstrap>", line 241, in _call_with_frames_removed
  File "/opt/airflow/dags/e_commerce_dw_dag.py", line 12, in <module>
    from extract_data import extract_and_load_to_staging
  File "/opt/airflow/dags/extract_data.py", line 8, in <module>
    from mysql_operator import MySQLOperators
ImportError: cannot import name 'MySQLOperators' from 'mysql_operator' (/opt/airflow/plugins/mysql_operator.py)
[2025-02-12T09:51:16.621+0000] {processor.py:842} WARNING - No viable dags retrieved from /opt/airflow/dags/e_commerce_dw_dag.py
[2025-02-12T09:51:16.641+0000] {processor.py:183} INFO - Processing /opt/airflow/dags/e_commerce_dw_dag.py took 0.090 seconds
[2025-02-12T09:51:46.780+0000] {processor.py:161} INFO - Started process (PID=233) to work on /opt/airflow/dags/e_commerce_dw_dag.py
[2025-02-12T09:51:46.781+0000] {processor.py:830} INFO - Processing file /opt/airflow/dags/e_commerce_dw_dag.py for tasks to queue
[2025-02-12T09:51:46.782+0000] {logging_mixin.py:188} INFO - [2025-02-12T09:51:46.782+0000] {dagbag.py:545} INFO - Filling up the DagBag from /opt/airflow/dags/e_commerce_dw_dag.py
[2025-02-12T09:51:46.836+0000] {logging_mixin.py:188} INFO - [2025-02-12T09:51:46.831+0000] {dagbag.py:355} ERROR - Failed to import: /opt/airflow/dags/e_commerce_dw_dag.py
Traceback (most recent call last):
  File "/home/airflow/.local/lib/python3.10/site-packages/airflow/models/dagbag.py", line 351, in parse
    loader.exec_module(new_module)
  File "<frozen importlib._bootstrap_external>", line 883, in exec_module
  File "<frozen importlib._bootstrap>", line 241, in _call_with_frames_removed
  File "/opt/airflow/dags/e_commerce_dw_dag.py", line 12, in <module>
    from extract_data import extract_and_load_to_staging
  File "/opt/airflow/dags/extract_data.py", line 8, in <module>
    from mysql_operator import MySQLOperators
ImportError: cannot import name 'MySQLOperators' from 'mysql_operator' (/opt/airflow/plugins/mysql_operator.py)
[2025-02-12T09:51:46.837+0000] {processor.py:842} WARNING - No viable dags retrieved from /opt/airflow/dags/e_commerce_dw_dag.py
[2025-02-12T09:51:46.854+0000] {processor.py:183} INFO - Processing /opt/airflow/dags/e_commerce_dw_dag.py took 0.079 seconds
[2025-02-12T09:52:17.060+0000] {processor.py:161} INFO - Started process (PID=244) to work on /opt/airflow/dags/e_commerce_dw_dag.py
[2025-02-12T09:52:17.061+0000] {processor.py:830} INFO - Processing file /opt/airflow/dags/e_commerce_dw_dag.py for tasks to queue
[2025-02-12T09:52:17.062+0000] {logging_mixin.py:188} INFO - [2025-02-12T09:52:17.062+0000] {dagbag.py:545} INFO - Filling up the DagBag from /opt/airflow/dags/e_commerce_dw_dag.py
[2025-02-12T09:52:17.123+0000] {logging_mixin.py:188} INFO - [2025-02-12T09:52:17.119+0000] {dagbag.py:355} ERROR - Failed to import: /opt/airflow/dags/e_commerce_dw_dag.py
Traceback (most recent call last):
  File "/home/airflow/.local/lib/python3.10/site-packages/airflow/models/dagbag.py", line 351, in parse
    loader.exec_module(new_module)
  File "<frozen importlib._bootstrap_external>", line 883, in exec_module
  File "<frozen importlib._bootstrap>", line 241, in _call_with_frames_removed
  File "/opt/airflow/dags/e_commerce_dw_dag.py", line 12, in <module>
    from extract_data import extract_and_load_to_staging
  File "/opt/airflow/dags/extract_data.py", line 8, in <module>
    from mysql_operator import MySQLOperators
ImportError: cannot import name 'MySQLOperators' from 'mysql_operator' (/opt/airflow/plugins/mysql_operator.py)
[2025-02-12T09:52:17.124+0000] {processor.py:842} WARNING - No viable dags retrieved from /opt/airflow/dags/e_commerce_dw_dag.py
[2025-02-12T09:52:17.143+0000] {processor.py:183} INFO - Processing /opt/airflow/dags/e_commerce_dw_dag.py took 0.089 seconds
[2025-02-12T09:52:47.281+0000] {processor.py:161} INFO - Started process (PID=255) to work on /opt/airflow/dags/e_commerce_dw_dag.py
[2025-02-12T09:52:47.282+0000] {processor.py:830} INFO - Processing file /opt/airflow/dags/e_commerce_dw_dag.py for tasks to queue
[2025-02-12T09:52:47.283+0000] {logging_mixin.py:188} INFO - [2025-02-12T09:52:47.283+0000] {dagbag.py:545} INFO - Filling up the DagBag from /opt/airflow/dags/e_commerce_dw_dag.py
[2025-02-12T09:52:47.342+0000] {logging_mixin.py:188} INFO - [2025-02-12T09:52:47.336+0000] {dagbag.py:355} ERROR - Failed to import: /opt/airflow/dags/e_commerce_dw_dag.py
Traceback (most recent call last):
  File "/home/airflow/.local/lib/python3.10/site-packages/airflow/models/dagbag.py", line 351, in parse
    loader.exec_module(new_module)
  File "<frozen importlib._bootstrap_external>", line 883, in exec_module
  File "<frozen importlib._bootstrap>", line 241, in _call_with_frames_removed
  File "/opt/airflow/dags/e_commerce_dw_dag.py", line 12, in <module>
    from extract_data import extract_and_load_to_staging
  File "/opt/airflow/dags/extract_data.py", line 8, in <module>
    from mysql_operator import MySQLOperators
ImportError: cannot import name 'MySQLOperators' from 'mysql_operator' (/opt/airflow/plugins/mysql_operator.py)
[2025-02-12T09:52:47.344+0000] {processor.py:842} WARNING - No viable dags retrieved from /opt/airflow/dags/e_commerce_dw_dag.py
[2025-02-12T09:52:47.367+0000] {processor.py:183} INFO - Processing /opt/airflow/dags/e_commerce_dw_dag.py took 0.092 seconds
[2025-02-12T09:53:17.595+0000] {processor.py:161} INFO - Started process (PID=266) to work on /opt/airflow/dags/e_commerce_dw_dag.py
[2025-02-12T09:53:17.596+0000] {processor.py:830} INFO - Processing file /opt/airflow/dags/e_commerce_dw_dag.py for tasks to queue
[2025-02-12T09:53:17.597+0000] {logging_mixin.py:188} INFO - [2025-02-12T09:53:17.597+0000] {dagbag.py:545} INFO - Filling up the DagBag from /opt/airflow/dags/e_commerce_dw_dag.py
[2025-02-12T09:53:17.648+0000] {logging_mixin.py:188} INFO - [2025-02-12T09:53:17.645+0000] {dagbag.py:355} ERROR - Failed to import: /opt/airflow/dags/e_commerce_dw_dag.py
Traceback (most recent call last):
  File "/home/airflow/.local/lib/python3.10/site-packages/airflow/models/dagbag.py", line 351, in parse
    loader.exec_module(new_module)
  File "<frozen importlib._bootstrap_external>", line 883, in exec_module
  File "<frozen importlib._bootstrap>", line 241, in _call_with_frames_removed
  File "/opt/airflow/dags/e_commerce_dw_dag.py", line 12, in <module>
    from extract_data import extract_and_load_to_staging
  File "/opt/airflow/dags/extract_data.py", line 8, in <module>
    from mysql_operator import MySQLOperators
ImportError: cannot import name 'MySQLOperators' from 'mysql_operator' (/opt/airflow/plugins/mysql_operator.py)
[2025-02-12T09:53:17.650+0000] {processor.py:842} WARNING - No viable dags retrieved from /opt/airflow/dags/e_commerce_dw_dag.py
[2025-02-12T09:53:17.668+0000] {processor.py:183} INFO - Processing /opt/airflow/dags/e_commerce_dw_dag.py took 0.077 seconds
[2025-02-12T09:54:59.077+0000] {processor.py:161} INFO - Started process (PID=178) to work on /opt/airflow/dags/e_commerce_dw_dag.py
[2025-02-12T09:54:59.078+0000] {processor.py:830} INFO - Processing file /opt/airflow/dags/e_commerce_dw_dag.py for tasks to queue
[2025-02-12T09:54:59.080+0000] {logging_mixin.py:188} INFO - [2025-02-12T09:54:59.080+0000] {dagbag.py:545} INFO - Filling up the DagBag from /opt/airflow/dags/e_commerce_dw_dag.py
[2025-02-12T09:54:59.147+0000] {processor.py:840} INFO - DAG(s) 'e_commerce_dw_etl' retrieved from /opt/airflow/dags/e_commerce_dw_dag.py
[2025-02-12T09:54:59.347+0000] {logging_mixin.py:188} INFO - [2025-02-12T09:54:59.347+0000] {dag.py:3096} INFO - Sync 1 DAGs
[2025-02-12T09:54:59.370+0000] {logging_mixin.py:188} INFO - [2025-02-12T09:54:59.370+0000] {dag.py:3954} INFO - Setting next_dagrun for e_commerce_dw_etl to 2025-02-12 00:00:00+00:00, run_after=2025-02-13 00:00:00+00:00
[2025-02-12T09:54:59.398+0000] {processor.py:183} INFO - Processing /opt/airflow/dags/e_commerce_dw_dag.py took 0.327 seconds
[2025-02-12T09:55:29.646+0000] {processor.py:161} INFO - Started process (PID=189) to work on /opt/airflow/dags/e_commerce_dw_dag.py
[2025-02-12T09:55:29.647+0000] {processor.py:830} INFO - Processing file /opt/airflow/dags/e_commerce_dw_dag.py for tasks to queue
[2025-02-12T09:55:29.649+0000] {logging_mixin.py:188} INFO - [2025-02-12T09:55:29.649+0000] {dagbag.py:545} INFO - Filling up the DagBag from /opt/airflow/dags/e_commerce_dw_dag.py
[2025-02-12T09:55:29.693+0000] {processor.py:840} INFO - DAG(s) 'e_commerce_dw_etl' retrieved from /opt/airflow/dags/e_commerce_dw_dag.py
[2025-02-12T09:55:29.719+0000] {logging_mixin.py:188} INFO - [2025-02-12T09:55:29.719+0000] {dag.py:3096} INFO - Sync 1 DAGs
[2025-02-12T09:55:29.739+0000] {logging_mixin.py:188} INFO - [2025-02-12T09:55:29.739+0000] {dag.py:3954} INFO - Setting next_dagrun for e_commerce_dw_etl to 2025-02-12 00:00:00+00:00, run_after=2025-02-13 00:00:00+00:00
[2025-02-12T09:55:29.761+0000] {processor.py:183} INFO - Processing /opt/airflow/dags/e_commerce_dw_dag.py took 0.121 seconds
[2025-02-12T09:55:59.832+0000] {processor.py:161} INFO - Started process (PID=200) to work on /opt/airflow/dags/e_commerce_dw_dag.py
[2025-02-12T09:55:59.832+0000] {processor.py:830} INFO - Processing file /opt/airflow/dags/e_commerce_dw_dag.py for tasks to queue
[2025-02-12T09:55:59.834+0000] {logging_mixin.py:188} INFO - [2025-02-12T09:55:59.834+0000] {dagbag.py:545} INFO - Filling up the DagBag from /opt/airflow/dags/e_commerce_dw_dag.py
[2025-02-12T09:55:59.892+0000] {processor.py:840} INFO - DAG(s) 'e_commerce_dw_etl' retrieved from /opt/airflow/dags/e_commerce_dw_dag.py
[2025-02-12T09:55:59.922+0000] {logging_mixin.py:188} INFO - [2025-02-12T09:55:59.922+0000] {dag.py:3096} INFO - Sync 1 DAGs
[2025-02-12T09:55:59.943+0000] {logging_mixin.py:188} INFO - [2025-02-12T09:55:59.943+0000] {dag.py:3954} INFO - Setting next_dagrun for e_commerce_dw_etl to 2025-02-12 00:00:00+00:00, run_after=2025-02-13 00:00:00+00:00
[2025-02-12T09:55:59.965+0000] {processor.py:183} INFO - Processing /opt/airflow/dags/e_commerce_dw_dag.py took 0.140 seconds
[2025-02-12T09:57:19.948+0000] {processor.py:161} INFO - Started process (PID=178) to work on /opt/airflow/dags/e_commerce_dw_dag.py
[2025-02-12T09:57:19.949+0000] {processor.py:830} INFO - Processing file /opt/airflow/dags/e_commerce_dw_dag.py for tasks to queue
[2025-02-12T09:57:19.951+0000] {logging_mixin.py:188} INFO - [2025-02-12T09:57:19.951+0000] {dagbag.py:545} INFO - Filling up the DagBag from /opt/airflow/dags/e_commerce_dw_dag.py
[2025-02-12T09:57:20.019+0000] {processor.py:840} INFO - DAG(s) 'e_commerce_dw_etl' retrieved from /opt/airflow/dags/e_commerce_dw_dag.py
[2025-02-12T09:57:20.209+0000] {logging_mixin.py:188} INFO - [2025-02-12T09:57:20.209+0000] {dag.py:3096} INFO - Sync 1 DAGs
[2025-02-12T09:57:20.230+0000] {logging_mixin.py:188} INFO - [2025-02-12T09:57:20.229+0000] {dag.py:3954} INFO - Setting next_dagrun for e_commerce_dw_etl to 2025-02-12 00:00:00+00:00, run_after=2025-02-13 00:00:00+00:00
[2025-02-12T09:57:20.252+0000] {processor.py:183} INFO - Processing /opt/airflow/dags/e_commerce_dw_dag.py took 0.309 seconds
[2025-02-12T09:57:50.501+0000] {processor.py:161} INFO - Started process (PID=190) to work on /opt/airflow/dags/e_commerce_dw_dag.py
[2025-02-12T09:57:50.502+0000] {processor.py:830} INFO - Processing file /opt/airflow/dags/e_commerce_dw_dag.py for tasks to queue
[2025-02-12T09:57:50.504+0000] {logging_mixin.py:188} INFO - [2025-02-12T09:57:50.503+0000] {dagbag.py:545} INFO - Filling up the DagBag from /opt/airflow/dags/e_commerce_dw_dag.py
[2025-02-12T09:57:50.553+0000] {processor.py:840} INFO - DAG(s) 'e_commerce_dw_etl' retrieved from /opt/airflow/dags/e_commerce_dw_dag.py
[2025-02-12T09:57:50.580+0000] {logging_mixin.py:188} INFO - [2025-02-12T09:57:50.579+0000] {dag.py:3096} INFO - Sync 1 DAGs
[2025-02-12T09:57:50.599+0000] {logging_mixin.py:188} INFO - [2025-02-12T09:57:50.598+0000] {dag.py:3954} INFO - Setting next_dagrun for e_commerce_dw_etl to 2025-02-12 00:00:00+00:00, run_after=2025-02-13 00:00:00+00:00
[2025-02-12T09:57:50.619+0000] {processor.py:183} INFO - Processing /opt/airflow/dags/e_commerce_dw_dag.py took 0.124 seconds
[2025-02-12T09:58:20.751+0000] {processor.py:161} INFO - Started process (PID=203) to work on /opt/airflow/dags/e_commerce_dw_dag.py
[2025-02-12T09:58:20.753+0000] {processor.py:830} INFO - Processing file /opt/airflow/dags/e_commerce_dw_dag.py for tasks to queue
[2025-02-12T09:58:20.756+0000] {logging_mixin.py:188} INFO - [2025-02-12T09:58:20.756+0000] {dagbag.py:545} INFO - Filling up the DagBag from /opt/airflow/dags/e_commerce_dw_dag.py
[2025-02-12T09:58:20.839+0000] {processor.py:840} INFO - DAG(s) 'e_commerce_dw_etl' retrieved from /opt/airflow/dags/e_commerce_dw_dag.py
[2025-02-12T09:58:20.872+0000] {logging_mixin.py:188} INFO - [2025-02-12T09:58:20.872+0000] {dag.py:3096} INFO - Sync 1 DAGs
[2025-02-12T09:58:20.893+0000] {logging_mixin.py:188} INFO - [2025-02-12T09:58:20.893+0000] {dag.py:3954} INFO - Setting next_dagrun for e_commerce_dw_etl to 2025-02-12 00:00:00+00:00, run_after=2025-02-13 00:00:00+00:00
[2025-02-12T09:58:20.915+0000] {processor.py:183} INFO - Processing /opt/airflow/dags/e_commerce_dw_dag.py took 0.173 seconds
[2025-02-12T09:58:51.017+0000] {processor.py:161} INFO - Started process (PID=214) to work on /opt/airflow/dags/e_commerce_dw_dag.py
[2025-02-12T09:58:51.018+0000] {processor.py:830} INFO - Processing file /opt/airflow/dags/e_commerce_dw_dag.py for tasks to queue
[2025-02-12T09:58:51.021+0000] {logging_mixin.py:188} INFO - [2025-02-12T09:58:51.021+0000] {dagbag.py:545} INFO - Filling up the DagBag from /opt/airflow/dags/e_commerce_dw_dag.py
[2025-02-12T09:58:51.091+0000] {processor.py:840} INFO - DAG(s) 'e_commerce_dw_etl' retrieved from /opt/airflow/dags/e_commerce_dw_dag.py
[2025-02-12T09:58:51.129+0000] {logging_mixin.py:188} INFO - [2025-02-12T09:58:51.128+0000] {dag.py:3096} INFO - Sync 1 DAGs
[2025-02-12T09:58:51.154+0000] {logging_mixin.py:188} INFO - [2025-02-12T09:58:51.154+0000] {dag.py:3954} INFO - Setting next_dagrun for e_commerce_dw_etl to 2025-02-12 00:00:00+00:00, run_after=2025-02-13 00:00:00+00:00
[2025-02-12T09:58:51.181+0000] {processor.py:183} INFO - Processing /opt/airflow/dags/e_commerce_dw_dag.py took 0.173 seconds
[2025-02-12T09:59:21.361+0000] {processor.py:161} INFO - Started process (PID=239) to work on /opt/airflow/dags/e_commerce_dw_dag.py
[2025-02-12T09:59:21.363+0000] {processor.py:830} INFO - Processing file /opt/airflow/dags/e_commerce_dw_dag.py for tasks to queue
[2025-02-12T09:59:21.366+0000] {logging_mixin.py:188} INFO - [2025-02-12T09:59:21.365+0000] {dagbag.py:545} INFO - Filling up the DagBag from /opt/airflow/dags/e_commerce_dw_dag.py
[2025-02-12T09:59:21.465+0000] {processor.py:840} INFO - DAG(s) 'e_commerce_dw_etl' retrieved from /opt/airflow/dags/e_commerce_dw_dag.py
[2025-02-12T09:59:21.505+0000] {logging_mixin.py:188} INFO - [2025-02-12T09:59:21.505+0000] {dag.py:3096} INFO - Sync 1 DAGs
[2025-02-12T09:59:21.561+0000] {logging_mixin.py:188} INFO - [2025-02-12T09:59:21.561+0000] {dag.py:3954} INFO - Setting next_dagrun for e_commerce_dw_etl to 2025-02-12 00:00:00+00:00, run_after=2025-02-13 00:00:00+00:00
[2025-02-12T09:59:21.608+0000] {processor.py:183} INFO - Processing /opt/airflow/dags/e_commerce_dw_dag.py took 0.259 seconds
[2025-02-12T09:59:51.881+0000] {processor.py:161} INFO - Started process (PID=250) to work on /opt/airflow/dags/e_commerce_dw_dag.py
[2025-02-12T09:59:51.882+0000] {processor.py:830} INFO - Processing file /opt/airflow/dags/e_commerce_dw_dag.py for tasks to queue
[2025-02-12T09:59:51.884+0000] {logging_mixin.py:188} INFO - [2025-02-12T09:59:51.884+0000] {dagbag.py:545} INFO - Filling up the DagBag from /opt/airflow/dags/e_commerce_dw_dag.py
[2025-02-12T09:59:51.940+0000] {processor.py:840} INFO - DAG(s) 'e_commerce_dw_etl' retrieved from /opt/airflow/dags/e_commerce_dw_dag.py
[2025-02-12T09:59:51.966+0000] {logging_mixin.py:188} INFO - [2025-02-12T09:59:51.965+0000] {dag.py:3096} INFO - Sync 1 DAGs
[2025-02-12T09:59:51.984+0000] {logging_mixin.py:188} INFO - [2025-02-12T09:59:51.984+0000] {dag.py:3954} INFO - Setting next_dagrun for e_commerce_dw_etl to 2025-02-12 00:00:00+00:00, run_after=2025-02-13 00:00:00+00:00
[2025-02-12T09:59:52.006+0000] {processor.py:183} INFO - Processing /opt/airflow/dags/e_commerce_dw_dag.py took 0.130 seconds
[2025-02-12T10:00:22.127+0000] {processor.py:161} INFO - Started process (PID=261) to work on /opt/airflow/dags/e_commerce_dw_dag.py
[2025-02-12T10:00:22.127+0000] {processor.py:830} INFO - Processing file /opt/airflow/dags/e_commerce_dw_dag.py for tasks to queue
[2025-02-12T10:00:22.129+0000] {logging_mixin.py:188} INFO - [2025-02-12T10:00:22.129+0000] {dagbag.py:545} INFO - Filling up the DagBag from /opt/airflow/dags/e_commerce_dw_dag.py
[2025-02-12T10:00:22.175+0000] {processor.py:840} INFO - DAG(s) 'e_commerce_dw_etl' retrieved from /opt/airflow/dags/e_commerce_dw_dag.py
[2025-02-12T10:00:22.203+0000] {logging_mixin.py:188} INFO - [2025-02-12T10:00:22.203+0000] {dag.py:3096} INFO - Sync 1 DAGs
[2025-02-12T10:00:22.221+0000] {logging_mixin.py:188} INFO - [2025-02-12T10:00:22.221+0000] {dag.py:3954} INFO - Setting next_dagrun for e_commerce_dw_etl to 2025-02-12 00:00:00+00:00, run_after=2025-02-13 00:00:00+00:00
[2025-02-12T10:00:22.242+0000] {processor.py:183} INFO - Processing /opt/airflow/dags/e_commerce_dw_dag.py took 0.121 seconds
[2025-02-12T10:00:52.490+0000] {processor.py:161} INFO - Started process (PID=272) to work on /opt/airflow/dags/e_commerce_dw_dag.py
[2025-02-12T10:00:52.490+0000] {processor.py:830} INFO - Processing file /opt/airflow/dags/e_commerce_dw_dag.py for tasks to queue
[2025-02-12T10:00:52.492+0000] {logging_mixin.py:188} INFO - [2025-02-12T10:00:52.492+0000] {dagbag.py:545} INFO - Filling up the DagBag from /opt/airflow/dags/e_commerce_dw_dag.py
[2025-02-12T10:00:52.539+0000] {processor.py:840} INFO - DAG(s) 'e_commerce_dw_etl' retrieved from /opt/airflow/dags/e_commerce_dw_dag.py
[2025-02-12T10:00:52.564+0000] {logging_mixin.py:188} INFO - [2025-02-12T10:00:52.564+0000] {dag.py:3096} INFO - Sync 1 DAGs
[2025-02-12T10:00:52.583+0000] {logging_mixin.py:188} INFO - [2025-02-12T10:00:52.583+0000] {dag.py:3954} INFO - Setting next_dagrun for e_commerce_dw_etl to 2025-02-12 00:00:00+00:00, run_after=2025-02-13 00:00:00+00:00
[2025-02-12T10:00:52.605+0000] {processor.py:183} INFO - Processing /opt/airflow/dags/e_commerce_dw_dag.py took 0.120 seconds
[2025-02-12T10:01:22.725+0000] {processor.py:161} INFO - Started process (PID=283) to work on /opt/airflow/dags/e_commerce_dw_dag.py
[2025-02-12T10:01:22.726+0000] {processor.py:830} INFO - Processing file /opt/airflow/dags/e_commerce_dw_dag.py for tasks to queue
[2025-02-12T10:01:22.728+0000] {logging_mixin.py:188} INFO - [2025-02-12T10:01:22.728+0000] {dagbag.py:545} INFO - Filling up the DagBag from /opt/airflow/dags/e_commerce_dw_dag.py
[2025-02-12T10:01:22.795+0000] {processor.py:840} INFO - DAG(s) 'e_commerce_dw_etl' retrieved from /opt/airflow/dags/e_commerce_dw_dag.py
[2025-02-12T10:01:22.824+0000] {logging_mixin.py:188} INFO - [2025-02-12T10:01:22.824+0000] {dag.py:3096} INFO - Sync 1 DAGs
[2025-02-12T10:01:22.844+0000] {logging_mixin.py:188} INFO - [2025-02-12T10:01:22.843+0000] {dag.py:3954} INFO - Setting next_dagrun for e_commerce_dw_etl to 2025-02-12 00:00:00+00:00, run_after=2025-02-13 00:00:00+00:00
[2025-02-12T10:01:22.868+0000] {processor.py:183} INFO - Processing /opt/airflow/dags/e_commerce_dw_dag.py took 0.150 seconds
[2025-02-12T10:01:53.037+0000] {processor.py:161} INFO - Started process (PID=294) to work on /opt/airflow/dags/e_commerce_dw_dag.py
[2025-02-12T10:01:53.038+0000] {processor.py:830} INFO - Processing file /opt/airflow/dags/e_commerce_dw_dag.py for tasks to queue
[2025-02-12T10:01:53.040+0000] {logging_mixin.py:188} INFO - [2025-02-12T10:01:53.040+0000] {dagbag.py:545} INFO - Filling up the DagBag from /opt/airflow/dags/e_commerce_dw_dag.py
[2025-02-12T10:01:53.117+0000] {processor.py:840} INFO - DAG(s) 'e_commerce_dw_etl' retrieved from /opt/airflow/dags/e_commerce_dw_dag.py
[2025-02-12T10:01:53.149+0000] {logging_mixin.py:188} INFO - [2025-02-12T10:01:53.149+0000] {dag.py:3096} INFO - Sync 1 DAGs
[2025-02-12T10:01:53.171+0000] {logging_mixin.py:188} INFO - [2025-02-12T10:01:53.170+0000] {dag.py:3954} INFO - Setting next_dagrun for e_commerce_dw_etl to 2025-02-12 00:00:00+00:00, run_after=2025-02-13 00:00:00+00:00
[2025-02-12T10:01:53.194+0000] {processor.py:183} INFO - Processing /opt/airflow/dags/e_commerce_dw_dag.py took 0.165 seconds
[2025-02-12T10:02:23.334+0000] {processor.py:161} INFO - Started process (PID=313) to work on /opt/airflow/dags/e_commerce_dw_dag.py
[2025-02-12T10:02:23.336+0000] {processor.py:830} INFO - Processing file /opt/airflow/dags/e_commerce_dw_dag.py for tasks to queue
[2025-02-12T10:02:23.339+0000] {logging_mixin.py:188} INFO - [2025-02-12T10:02:23.339+0000] {dagbag.py:545} INFO - Filling up the DagBag from /opt/airflow/dags/e_commerce_dw_dag.py
[2025-02-12T10:02:23.446+0000] {processor.py:840} INFO - DAG(s) 'e_commerce_dw_etl' retrieved from /opt/airflow/dags/e_commerce_dw_dag.py
[2025-02-12T10:02:23.500+0000] {logging_mixin.py:188} INFO - [2025-02-12T10:02:23.499+0000] {dag.py:3096} INFO - Sync 1 DAGs
[2025-02-12T10:02:23.539+0000] {logging_mixin.py:188} INFO - [2025-02-12T10:02:23.539+0000] {dag.py:3954} INFO - Setting next_dagrun for e_commerce_dw_etl to 2025-02-12 00:00:00+00:00, run_after=2025-02-13 00:00:00+00:00
[2025-02-12T10:02:23.572+0000] {processor.py:183} INFO - Processing /opt/airflow/dags/e_commerce_dw_dag.py took 0.248 seconds
[2025-02-12T10:02:53.663+0000] {processor.py:161} INFO - Started process (PID=336) to work on /opt/airflow/dags/e_commerce_dw_dag.py
[2025-02-12T10:02:53.665+0000] {processor.py:830} INFO - Processing file /opt/airflow/dags/e_commerce_dw_dag.py for tasks to queue
[2025-02-12T10:02:53.669+0000] {logging_mixin.py:188} INFO - [2025-02-12T10:02:53.668+0000] {dagbag.py:545} INFO - Filling up the DagBag from /opt/airflow/dags/e_commerce_dw_dag.py
[2025-02-12T10:02:53.777+0000] {processor.py:840} INFO - DAG(s) 'e_commerce_dw_etl' retrieved from /opt/airflow/dags/e_commerce_dw_dag.py
[2025-02-12T10:02:53.831+0000] {logging_mixin.py:188} INFO - [2025-02-12T10:02:53.830+0000] {dag.py:3096} INFO - Sync 1 DAGs
[2025-02-12T10:02:53.868+0000] {logging_mixin.py:188} INFO - [2025-02-12T10:02:53.867+0000] {dag.py:3954} INFO - Setting next_dagrun for e_commerce_dw_etl to 2025-02-12 00:00:00+00:00, run_after=2025-02-13 00:00:00+00:00
[2025-02-12T10:02:53.906+0000] {processor.py:183} INFO - Processing /opt/airflow/dags/e_commerce_dw_dag.py took 0.255 seconds
[2025-02-12T10:03:24.125+0000] {processor.py:161} INFO - Started process (PID=349) to work on /opt/airflow/dags/e_commerce_dw_dag.py
[2025-02-12T10:03:24.126+0000] {processor.py:830} INFO - Processing file /opt/airflow/dags/e_commerce_dw_dag.py for tasks to queue
[2025-02-12T10:03:24.128+0000] {logging_mixin.py:188} INFO - [2025-02-12T10:03:24.128+0000] {dagbag.py:545} INFO - Filling up the DagBag from /opt/airflow/dags/e_commerce_dw_dag.py
[2025-02-12T10:03:24.180+0000] {processor.py:840} INFO - DAG(s) 'e_commerce_dw_etl' retrieved from /opt/airflow/dags/e_commerce_dw_dag.py
[2025-02-12T10:03:24.206+0000] {logging_mixin.py:188} INFO - [2025-02-12T10:03:24.206+0000] {dag.py:3096} INFO - Sync 1 DAGs
[2025-02-12T10:03:24.225+0000] {logging_mixin.py:188} INFO - [2025-02-12T10:03:24.224+0000] {dag.py:3954} INFO - Setting next_dagrun for e_commerce_dw_etl to 2025-02-12 00:00:00+00:00, run_after=2025-02-13 00:00:00+00:00
[2025-02-12T10:03:24.245+0000] {processor.py:183} INFO - Processing /opt/airflow/dags/e_commerce_dw_dag.py took 0.125 seconds
[2025-02-12T10:08:18.034+0000] {processor.py:161} INFO - Started process (PID=184) to work on /opt/airflow/dags/e_commerce_dw_dag.py
[2025-02-12T10:08:18.036+0000] {processor.py:830} INFO - Processing file /opt/airflow/dags/e_commerce_dw_dag.py for tasks to queue
[2025-02-12T10:08:18.039+0000] {logging_mixin.py:188} INFO - [2025-02-12T10:08:18.038+0000] {dagbag.py:545} INFO - Filling up the DagBag from /opt/airflow/dags/e_commerce_dw_dag.py
[2025-02-12T10:08:18.147+0000] {processor.py:840} INFO - DAG(s) 'e_commerce_dw_etl' retrieved from /opt/airflow/dags/e_commerce_dw_dag.py
[2025-02-12T10:08:18.446+0000] {logging_mixin.py:188} INFO - [2025-02-12T10:08:18.446+0000] {dag.py:3096} INFO - Sync 1 DAGs
[2025-02-12T10:08:18.482+0000] {logging_mixin.py:188} INFO - [2025-02-12T10:08:18.481+0000] {dag.py:3954} INFO - Setting next_dagrun for e_commerce_dw_etl to 2025-02-12 00:00:00+00:00, run_after=2025-02-13 00:00:00+00:00
[2025-02-12T10:08:18.514+0000] {processor.py:183} INFO - Processing /opt/airflow/dags/e_commerce_dw_dag.py took 0.488 seconds
[2025-02-12T10:08:48.760+0000] {processor.py:161} INFO - Started process (PID=197) to work on /opt/airflow/dags/e_commerce_dw_dag.py
[2025-02-12T10:08:48.768+0000] {processor.py:830} INFO - Processing file /opt/airflow/dags/e_commerce_dw_dag.py for tasks to queue
[2025-02-12T10:08:48.775+0000] {logging_mixin.py:188} INFO - [2025-02-12T10:08:48.774+0000] {dagbag.py:545} INFO - Filling up the DagBag from /opt/airflow/dags/e_commerce_dw_dag.py
[2025-02-12T10:08:48.934+0000] {processor.py:840} INFO - DAG(s) 'e_commerce_dw_etl' retrieved from /opt/airflow/dags/e_commerce_dw_dag.py
[2025-02-12T10:08:48.971+0000] {logging_mixin.py:188} INFO - [2025-02-12T10:08:48.971+0000] {dag.py:3096} INFO - Sync 1 DAGs
[2025-02-12T10:08:49.000+0000] {logging_mixin.py:188} INFO - [2025-02-12T10:08:48.999+0000] {dag.py:3954} INFO - Setting next_dagrun for e_commerce_dw_etl to 2025-02-12 00:00:00+00:00, run_after=2025-02-13 00:00:00+00:00
[2025-02-12T10:08:49.024+0000] {processor.py:183} INFO - Processing /opt/airflow/dags/e_commerce_dw_dag.py took 0.282 seconds
[2025-02-12T10:09:19.233+0000] {processor.py:161} INFO - Started process (PID=208) to work on /opt/airflow/dags/e_commerce_dw_dag.py
[2025-02-12T10:09:19.235+0000] {processor.py:830} INFO - Processing file /opt/airflow/dags/e_commerce_dw_dag.py for tasks to queue
[2025-02-12T10:09:19.238+0000] {logging_mixin.py:188} INFO - [2025-02-12T10:09:19.237+0000] {dagbag.py:545} INFO - Filling up the DagBag from /opt/airflow/dags/e_commerce_dw_dag.py
[2025-02-12T10:09:19.326+0000] {processor.py:840} INFO - DAG(s) 'e_commerce_dw_etl' retrieved from /opt/airflow/dags/e_commerce_dw_dag.py
[2025-02-12T10:09:19.367+0000] {logging_mixin.py:188} INFO - [2025-02-12T10:09:19.367+0000] {dag.py:3096} INFO - Sync 1 DAGs
[2025-02-12T10:09:19.397+0000] {logging_mixin.py:188} INFO - [2025-02-12T10:09:19.397+0000] {dag.py:3954} INFO - Setting next_dagrun for e_commerce_dw_etl to 2025-02-12 00:00:00+00:00, run_after=2025-02-13 00:00:00+00:00
[2025-02-12T10:09:19.422+0000] {processor.py:183} INFO - Processing /opt/airflow/dags/e_commerce_dw_dag.py took 0.196 seconds
[2025-02-12T10:09:49.605+0000] {processor.py:161} INFO - Started process (PID=219) to work on /opt/airflow/dags/e_commerce_dw_dag.py
[2025-02-12T10:09:49.606+0000] {processor.py:830} INFO - Processing file /opt/airflow/dags/e_commerce_dw_dag.py for tasks to queue
[2025-02-12T10:09:49.608+0000] {logging_mixin.py:188} INFO - [2025-02-12T10:09:49.608+0000] {dagbag.py:545} INFO - Filling up the DagBag from /opt/airflow/dags/e_commerce_dw_dag.py
[2025-02-12T10:09:49.671+0000] {processor.py:840} INFO - DAG(s) 'e_commerce_dw_etl' retrieved from /opt/airflow/dags/e_commerce_dw_dag.py
[2025-02-12T10:09:49.702+0000] {logging_mixin.py:188} INFO - [2025-02-12T10:09:49.702+0000] {dag.py:3096} INFO - Sync 1 DAGs
[2025-02-12T10:09:49.725+0000] {logging_mixin.py:188} INFO - [2025-02-12T10:09:49.725+0000] {dag.py:3954} INFO - Setting next_dagrun for e_commerce_dw_etl to 2025-02-12 00:00:00+00:00, run_after=2025-02-13 00:00:00+00:00
[2025-02-12T10:09:49.749+0000] {processor.py:183} INFO - Processing /opt/airflow/dags/e_commerce_dw_dag.py took 0.149 seconds
[2025-02-12T10:10:19.882+0000] {processor.py:161} INFO - Started process (PID=244) to work on /opt/airflow/dags/e_commerce_dw_dag.py
[2025-02-12T10:10:19.883+0000] {processor.py:830} INFO - Processing file /opt/airflow/dags/e_commerce_dw_dag.py for tasks to queue
[2025-02-12T10:10:19.887+0000] {logging_mixin.py:188} INFO - [2025-02-12T10:10:19.886+0000] {dagbag.py:545} INFO - Filling up the DagBag from /opt/airflow/dags/e_commerce_dw_dag.py
[2025-02-12T10:10:20.030+0000] {processor.py:840} INFO - DAG(s) 'e_commerce_dw_etl' retrieved from /opt/airflow/dags/e_commerce_dw_dag.py
[2025-02-12T10:10:20.103+0000] {logging_mixin.py:188} INFO - [2025-02-12T10:10:20.103+0000] {dag.py:3096} INFO - Sync 1 DAGs
[2025-02-12T10:10:20.150+0000] {logging_mixin.py:188} INFO - [2025-02-12T10:10:20.150+0000] {dag.py:3954} INFO - Setting next_dagrun for e_commerce_dw_etl to 2025-02-12 00:00:00+00:00, run_after=2025-02-13 00:00:00+00:00
[2025-02-12T10:10:20.186+0000] {processor.py:183} INFO - Processing /opt/airflow/dags/e_commerce_dw_dag.py took 0.322 seconds
[2025-02-12T10:10:50.293+0000] {processor.py:161} INFO - Started process (PID=261) to work on /opt/airflow/dags/e_commerce_dw_dag.py
[2025-02-12T10:10:50.294+0000] {processor.py:830} INFO - Processing file /opt/airflow/dags/e_commerce_dw_dag.py for tasks to queue
[2025-02-12T10:10:50.296+0000] {logging_mixin.py:188} INFO - [2025-02-12T10:10:50.295+0000] {dagbag.py:545} INFO - Filling up the DagBag from /opt/airflow/dags/e_commerce_dw_dag.py
[2025-02-12T10:10:50.338+0000] {processor.py:840} INFO - DAG(s) 'e_commerce_dw_etl' retrieved from /opt/airflow/dags/e_commerce_dw_dag.py
[2025-02-12T10:10:50.362+0000] {logging_mixin.py:188} INFO - [2025-02-12T10:10:50.362+0000] {dag.py:3096} INFO - Sync 1 DAGs
[2025-02-12T10:10:50.379+0000] {logging_mixin.py:188} INFO - [2025-02-12T10:10:50.379+0000] {dag.py:3954} INFO - Setting next_dagrun for e_commerce_dw_etl to 2025-02-12 00:00:00+00:00, run_after=2025-02-13 00:00:00+00:00
[2025-02-12T10:10:50.400+0000] {processor.py:183} INFO - Processing /opt/airflow/dags/e_commerce_dw_dag.py took 0.112 seconds
[2025-02-12T10:11:20.568+0000] {processor.py:161} INFO - Started process (PID=272) to work on /opt/airflow/dags/e_commerce_dw_dag.py
[2025-02-12T10:11:20.569+0000] {processor.py:830} INFO - Processing file /opt/airflow/dags/e_commerce_dw_dag.py for tasks to queue
[2025-02-12T10:11:20.571+0000] {logging_mixin.py:188} INFO - [2025-02-12T10:11:20.570+0000] {dagbag.py:545} INFO - Filling up the DagBag from /opt/airflow/dags/e_commerce_dw_dag.py
[2025-02-12T10:11:20.610+0000] {processor.py:840} INFO - DAG(s) 'e_commerce_dw_etl' retrieved from /opt/airflow/dags/e_commerce_dw_dag.py
[2025-02-12T10:11:20.634+0000] {logging_mixin.py:188} INFO - [2025-02-12T10:11:20.633+0000] {dag.py:3096} INFO - Sync 1 DAGs
[2025-02-12T10:11:20.651+0000] {logging_mixin.py:188} INFO - [2025-02-12T10:11:20.651+0000] {dag.py:3954} INFO - Setting next_dagrun for e_commerce_dw_etl to 2025-02-12 00:00:00+00:00, run_after=2025-02-13 00:00:00+00:00
[2025-02-12T10:11:20.672+0000] {processor.py:183} INFO - Processing /opt/airflow/dags/e_commerce_dw_dag.py took 0.108 seconds
[2025-02-12T10:11:50.841+0000] {processor.py:161} INFO - Started process (PID=283) to work on /opt/airflow/dags/e_commerce_dw_dag.py
[2025-02-12T10:11:50.842+0000] {processor.py:830} INFO - Processing file /opt/airflow/dags/e_commerce_dw_dag.py for tasks to queue
[2025-02-12T10:11:50.843+0000] {logging_mixin.py:188} INFO - [2025-02-12T10:11:50.843+0000] {dagbag.py:545} INFO - Filling up the DagBag from /opt/airflow/dags/e_commerce_dw_dag.py
[2025-02-12T10:11:50.886+0000] {processor.py:840} INFO - DAG(s) 'e_commerce_dw_etl' retrieved from /opt/airflow/dags/e_commerce_dw_dag.py
[2025-02-12T10:11:50.909+0000] {logging_mixin.py:188} INFO - [2025-02-12T10:11:50.909+0000] {dag.py:3096} INFO - Sync 1 DAGs
[2025-02-12T10:11:50.926+0000] {logging_mixin.py:188} INFO - [2025-02-12T10:11:50.926+0000] {dag.py:3954} INFO - Setting next_dagrun for e_commerce_dw_etl to 2025-02-12 00:00:00+00:00, run_after=2025-02-13 00:00:00+00:00
[2025-02-12T10:11:50.946+0000] {processor.py:183} INFO - Processing /opt/airflow/dags/e_commerce_dw_dag.py took 0.110 seconds
