[2025-02-12T09:15:35.265+0000] {processor.py:161} INFO - Started process (PID=175) to work on /opt/airflow/dags/extract_data.py
[2025-02-12T09:15:35.267+0000] {processor.py:830} INFO - Processing file /opt/airflow/dags/extract_data.py for tasks to queue
[2025-02-12T09:15:35.268+0000] {logging_mixin.py:188} INFO - [2025-02-12T09:15:35.268+0000] {dagbag.py:545} INFO - Filling up the DagBag from /opt/airflow/dags/extract_data.py
[2025-02-12T09:15:35.281+0000] {processor.py:842} WARNING - No viable dags retrieved from /opt/airflow/dags/extract_data.py
[2025-02-12T09:15:35.295+0000] {processor.py:183} INFO - Processing /opt/airflow/dags/extract_data.py took 0.039 seconds
[2025-02-12T09:16:05.520+0000] {processor.py:161} INFO - Started process (PID=192) to work on /opt/airflow/dags/extract_data.py
[2025-02-12T09:16:05.521+0000] {processor.py:830} INFO - Processing file /opt/airflow/dags/extract_data.py for tasks to queue
[2025-02-12T09:16:05.522+0000] {logging_mixin.py:188} INFO - [2025-02-12T09:16:05.522+0000] {dagbag.py:545} INFO - Filling up the DagBag from /opt/airflow/dags/extract_data.py
[2025-02-12T09:16:05.535+0000] {processor.py:842} WARNING - No viable dags retrieved from /opt/airflow/dags/extract_data.py
[2025-02-12T09:16:05.549+0000] {processor.py:183} INFO - Processing /opt/airflow/dags/extract_data.py took 0.037 seconds
[2025-02-12T09:16:35.908+0000] {processor.py:161} INFO - Started process (PID=217) to work on /opt/airflow/dags/extract_data.py
[2025-02-12T09:16:35.909+0000] {processor.py:830} INFO - Processing file /opt/airflow/dags/extract_data.py for tasks to queue
[2025-02-12T09:16:35.911+0000] {logging_mixin.py:188} INFO - [2025-02-12T09:16:35.910+0000] {dagbag.py:545} INFO - Filling up the DagBag from /opt/airflow/dags/extract_data.py
[2025-02-12T09:16:35.931+0000] {processor.py:842} WARNING - No viable dags retrieved from /opt/airflow/dags/extract_data.py
[2025-02-12T09:16:35.957+0000] {processor.py:183} INFO - Processing /opt/airflow/dags/extract_data.py took 0.062 seconds
[2025-02-12T09:17:06.508+0000] {processor.py:161} INFO - Started process (PID=247) to work on /opt/airflow/dags/extract_data.py
[2025-02-12T09:17:06.511+0000] {processor.py:830} INFO - Processing file /opt/airflow/dags/extract_data.py for tasks to queue
[2025-02-12T09:17:06.513+0000] {logging_mixin.py:188} INFO - [2025-02-12T09:17:06.513+0000] {dagbag.py:545} INFO - Filling up the DagBag from /opt/airflow/dags/extract_data.py
[2025-02-12T09:17:06.596+0000] {processor.py:842} WARNING - No viable dags retrieved from /opt/airflow/dags/extract_data.py
[2025-02-12T09:17:06.646+0000] {processor.py:183} INFO - Processing /opt/airflow/dags/extract_data.py took 0.155 seconds
[2025-02-12T09:17:37.222+0000] {processor.py:161} INFO - Started process (PID=271) to work on /opt/airflow/dags/extract_data.py
[2025-02-12T09:17:37.241+0000] {processor.py:830} INFO - Processing file /opt/airflow/dags/extract_data.py for tasks to queue
[2025-02-12T09:17:37.254+0000] {logging_mixin.py:188} INFO - [2025-02-12T09:17:37.253+0000] {dagbag.py:545} INFO - Filling up the DagBag from /opt/airflow/dags/extract_data.py
[2025-02-12T09:17:37.350+0000] {processor.py:842} WARNING - No viable dags retrieved from /opt/airflow/dags/extract_data.py
[2025-02-12T09:17:37.447+0000] {processor.py:183} INFO - Processing /opt/airflow/dags/extract_data.py took 0.248 seconds
[2025-02-12T09:18:07.766+0000] {processor.py:161} INFO - Started process (PID=289) to work on /opt/airflow/dags/extract_data.py
[2025-02-12T09:18:07.767+0000] {processor.py:830} INFO - Processing file /opt/airflow/dags/extract_data.py for tasks to queue
[2025-02-12T09:18:07.768+0000] {logging_mixin.py:188} INFO - [2025-02-12T09:18:07.768+0000] {dagbag.py:545} INFO - Filling up the DagBag from /opt/airflow/dags/extract_data.py
[2025-02-12T09:18:07.779+0000] {processor.py:842} WARNING - No viable dags retrieved from /opt/airflow/dags/extract_data.py
[2025-02-12T09:18:07.793+0000] {processor.py:183} INFO - Processing /opt/airflow/dags/extract_data.py took 0.034 seconds
[2025-02-12T09:18:38.053+0000] {processor.py:161} INFO - Started process (PID=305) to work on /opt/airflow/dags/extract_data.py
[2025-02-12T09:18:38.054+0000] {processor.py:830} INFO - Processing file /opt/airflow/dags/extract_data.py for tasks to queue
[2025-02-12T09:18:38.055+0000] {logging_mixin.py:188} INFO - [2025-02-12T09:18:38.055+0000] {dagbag.py:545} INFO - Filling up the DagBag from /opt/airflow/dags/extract_data.py
[2025-02-12T09:18:38.068+0000] {processor.py:842} WARNING - No viable dags retrieved from /opt/airflow/dags/extract_data.py
[2025-02-12T09:18:38.080+0000] {processor.py:183} INFO - Processing /opt/airflow/dags/extract_data.py took 0.033 seconds
[2025-02-12T09:19:08.341+0000] {processor.py:161} INFO - Started process (PID=323) to work on /opt/airflow/dags/extract_data.py
[2025-02-12T09:19:08.342+0000] {processor.py:830} INFO - Processing file /opt/airflow/dags/extract_data.py for tasks to queue
[2025-02-12T09:19:08.344+0000] {logging_mixin.py:188} INFO - [2025-02-12T09:19:08.343+0000] {dagbag.py:545} INFO - Filling up the DagBag from /opt/airflow/dags/extract_data.py
[2025-02-12T09:19:08.363+0000] {processor.py:842} WARNING - No viable dags retrieved from /opt/airflow/dags/extract_data.py
[2025-02-12T09:19:08.383+0000] {processor.py:183} INFO - Processing /opt/airflow/dags/extract_data.py took 0.051 seconds
[2025-02-12T09:19:38.644+0000] {processor.py:161} INFO - Started process (PID=339) to work on /opt/airflow/dags/extract_data.py
[2025-02-12T09:19:38.646+0000] {processor.py:830} INFO - Processing file /opt/airflow/dags/extract_data.py for tasks to queue
[2025-02-12T09:19:38.647+0000] {logging_mixin.py:188} INFO - [2025-02-12T09:19:38.646+0000] {dagbag.py:545} INFO - Filling up the DagBag from /opt/airflow/dags/extract_data.py
[2025-02-12T09:19:38.661+0000] {processor.py:842} WARNING - No viable dags retrieved from /opt/airflow/dags/extract_data.py
[2025-02-12T09:19:38.678+0000] {processor.py:183} INFO - Processing /opt/airflow/dags/extract_data.py took 0.041 seconds
[2025-02-12T09:20:09.053+0000] {processor.py:161} INFO - Started process (PID=369) to work on /opt/airflow/dags/extract_data.py
[2025-02-12T09:20:09.054+0000] {processor.py:830} INFO - Processing file /opt/airflow/dags/extract_data.py for tasks to queue
[2025-02-12T09:20:09.055+0000] {logging_mixin.py:188} INFO - [2025-02-12T09:20:09.055+0000] {dagbag.py:545} INFO - Filling up the DagBag from /opt/airflow/dags/extract_data.py
[2025-02-12T09:20:09.068+0000] {processor.py:842} WARNING - No viable dags retrieved from /opt/airflow/dags/extract_data.py
[2025-02-12T09:20:09.082+0000] {processor.py:183} INFO - Processing /opt/airflow/dags/extract_data.py took 0.035 seconds
[2025-02-12T09:20:39.625+0000] {processor.py:161} INFO - Started process (PID=385) to work on /opt/airflow/dags/extract_data.py
[2025-02-12T09:20:39.627+0000] {processor.py:830} INFO - Processing file /opt/airflow/dags/extract_data.py for tasks to queue
[2025-02-12T09:20:39.637+0000] {logging_mixin.py:188} INFO - [2025-02-12T09:20:39.636+0000] {dagbag.py:545} INFO - Filling up the DagBag from /opt/airflow/dags/extract_data.py
[2025-02-12T09:20:39.687+0000] {processor.py:842} WARNING - No viable dags retrieved from /opt/airflow/dags/extract_data.py
[2025-02-12T09:20:39.732+0000] {processor.py:183} INFO - Processing /opt/airflow/dags/extract_data.py took 0.130 seconds
[2025-02-12T09:21:10.108+0000] {processor.py:161} INFO - Started process (PID=401) to work on /opt/airflow/dags/extract_data.py
[2025-02-12T09:21:10.109+0000] {processor.py:830} INFO - Processing file /opt/airflow/dags/extract_data.py for tasks to queue
[2025-02-12T09:21:10.110+0000] {logging_mixin.py:188} INFO - [2025-02-12T09:21:10.109+0000] {dagbag.py:545} INFO - Filling up the DagBag from /opt/airflow/dags/extract_data.py
[2025-02-12T09:21:10.121+0000] {processor.py:842} WARNING - No viable dags retrieved from /opt/airflow/dags/extract_data.py
[2025-02-12T09:21:10.132+0000] {processor.py:183} INFO - Processing /opt/airflow/dags/extract_data.py took 0.030 seconds
[2025-02-12T09:21:40.411+0000] {processor.py:161} INFO - Started process (PID=417) to work on /opt/airflow/dags/extract_data.py
[2025-02-12T09:21:40.412+0000] {processor.py:830} INFO - Processing file /opt/airflow/dags/extract_data.py for tasks to queue
[2025-02-12T09:21:40.413+0000] {logging_mixin.py:188} INFO - [2025-02-12T09:21:40.413+0000] {dagbag.py:545} INFO - Filling up the DagBag from /opt/airflow/dags/extract_data.py
[2025-02-12T09:21:40.422+0000] {processor.py:842} WARNING - No viable dags retrieved from /opt/airflow/dags/extract_data.py
[2025-02-12T09:21:40.434+0000] {processor.py:183} INFO - Processing /opt/airflow/dags/extract_data.py took 0.028 seconds
[2025-02-12T09:22:10.711+0000] {processor.py:161} INFO - Started process (PID=433) to work on /opt/airflow/dags/extract_data.py
[2025-02-12T09:22:10.713+0000] {processor.py:830} INFO - Processing file /opt/airflow/dags/extract_data.py for tasks to queue
[2025-02-12T09:22:10.714+0000] {logging_mixin.py:188} INFO - [2025-02-12T09:22:10.714+0000] {dagbag.py:545} INFO - Filling up the DagBag from /opt/airflow/dags/extract_data.py
[2025-02-12T09:22:10.731+0000] {processor.py:842} WARNING - No viable dags retrieved from /opt/airflow/dags/extract_data.py
[2025-02-12T09:22:10.751+0000] {processor.py:183} INFO - Processing /opt/airflow/dags/extract_data.py took 0.048 seconds
[2025-02-12T09:22:41.055+0000] {processor.py:161} INFO - Started process (PID=449) to work on /opt/airflow/dags/extract_data.py
[2025-02-12T09:22:41.056+0000] {processor.py:830} INFO - Processing file /opt/airflow/dags/extract_data.py for tasks to queue
[2025-02-12T09:22:41.057+0000] {logging_mixin.py:188} INFO - [2025-02-12T09:22:41.057+0000] {dagbag.py:545} INFO - Filling up the DagBag from /opt/airflow/dags/extract_data.py
[2025-02-12T09:22:41.068+0000] {processor.py:842} WARNING - No viable dags retrieved from /opt/airflow/dags/extract_data.py
[2025-02-12T09:22:41.080+0000] {processor.py:183} INFO - Processing /opt/airflow/dags/extract_data.py took 0.030 seconds
[2025-02-12T09:23:11.329+0000] {processor.py:161} INFO - Started process (PID=465) to work on /opt/airflow/dags/extract_data.py
[2025-02-12T09:23:11.330+0000] {processor.py:830} INFO - Processing file /opt/airflow/dags/extract_data.py for tasks to queue
[2025-02-12T09:23:11.331+0000] {logging_mixin.py:188} INFO - [2025-02-12T09:23:11.331+0000] {dagbag.py:545} INFO - Filling up the DagBag from /opt/airflow/dags/extract_data.py
[2025-02-12T09:23:11.341+0000] {processor.py:842} WARNING - No viable dags retrieved from /opt/airflow/dags/extract_data.py
[2025-02-12T09:23:11.353+0000] {processor.py:183} INFO - Processing /opt/airflow/dags/extract_data.py took 0.030 seconds
[2025-02-12T09:23:41.625+0000] {processor.py:161} INFO - Started process (PID=481) to work on /opt/airflow/dags/extract_data.py
[2025-02-12T09:23:41.626+0000] {processor.py:830} INFO - Processing file /opt/airflow/dags/extract_data.py for tasks to queue
[2025-02-12T09:23:41.627+0000] {logging_mixin.py:188} INFO - [2025-02-12T09:23:41.626+0000] {dagbag.py:545} INFO - Filling up the DagBag from /opt/airflow/dags/extract_data.py
[2025-02-12T09:23:41.635+0000] {processor.py:842} WARNING - No viable dags retrieved from /opt/airflow/dags/extract_data.py
[2025-02-12T09:23:41.647+0000] {processor.py:183} INFO - Processing /opt/airflow/dags/extract_data.py took 0.029 seconds
[2025-02-12T09:24:11.937+0000] {processor.py:161} INFO - Started process (PID=497) to work on /opt/airflow/dags/extract_data.py
[2025-02-12T09:24:11.938+0000] {processor.py:830} INFO - Processing file /opt/airflow/dags/extract_data.py for tasks to queue
[2025-02-12T09:24:11.939+0000] {logging_mixin.py:188} INFO - [2025-02-12T09:24:11.939+0000] {dagbag.py:545} INFO - Filling up the DagBag from /opt/airflow/dags/extract_data.py
[2025-02-12T09:24:11.949+0000] {processor.py:842} WARNING - No viable dags retrieved from /opt/airflow/dags/extract_data.py
[2025-02-12T09:24:11.959+0000] {processor.py:183} INFO - Processing /opt/airflow/dags/extract_data.py took 0.027 seconds
[2025-02-12T09:26:00.932+0000] {processor.py:161} INFO - Started process (PID=182) to work on /opt/airflow/dags/extract_data.py
[2025-02-12T09:26:00.933+0000] {processor.py:830} INFO - Processing file /opt/airflow/dags/extract_data.py for tasks to queue
[2025-02-12T09:26:00.934+0000] {logging_mixin.py:188} INFO - [2025-02-12T09:26:00.934+0000] {dagbag.py:545} INFO - Filling up the DagBag from /opt/airflow/dags/extract_data.py
[2025-02-12T09:26:00.945+0000] {processor.py:842} WARNING - No viable dags retrieved from /opt/airflow/dags/extract_data.py
[2025-02-12T09:26:00.959+0000] {processor.py:183} INFO - Processing /opt/airflow/dags/extract_data.py took 0.033 seconds
[2025-02-12T09:26:31.207+0000] {processor.py:161} INFO - Started process (PID=197) to work on /opt/airflow/dags/extract_data.py
[2025-02-12T09:26:31.209+0000] {processor.py:830} INFO - Processing file /opt/airflow/dags/extract_data.py for tasks to queue
[2025-02-12T09:26:31.210+0000] {logging_mixin.py:188} INFO - [2025-02-12T09:26:31.210+0000] {dagbag.py:545} INFO - Filling up the DagBag from /opt/airflow/dags/extract_data.py
[2025-02-12T09:26:31.229+0000] {processor.py:842} WARNING - No viable dags retrieved from /opt/airflow/dags/extract_data.py
[2025-02-12T09:26:31.250+0000] {processor.py:183} INFO - Processing /opt/airflow/dags/extract_data.py took 0.052 seconds
[2025-02-12T09:27:01.546+0000] {processor.py:161} INFO - Started process (PID=213) to work on /opt/airflow/dags/extract_data.py
[2025-02-12T09:27:01.547+0000] {processor.py:830} INFO - Processing file /opt/airflow/dags/extract_data.py for tasks to queue
[2025-02-12T09:27:01.549+0000] {logging_mixin.py:188} INFO - [2025-02-12T09:27:01.548+0000] {dagbag.py:545} INFO - Filling up the DagBag from /opt/airflow/dags/extract_data.py
[2025-02-12T09:27:01.568+0000] {processor.py:842} WARNING - No viable dags retrieved from /opt/airflow/dags/extract_data.py
[2025-02-12T09:27:01.586+0000] {processor.py:183} INFO - Processing /opt/airflow/dags/extract_data.py took 0.051 seconds
[2025-02-12T09:27:31.876+0000] {processor.py:161} INFO - Started process (PID=229) to work on /opt/airflow/dags/extract_data.py
[2025-02-12T09:27:31.878+0000] {processor.py:830} INFO - Processing file /opt/airflow/dags/extract_data.py for tasks to queue
[2025-02-12T09:27:31.880+0000] {logging_mixin.py:188} INFO - [2025-02-12T09:27:31.880+0000] {dagbag.py:545} INFO - Filling up the DagBag from /opt/airflow/dags/extract_data.py
[2025-02-12T09:27:31.901+0000] {processor.py:842} WARNING - No viable dags retrieved from /opt/airflow/dags/extract_data.py
[2025-02-12T09:27:31.933+0000] {processor.py:183} INFO - Processing /opt/airflow/dags/extract_data.py took 0.066 seconds
[2025-02-12T09:28:02.277+0000] {processor.py:161} INFO - Started process (PID=262) to work on /opt/airflow/dags/extract_data.py
[2025-02-12T09:28:02.279+0000] {processor.py:830} INFO - Processing file /opt/airflow/dags/extract_data.py for tasks to queue
[2025-02-12T09:28:02.281+0000] {logging_mixin.py:188} INFO - [2025-02-12T09:28:02.280+0000] {dagbag.py:545} INFO - Filling up the DagBag from /opt/airflow/dags/extract_data.py
[2025-02-12T09:28:02.301+0000] {processor.py:842} WARNING - No viable dags retrieved from /opt/airflow/dags/extract_data.py
[2025-02-12T09:28:02.320+0000] {processor.py:183} INFO - Processing /opt/airflow/dags/extract_data.py took 0.053 seconds
[2025-02-12T09:28:32.611+0000] {processor.py:161} INFO - Started process (PID=278) to work on /opt/airflow/dags/extract_data.py
[2025-02-12T09:28:32.612+0000] {processor.py:830} INFO - Processing file /opt/airflow/dags/extract_data.py for tasks to queue
[2025-02-12T09:28:32.613+0000] {logging_mixin.py:188} INFO - [2025-02-12T09:28:32.612+0000] {dagbag.py:545} INFO - Filling up the DagBag from /opt/airflow/dags/extract_data.py
[2025-02-12T09:28:32.626+0000] {processor.py:842} WARNING - No viable dags retrieved from /opt/airflow/dags/extract_data.py
[2025-02-12T09:28:32.641+0000] {processor.py:183} INFO - Processing /opt/airflow/dags/extract_data.py took 0.037 seconds
[2025-02-12T09:30:06.764+0000] {processor.py:161} INFO - Started process (PID=182) to work on /opt/airflow/dags/extract_data.py
[2025-02-12T09:30:06.765+0000] {processor.py:830} INFO - Processing file /opt/airflow/dags/extract_data.py for tasks to queue
[2025-02-12T09:30:06.767+0000] {logging_mixin.py:188} INFO - [2025-02-12T09:30:06.766+0000] {dagbag.py:545} INFO - Filling up the DagBag from /opt/airflow/dags/extract_data.py
[2025-02-12T09:30:06.782+0000] {processor.py:842} WARNING - No viable dags retrieved from /opt/airflow/dags/extract_data.py
[2025-02-12T09:30:06.800+0000] {processor.py:183} INFO - Processing /opt/airflow/dags/extract_data.py took 0.043 seconds
[2025-02-12T09:30:37.039+0000] {processor.py:161} INFO - Started process (PID=197) to work on /opt/airflow/dags/extract_data.py
[2025-02-12T09:30:37.040+0000] {processor.py:830} INFO - Processing file /opt/airflow/dags/extract_data.py for tasks to queue
[2025-02-12T09:30:37.041+0000] {logging_mixin.py:188} INFO - [2025-02-12T09:30:37.041+0000] {dagbag.py:545} INFO - Filling up the DagBag from /opt/airflow/dags/extract_data.py
[2025-02-12T09:30:37.058+0000] {processor.py:842} WARNING - No viable dags retrieved from /opt/airflow/dags/extract_data.py
[2025-02-12T09:30:37.074+0000] {processor.py:183} INFO - Processing /opt/airflow/dags/extract_data.py took 0.041 seconds
[2025-02-12T09:31:07.379+0000] {processor.py:161} INFO - Started process (PID=213) to work on /opt/airflow/dags/extract_data.py
[2025-02-12T09:31:07.380+0000] {processor.py:830} INFO - Processing file /opt/airflow/dags/extract_data.py for tasks to queue
[2025-02-12T09:31:07.381+0000] {logging_mixin.py:188} INFO - [2025-02-12T09:31:07.381+0000] {dagbag.py:545} INFO - Filling up the DagBag from /opt/airflow/dags/extract_data.py
[2025-02-12T09:31:07.400+0000] {processor.py:842} WARNING - No viable dags retrieved from /opt/airflow/dags/extract_data.py
[2025-02-12T09:31:07.426+0000] {processor.py:183} INFO - Processing /opt/airflow/dags/extract_data.py took 0.057 seconds
[2025-02-12T09:31:37.751+0000] {processor.py:161} INFO - Started process (PID=229) to work on /opt/airflow/dags/extract_data.py
[2025-02-12T09:31:37.752+0000] {processor.py:830} INFO - Processing file /opt/airflow/dags/extract_data.py for tasks to queue
[2025-02-12T09:31:37.754+0000] {logging_mixin.py:188} INFO - [2025-02-12T09:31:37.753+0000] {dagbag.py:545} INFO - Filling up the DagBag from /opt/airflow/dags/extract_data.py
[2025-02-12T09:31:37.778+0000] {processor.py:842} WARNING - No viable dags retrieved from /opt/airflow/dags/extract_data.py
[2025-02-12T09:31:37.801+0000] {processor.py:183} INFO - Processing /opt/airflow/dags/extract_data.py took 0.059 seconds
[2025-02-12T09:32:08.184+0000] {processor.py:161} INFO - Started process (PID=260) to work on /opt/airflow/dags/extract_data.py
[2025-02-12T09:32:08.185+0000] {processor.py:830} INFO - Processing file /opt/airflow/dags/extract_data.py for tasks to queue
[2025-02-12T09:32:08.186+0000] {logging_mixin.py:188} INFO - [2025-02-12T09:32:08.185+0000] {dagbag.py:545} INFO - Filling up the DagBag from /opt/airflow/dags/extract_data.py
[2025-02-12T09:32:08.196+0000] {processor.py:842} WARNING - No viable dags retrieved from /opt/airflow/dags/extract_data.py
[2025-02-12T09:32:08.208+0000] {processor.py:183} INFO - Processing /opt/airflow/dags/extract_data.py took 0.030 seconds
[2025-02-12T09:32:38.491+0000] {processor.py:161} INFO - Started process (PID=276) to work on /opt/airflow/dags/extract_data.py
[2025-02-12T09:32:38.492+0000] {processor.py:830} INFO - Processing file /opt/airflow/dags/extract_data.py for tasks to queue
[2025-02-12T09:32:38.493+0000] {logging_mixin.py:188} INFO - [2025-02-12T09:32:38.493+0000] {dagbag.py:545} INFO - Filling up the DagBag from /opt/airflow/dags/extract_data.py
[2025-02-12T09:32:38.503+0000] {processor.py:842} WARNING - No viable dags retrieved from /opt/airflow/dags/extract_data.py
[2025-02-12T09:32:38.515+0000] {processor.py:183} INFO - Processing /opt/airflow/dags/extract_data.py took 0.030 seconds
[2025-02-12T09:33:08.771+0000] {processor.py:161} INFO - Started process (PID=292) to work on /opt/airflow/dags/extract_data.py
[2025-02-12T09:33:08.771+0000] {processor.py:830} INFO - Processing file /opt/airflow/dags/extract_data.py for tasks to queue
[2025-02-12T09:33:08.772+0000] {logging_mixin.py:188} INFO - [2025-02-12T09:33:08.772+0000] {dagbag.py:545} INFO - Filling up the DagBag from /opt/airflow/dags/extract_data.py
[2025-02-12T09:33:08.781+0000] {processor.py:842} WARNING - No viable dags retrieved from /opt/airflow/dags/extract_data.py
[2025-02-12T09:33:08.796+0000] {processor.py:183} INFO - Processing /opt/airflow/dags/extract_data.py took 0.031 seconds
[2025-02-12T09:34:13.503+0000] {processor.py:161} INFO - Started process (PID=181) to work on /opt/airflow/dags/extract_data.py
[2025-02-12T09:34:13.504+0000] {processor.py:830} INFO - Processing file /opt/airflow/dags/extract_data.py for tasks to queue
[2025-02-12T09:34:13.505+0000] {logging_mixin.py:188} INFO - [2025-02-12T09:34:13.505+0000] {dagbag.py:545} INFO - Filling up the DagBag from /opt/airflow/dags/extract_data.py
[2025-02-12T09:34:13.517+0000] {processor.py:842} WARNING - No viable dags retrieved from /opt/airflow/dags/extract_data.py
[2025-02-12T09:34:13.531+0000] {processor.py:183} INFO - Processing /opt/airflow/dags/extract_data.py took 0.035 seconds
[2025-02-12T09:34:43.829+0000] {processor.py:161} INFO - Started process (PID=194) to work on /opt/airflow/dags/extract_data.py
[2025-02-12T09:34:43.831+0000] {processor.py:830} INFO - Processing file /opt/airflow/dags/extract_data.py for tasks to queue
[2025-02-12T09:34:43.833+0000] {logging_mixin.py:188} INFO - [2025-02-12T09:34:43.832+0000] {dagbag.py:545} INFO - Filling up the DagBag from /opt/airflow/dags/extract_data.py
[2025-02-12T09:34:43.853+0000] {processor.py:842} WARNING - No viable dags retrieved from /opt/airflow/dags/extract_data.py
[2025-02-12T09:34:43.868+0000] {processor.py:183} INFO - Processing /opt/airflow/dags/extract_data.py took 0.047 seconds
[2025-02-12T09:35:14.146+0000] {processor.py:161} INFO - Started process (PID=215) to work on /opt/airflow/dags/extract_data.py
[2025-02-12T09:35:14.147+0000] {processor.py:830} INFO - Processing file /opt/airflow/dags/extract_data.py for tasks to queue
[2025-02-12T09:35:14.149+0000] {logging_mixin.py:188} INFO - [2025-02-12T09:35:14.148+0000] {dagbag.py:545} INFO - Filling up the DagBag from /opt/airflow/dags/extract_data.py
[2025-02-12T09:35:14.166+0000] {processor.py:842} WARNING - No viable dags retrieved from /opt/airflow/dags/extract_data.py
[2025-02-12T09:35:14.186+0000] {processor.py:183} INFO - Processing /opt/airflow/dags/extract_data.py took 0.049 seconds
[2025-02-12T09:35:44.475+0000] {processor.py:161} INFO - Started process (PID=231) to work on /opt/airflow/dags/extract_data.py
[2025-02-12T09:35:44.476+0000] {processor.py:830} INFO - Processing file /opt/airflow/dags/extract_data.py for tasks to queue
[2025-02-12T09:35:44.477+0000] {logging_mixin.py:188} INFO - [2025-02-12T09:35:44.477+0000] {dagbag.py:545} INFO - Filling up the DagBag from /opt/airflow/dags/extract_data.py
[2025-02-12T09:35:44.495+0000] {processor.py:842} WARNING - No viable dags retrieved from /opt/airflow/dags/extract_data.py
[2025-02-12T09:35:44.516+0000] {processor.py:183} INFO - Processing /opt/airflow/dags/extract_data.py took 0.051 seconds
[2025-02-12T09:36:14.893+0000] {processor.py:161} INFO - Started process (PID=261) to work on /opt/airflow/dags/extract_data.py
[2025-02-12T09:36:14.894+0000] {processor.py:830} INFO - Processing file /opt/airflow/dags/extract_data.py for tasks to queue
[2025-02-12T09:36:14.895+0000] {logging_mixin.py:188} INFO - [2025-02-12T09:36:14.895+0000] {dagbag.py:545} INFO - Filling up the DagBag from /opt/airflow/dags/extract_data.py
[2025-02-12T09:36:14.905+0000] {processor.py:842} WARNING - No viable dags retrieved from /opt/airflow/dags/extract_data.py
[2025-02-12T09:36:14.918+0000] {processor.py:183} INFO - Processing /opt/airflow/dags/extract_data.py took 0.030 seconds
[2025-02-12T09:36:45.265+0000] {processor.py:161} INFO - Started process (PID=277) to work on /opt/airflow/dags/extract_data.py
[2025-02-12T09:36:45.265+0000] {processor.py:830} INFO - Processing file /opt/airflow/dags/extract_data.py for tasks to queue
[2025-02-12T09:36:45.266+0000] {logging_mixin.py:188} INFO - [2025-02-12T09:36:45.266+0000] {dagbag.py:545} INFO - Filling up the DagBag from /opt/airflow/dags/extract_data.py
[2025-02-12T09:36:45.279+0000] {processor.py:842} WARNING - No viable dags retrieved from /opt/airflow/dags/extract_data.py
[2025-02-12T09:36:45.292+0000] {processor.py:183} INFO - Processing /opt/airflow/dags/extract_data.py took 0.033 seconds
[2025-02-12T09:37:15.672+0000] {processor.py:161} INFO - Started process (PID=293) to work on /opt/airflow/dags/extract_data.py
[2025-02-12T09:37:15.674+0000] {processor.py:830} INFO - Processing file /opt/airflow/dags/extract_data.py for tasks to queue
[2025-02-12T09:37:15.675+0000] {logging_mixin.py:188} INFO - [2025-02-12T09:37:15.675+0000] {dagbag.py:545} INFO - Filling up the DagBag from /opt/airflow/dags/extract_data.py
[2025-02-12T09:37:15.689+0000] {processor.py:842} WARNING - No viable dags retrieved from /opt/airflow/dags/extract_data.py
[2025-02-12T09:37:15.708+0000] {processor.py:183} INFO - Processing /opt/airflow/dags/extract_data.py took 0.050 seconds
[2025-02-12T09:37:46.057+0000] {processor.py:161} INFO - Started process (PID=309) to work on /opt/airflow/dags/extract_data.py
[2025-02-12T09:37:46.058+0000] {processor.py:830} INFO - Processing file /opt/airflow/dags/extract_data.py for tasks to queue
[2025-02-12T09:37:46.059+0000] {logging_mixin.py:188} INFO - [2025-02-12T09:37:46.059+0000] {dagbag.py:545} INFO - Filling up the DagBag from /opt/airflow/dags/extract_data.py
[2025-02-12T09:37:46.069+0000] {processor.py:842} WARNING - No viable dags retrieved from /opt/airflow/dags/extract_data.py
[2025-02-12T09:37:46.082+0000] {processor.py:183} INFO - Processing /opt/airflow/dags/extract_data.py took 0.030 seconds
[2025-02-12T09:38:16.457+0000] {processor.py:161} INFO - Started process (PID=325) to work on /opt/airflow/dags/extract_data.py
[2025-02-12T09:38:16.458+0000] {processor.py:830} INFO - Processing file /opt/airflow/dags/extract_data.py for tasks to queue
[2025-02-12T09:38:16.459+0000] {logging_mixin.py:188} INFO - [2025-02-12T09:38:16.459+0000] {dagbag.py:545} INFO - Filling up the DagBag from /opt/airflow/dags/extract_data.py
[2025-02-12T09:38:16.468+0000] {processor.py:842} WARNING - No viable dags retrieved from /opt/airflow/dags/extract_data.py
[2025-02-12T09:38:16.482+0000] {processor.py:183} INFO - Processing /opt/airflow/dags/extract_data.py took 0.029 seconds
[2025-02-12T09:38:46.831+0000] {processor.py:161} INFO - Started process (PID=347) to work on /opt/airflow/dags/extract_data.py
[2025-02-12T09:38:46.832+0000] {processor.py:830} INFO - Processing file /opt/airflow/dags/extract_data.py for tasks to queue
[2025-02-12T09:38:46.833+0000] {logging_mixin.py:188} INFO - [2025-02-12T09:38:46.833+0000] {dagbag.py:545} INFO - Filling up the DagBag from /opt/airflow/dags/extract_data.py
[2025-02-12T09:38:46.848+0000] {processor.py:842} WARNING - No viable dags retrieved from /opt/airflow/dags/extract_data.py
[2025-02-12T09:38:46.864+0000] {processor.py:183} INFO - Processing /opt/airflow/dags/extract_data.py took 0.038 seconds
[2025-02-12T09:39:17.222+0000] {processor.py:161} INFO - Started process (PID=363) to work on /opt/airflow/dags/extract_data.py
[2025-02-12T09:39:17.222+0000] {processor.py:830} INFO - Processing file /opt/airflow/dags/extract_data.py for tasks to queue
[2025-02-12T09:39:17.223+0000] {logging_mixin.py:188} INFO - [2025-02-12T09:39:17.223+0000] {dagbag.py:545} INFO - Filling up the DagBag from /opt/airflow/dags/extract_data.py
[2025-02-12T09:39:17.234+0000] {processor.py:842} WARNING - No viable dags retrieved from /opt/airflow/dags/extract_data.py
[2025-02-12T09:39:17.247+0000] {processor.py:183} INFO - Processing /opt/airflow/dags/extract_data.py took 0.032 seconds
[2025-02-12T09:39:47.601+0000] {processor.py:161} INFO - Started process (PID=379) to work on /opt/airflow/dags/extract_data.py
[2025-02-12T09:39:47.602+0000] {processor.py:830} INFO - Processing file /opt/airflow/dags/extract_data.py for tasks to queue
[2025-02-12T09:39:47.603+0000] {logging_mixin.py:188} INFO - [2025-02-12T09:39:47.602+0000] {dagbag.py:545} INFO - Filling up the DagBag from /opt/airflow/dags/extract_data.py
[2025-02-12T09:39:47.614+0000] {processor.py:842} WARNING - No viable dags retrieved from /opt/airflow/dags/extract_data.py
[2025-02-12T09:39:47.627+0000] {processor.py:183} INFO - Processing /opt/airflow/dags/extract_data.py took 0.034 seconds
[2025-02-12T09:40:17.987+0000] {processor.py:161} INFO - Started process (PID=395) to work on /opt/airflow/dags/extract_data.py
[2025-02-12T09:40:17.988+0000] {processor.py:830} INFO - Processing file /opt/airflow/dags/extract_data.py for tasks to queue
[2025-02-12T09:40:17.989+0000] {logging_mixin.py:188} INFO - [2025-02-12T09:40:17.988+0000] {dagbag.py:545} INFO - Filling up the DagBag from /opt/airflow/dags/extract_data.py
[2025-02-12T09:40:18.005+0000] {processor.py:842} WARNING - No viable dags retrieved from /opt/airflow/dags/extract_data.py
[2025-02-12T09:40:18.019+0000] {processor.py:183} INFO - Processing /opt/airflow/dags/extract_data.py took 0.038 seconds
[2025-02-12T09:40:48.359+0000] {processor.py:161} INFO - Started process (PID=412) to work on /opt/airflow/dags/extract_data.py
[2025-02-12T09:40:48.360+0000] {processor.py:830} INFO - Processing file /opt/airflow/dags/extract_data.py for tasks to queue
[2025-02-12T09:40:48.361+0000] {logging_mixin.py:188} INFO - [2025-02-12T09:40:48.361+0000] {dagbag.py:545} INFO - Filling up the DagBag from /opt/airflow/dags/extract_data.py
[2025-02-12T09:40:48.372+0000] {processor.py:842} WARNING - No viable dags retrieved from /opt/airflow/dags/extract_data.py
[2025-02-12T09:40:48.385+0000] {processor.py:183} INFO - Processing /opt/airflow/dags/extract_data.py took 0.032 seconds
[2025-02-12T09:41:18.663+0000] {processor.py:161} INFO - Started process (PID=428) to work on /opt/airflow/dags/extract_data.py
[2025-02-12T09:41:18.664+0000] {processor.py:830} INFO - Processing file /opt/airflow/dags/extract_data.py for tasks to queue
[2025-02-12T09:41:18.665+0000] {logging_mixin.py:188} INFO - [2025-02-12T09:41:18.665+0000] {dagbag.py:545} INFO - Filling up the DagBag from /opt/airflow/dags/extract_data.py
[2025-02-12T09:41:18.675+0000] {processor.py:842} WARNING - No viable dags retrieved from /opt/airflow/dags/extract_data.py
[2025-02-12T09:41:18.688+0000] {processor.py:183} INFO - Processing /opt/airflow/dags/extract_data.py took 0.031 seconds
[2025-02-12T09:41:49.018+0000] {processor.py:161} INFO - Started process (PID=444) to work on /opt/airflow/dags/extract_data.py
[2025-02-12T09:41:49.019+0000] {processor.py:830} INFO - Processing file /opt/airflow/dags/extract_data.py for tasks to queue
[2025-02-12T09:41:49.020+0000] {logging_mixin.py:188} INFO - [2025-02-12T09:41:49.019+0000] {dagbag.py:545} INFO - Filling up the DagBag from /opt/airflow/dags/extract_data.py
[2025-02-12T09:41:49.029+0000] {processor.py:842} WARNING - No viable dags retrieved from /opt/airflow/dags/extract_data.py
[2025-02-12T09:41:49.043+0000] {processor.py:183} INFO - Processing /opt/airflow/dags/extract_data.py took 0.031 seconds
[2025-02-12T09:42:19.373+0000] {processor.py:161} INFO - Started process (PID=460) to work on /opt/airflow/dags/extract_data.py
[2025-02-12T09:42:19.374+0000] {processor.py:830} INFO - Processing file /opt/airflow/dags/extract_data.py for tasks to queue
[2025-02-12T09:42:19.375+0000] {logging_mixin.py:188} INFO - [2025-02-12T09:42:19.374+0000] {dagbag.py:545} INFO - Filling up the DagBag from /opt/airflow/dags/extract_data.py
[2025-02-12T09:42:19.386+0000] {processor.py:842} WARNING - No viable dags retrieved from /opt/airflow/dags/extract_data.py
[2025-02-12T09:42:19.398+0000] {processor.py:183} INFO - Processing /opt/airflow/dags/extract_data.py took 0.030 seconds
