[2025-02-12T09:15:54.775+0000] {local_task_job_runner.py:120} INFO - ::group::Pre task execution logs
[2025-02-12T09:15:54.814+0000] {taskinstance.py:2076} INFO - Dependencies all met for dep_context=non-requeueable deps ti=<TaskInstance: e_commerce_dw_etl.extract.extract_and_load_to_staging manual__2025-02-12T09:15:54.205195+00:00 [queued]>
[2025-02-12T09:15:54.826+0000] {taskinstance.py:2076} INFO - Dependencies all met for dep_context=requeueable deps ti=<TaskInstance: e_commerce_dw_etl.extract.extract_and_load_to_staging manual__2025-02-12T09:15:54.205195+00:00 [queued]>
[2025-02-12T09:15:54.827+0000] {taskinstance.py:2306} INFO - Starting attempt 1 of 1
[2025-02-12T09:15:54.851+0000] {taskinstance.py:2330} INFO - Executing <Task(PythonOperator): extract.extract_and_load_to_staging> on 2025-02-12 09:15:54.205195+00:00
[2025-02-12T09:15:54.857+0000] {standard_task_runner.py:63} INFO - Started process 191 to run task
[2025-02-12T09:15:54.865+0000] {standard_task_runner.py:90} INFO - Running: ['***', 'tasks', 'run', 'e_commerce_dw_etl', 'extract.extract_and_load_to_staging', 'manual__2025-02-12T09:15:54.205195+00:00', '--job-id', '197', '--raw', '--subdir', 'DAGS_FOLDER/e_commerce_dw_dag.py', '--cfg-path', '/tmp/tmpklbipd94']
[2025-02-12T09:15:54.869+0000] {standard_task_runner.py:91} INFO - Job 197: Subtask extract.extract_and_load_to_staging
[2025-02-12T09:15:54.949+0000] {task_command.py:426} INFO - Running <TaskInstance: e_commerce_dw_etl.extract.extract_and_load_to_staging manual__2025-02-12T09:15:54.205195+00:00 [running]> on host 1f90b0c5673e
[2025-02-12T09:15:55.073+0000] {taskinstance.py:2648} INFO - Exporting env vars: AIRFLOW_CTX_DAG_OWNER='***' AIRFLOW_CTX_DAG_ID='e_commerce_dw_etl' AIRFLOW_CTX_TASK_ID='extract.extract_and_load_to_staging' AIRFLOW_CTX_EXECUTION_DATE='2025-02-12T09:15:54.205195+00:00' AIRFLOW_CTX_TRY_NUMBER='1' AIRFLOW_CTX_DAG_RUN_ID='manual__2025-02-12T09:15:54.205195+00:00'
[2025-02-12T09:15:55.074+0000] {taskinstance.py:430} INFO - ::endgroup::
[2025-02-12T09:15:55.102+0000] {base.py:84} INFO - Using connection ID 'mysql' for task execution.
[2025-02-12T09:15:55.118+0000] {base.py:84} INFO - Using connection ID 'postgres' for task execution.
[2025-02-12T09:15:55.194+0000] {base.py:84} INFO - Using connection ID 'mysql' for task execution.
[2025-02-12T09:15:55.216+0000] {logging_mixin.py:188} WARNING - /home/***/.local/lib/python3.10/site-packages/***/providers/common/sql/hooks/sql.py:263 UserWarning: pandas only supports SQLAlchemy connectable (engine/connection) or database string URI or sqlite3 DBAPI2 connection. Other DBAPI2 objects are not tested. Please consider using SQLAlchemy.
[2025-02-12T09:15:55.240+0000] {base.py:84} INFO - Using connection ID 'postgres' for task execution.
[2025-02-12T09:15:55.413+0000] {logging_mixin.py:188} INFO - Đã trích xuất và lưu bảng product_category_name_translation từ MySQL vào PostgreSQL staging
[2025-02-12T09:15:55.422+0000] {base.py:84} INFO - Using connection ID 'mysql' for task execution.
[2025-02-12T09:15:55.429+0000] {logging_mixin.py:188} WARNING - /home/***/.local/lib/python3.10/site-packages/***/providers/common/sql/hooks/sql.py:263 UserWarning: pandas only supports SQLAlchemy connectable (engine/connection) or database string URI or sqlite3 DBAPI2 connection. Other DBAPI2 objects are not tested. Please consider using SQLAlchemy.
[2025-02-12T09:15:58.842+0000] {base.py:84} INFO - Using connection ID 'postgres' for task execution.
[2025-02-12T09:17:00.395+0000] {logging_mixin.py:188} INFO - Đã trích xuất và lưu bảng geolocation từ MySQL vào PostgreSQL staging
[2025-02-12T09:17:00.408+0000] {base.py:84} INFO - Using connection ID 'mysql' for task execution.
[2025-02-12T09:17:00.423+0000] {logging_mixin.py:188} WARNING - /home/***/.local/lib/python3.10/site-packages/***/providers/common/sql/hooks/sql.py:263 UserWarning: pandas only supports SQLAlchemy connectable (engine/connection) or database string URI or sqlite3 DBAPI2 connection. Other DBAPI2 objects are not tested. Please consider using SQLAlchemy.
[2025-02-12T09:17:00.509+0000] {base.py:84} INFO - Using connection ID 'postgres' for task execution.
[2025-02-12T09:17:00.997+0000] {logging_mixin.py:188} INFO - Đã trích xuất và lưu bảng sellers từ MySQL vào PostgreSQL staging
[2025-02-12T09:17:01.007+0000] {base.py:84} INFO - Using connection ID 'mysql' for task execution.
[2025-02-12T09:17:01.021+0000] {logging_mixin.py:188} WARNING - /home/***/.local/lib/python3.10/site-packages/***/providers/common/sql/hooks/sql.py:263 UserWarning: pandas only supports SQLAlchemy connectable (engine/connection) or database string URI or sqlite3 DBAPI2 connection. Other DBAPI2 objects are not tested. Please consider using SQLAlchemy.
[2025-02-12T09:17:01.569+0000] {base.py:84} INFO - Using connection ID 'postgres' for task execution.
[2025-02-12T09:17:04.899+0000] {logging_mixin.py:188} INFO - Đã trích xuất và lưu bảng customers từ MySQL vào PostgreSQL staging
[2025-02-12T09:17:04.914+0000] {base.py:84} INFO - Using connection ID 'mysql' for task execution.
[2025-02-12T09:17:04.945+0000] {logging_mixin.py:188} WARNING - /home/***/.local/lib/python3.10/site-packages/***/providers/common/sql/hooks/sql.py:263 UserWarning: pandas only supports SQLAlchemy connectable (engine/connection) or database string URI or sqlite3 DBAPI2 connection. Other DBAPI2 objects are not tested. Please consider using SQLAlchemy.
[2025-02-12T09:17:05.321+0000] {base.py:84} INFO - Using connection ID 'postgres' for task execution.
[2025-02-12T09:17:08.768+0000] {logging_mixin.py:188} INFO - Đã trích xuất và lưu bảng products từ MySQL vào PostgreSQL staging
[2025-02-12T09:17:08.777+0000] {base.py:84} INFO - Using connection ID 'mysql' for task execution.
[2025-02-12T09:17:08.790+0000] {logging_mixin.py:188} WARNING - /home/***/.local/lib/python3.10/site-packages/***/providers/common/sql/hooks/sql.py:263 UserWarning: pandas only supports SQLAlchemy connectable (engine/connection) or database string URI or sqlite3 DBAPI2 connection. Other DBAPI2 objects are not tested. Please consider using SQLAlchemy.
[2025-02-12T09:17:10.269+0000] {base.py:84} INFO - Using connection ID 'postgres' for task execution.
[2025-02-12T09:17:16.129+0000] {logging_mixin.py:188} INFO - Đã trích xuất và lưu bảng orders từ MySQL vào PostgreSQL staging
[2025-02-12T09:17:16.136+0000] {base.py:84} INFO - Using connection ID 'mysql' for task execution.
[2025-02-12T09:17:16.146+0000] {logging_mixin.py:188} WARNING - /home/***/.local/lib/python3.10/site-packages/***/providers/common/sql/hooks/sql.py:263 UserWarning: pandas only supports SQLAlchemy connectable (engine/connection) or database string URI or sqlite3 DBAPI2 connection. Other DBAPI2 objects are not tested. Please consider using SQLAlchemy.
[2025-02-12T09:17:17.270+0000] {base.py:84} INFO - Using connection ID 'postgres' for task execution.
[2025-02-12T09:17:23.909+0000] {logging_mixin.py:188} INFO - Đã trích xuất và lưu bảng order_items từ MySQL vào PostgreSQL staging
[2025-02-12T09:17:23.917+0000] {base.py:84} INFO - Using connection ID 'mysql' for task execution.
[2025-02-12T09:17:23.926+0000] {logging_mixin.py:188} WARNING - /home/***/.local/lib/python3.10/site-packages/***/providers/common/sql/hooks/sql.py:263 UserWarning: pandas only supports SQLAlchemy connectable (engine/connection) or database string URI or sqlite3 DBAPI2 connection. Other DBAPI2 objects are not tested. Please consider using SQLAlchemy.
[2025-02-12T09:17:24.458+0000] {base.py:84} INFO - Using connection ID 'postgres' for task execution.
[2025-02-12T09:17:28.090+0000] {logging_mixin.py:188} INFO - Đã trích xuất và lưu bảng order_payments từ MySQL vào PostgreSQL staging
[2025-02-12T09:17:28.097+0000] {base.py:84} INFO - Using connection ID 'mysql' for task execution.
[2025-02-12T09:17:28.111+0000] {logging_mixin.py:188} WARNING - /home/***/.local/lib/python3.10/site-packages/***/providers/common/sql/hooks/sql.py:263 UserWarning: pandas only supports SQLAlchemy connectable (engine/connection) or database string URI or sqlite3 DBAPI2 connection. Other DBAPI2 objects are not tested. Please consider using SQLAlchemy.
[2025-02-12T09:17:28.955+0000] {base.py:84} INFO - Using connection ID 'postgres' for task execution.
[2025-02-12T09:17:32.908+0000] {logging_mixin.py:188} INFO - Đã trích xuất và lưu bảng order_reviews từ MySQL vào PostgreSQL staging
[2025-02-12T09:17:32.926+0000] {python.py:237} INFO - Done. Returned value was: None
[2025-02-12T09:17:32.927+0000] {taskinstance.py:441} INFO - ::group::Post task execution logs
[2025-02-12T09:17:32.937+0000] {taskinstance.py:1206} INFO - Marking task as SUCCESS. dag_id=e_commerce_dw_etl, task_id=extract.extract_and_load_to_staging, run_id=manual__2025-02-12T09:15:54.205195+00:00, execution_date=20250212T091554, start_date=20250212T091554, end_date=20250212T091732
[2025-02-12T09:17:33.007+0000] {local_task_job_runner.py:240} INFO - Task exited with return code 0
[2025-02-12T09:17:33.041+0000] {taskinstance.py:3503} INFO - 6 downstream tasks scheduled from follow-on schedule check
[2025-02-12T09:17:33.044+0000] {local_task_job_runner.py:222} INFO - ::endgroup::
