[2025-02-09T15:41:32.256+0000] {processor.py:161} INFO - Started process (PID=186) to work on /opt/airflow/dags/extract_data.py
[2025-02-09T15:41:32.257+0000] {processor.py:830} INFO - Processing file /opt/airflow/dags/extract_data.py for tasks to queue
[2025-02-09T15:41:32.258+0000] {logging_mixin.py:188} INFO - [2025-02-09T15:41:32.258+0000] {dagbag.py:545} INFO - Filling up the DagBag from /opt/airflow/dags/extract_data.py
[2025-02-09T15:41:32.278+0000] {processor.py:842} WARNING - No viable dags retrieved from /opt/airflow/dags/extract_data.py
[2025-02-09T15:41:32.296+0000] {processor.py:183} INFO - Processing /opt/airflow/dags/extract_data.py took 0.051 seconds
[2025-02-09T15:42:02.666+0000] {processor.py:161} INFO - Started process (PID=200) to work on /opt/airflow/dags/extract_data.py
[2025-02-09T15:42:02.667+0000] {processor.py:830} INFO - Processing file /opt/airflow/dags/extract_data.py for tasks to queue
[2025-02-09T15:42:02.670+0000] {logging_mixin.py:188} INFO - [2025-02-09T15:42:02.669+0000] {dagbag.py:545} INFO - Filling up the DagBag from /opt/airflow/dags/extract_data.py
[2025-02-09T15:42:02.714+0000] {processor.py:842} WARNING - No viable dags retrieved from /opt/airflow/dags/extract_data.py
[2025-02-09T15:42:02.745+0000] {processor.py:183} INFO - Processing /opt/airflow/dags/extract_data.py took 0.089 seconds
[2025-02-09T15:42:33.182+0000] {processor.py:161} INFO - Started process (PID=216) to work on /opt/airflow/dags/extract_data.py
[2025-02-09T15:42:33.183+0000] {processor.py:830} INFO - Processing file /opt/airflow/dags/extract_data.py for tasks to queue
[2025-02-09T15:42:33.185+0000] {logging_mixin.py:188} INFO - [2025-02-09T15:42:33.184+0000] {dagbag.py:545} INFO - Filling up the DagBag from /opt/airflow/dags/extract_data.py
[2025-02-09T15:42:33.213+0000] {processor.py:842} WARNING - No viable dags retrieved from /opt/airflow/dags/extract_data.py
[2025-02-09T15:42:33.241+0000] {processor.py:183} INFO - Processing /opt/airflow/dags/extract_data.py took 0.067 seconds
[2025-02-09T15:43:03.634+0000] {processor.py:161} INFO - Started process (PID=232) to work on /opt/airflow/dags/extract_data.py
[2025-02-09T15:43:03.636+0000] {processor.py:830} INFO - Processing file /opt/airflow/dags/extract_data.py for tasks to queue
[2025-02-09T15:43:03.637+0000] {logging_mixin.py:188} INFO - [2025-02-09T15:43:03.637+0000] {dagbag.py:545} INFO - Filling up the DagBag from /opt/airflow/dags/extract_data.py
[2025-02-09T15:43:03.655+0000] {processor.py:842} WARNING - No viable dags retrieved from /opt/airflow/dags/extract_data.py
[2025-02-09T15:43:03.672+0000] {processor.py:183} INFO - Processing /opt/airflow/dags/extract_data.py took 0.044 seconds
[2025-02-09T15:43:34.227+0000] {processor.py:161} INFO - Started process (PID=248) to work on /opt/airflow/dags/extract_data.py
[2025-02-09T15:43:34.230+0000] {processor.py:830} INFO - Processing file /opt/airflow/dags/extract_data.py for tasks to queue
[2025-02-09T15:43:34.232+0000] {logging_mixin.py:188} INFO - [2025-02-09T15:43:34.231+0000] {dagbag.py:545} INFO - Filling up the DagBag from /opt/airflow/dags/extract_data.py
[2025-02-09T15:43:34.264+0000] {processor.py:842} WARNING - No viable dags retrieved from /opt/airflow/dags/extract_data.py
[2025-02-09T15:43:34.308+0000] {processor.py:183} INFO - Processing /opt/airflow/dags/extract_data.py took 0.100 seconds
[2025-02-09T15:44:04.744+0000] {processor.py:161} INFO - Started process (PID=270) to work on /opt/airflow/dags/extract_data.py
[2025-02-09T15:44:04.745+0000] {processor.py:830} INFO - Processing file /opt/airflow/dags/extract_data.py for tasks to queue
[2025-02-09T15:44:04.747+0000] {logging_mixin.py:188} INFO - [2025-02-09T15:44:04.747+0000] {dagbag.py:545} INFO - Filling up the DagBag from /opt/airflow/dags/extract_data.py
[2025-02-09T15:44:04.779+0000] {processor.py:842} WARNING - No viable dags retrieved from /opt/airflow/dags/extract_data.py
[2025-02-09T15:44:04.814+0000] {processor.py:183} INFO - Processing /opt/airflow/dags/extract_data.py took 0.076 seconds
[2025-02-09T15:44:35.291+0000] {processor.py:161} INFO - Started process (PID=286) to work on /opt/airflow/dags/extract_data.py
[2025-02-09T15:44:35.293+0000] {processor.py:830} INFO - Processing file /opt/airflow/dags/extract_data.py for tasks to queue
[2025-02-09T15:44:35.294+0000] {logging_mixin.py:188} INFO - [2025-02-09T15:44:35.294+0000] {dagbag.py:545} INFO - Filling up the DagBag from /opt/airflow/dags/extract_data.py
[2025-02-09T15:44:35.336+0000] {processor.py:842} WARNING - No viable dags retrieved from /opt/airflow/dags/extract_data.py
[2025-02-09T15:44:35.357+0000] {processor.py:183} INFO - Processing /opt/airflow/dags/extract_data.py took 0.074 seconds
[2025-02-09T15:45:05.797+0000] {processor.py:161} INFO - Started process (PID=302) to work on /opt/airflow/dags/extract_data.py
[2025-02-09T15:45:05.799+0000] {processor.py:830} INFO - Processing file /opt/airflow/dags/extract_data.py for tasks to queue
[2025-02-09T15:45:05.801+0000] {logging_mixin.py:188} INFO - [2025-02-09T15:45:05.801+0000] {dagbag.py:545} INFO - Filling up the DagBag from /opt/airflow/dags/extract_data.py
[2025-02-09T15:45:05.841+0000] {processor.py:842} WARNING - No viable dags retrieved from /opt/airflow/dags/extract_data.py
[2025-02-09T15:45:05.866+0000] {processor.py:183} INFO - Processing /opt/airflow/dags/extract_data.py took 0.080 seconds
[2025-02-09T15:45:36.294+0000] {processor.py:161} INFO - Started process (PID=318) to work on /opt/airflow/dags/extract_data.py
[2025-02-09T15:45:36.295+0000] {processor.py:830} INFO - Processing file /opt/airflow/dags/extract_data.py for tasks to queue
[2025-02-09T15:45:36.297+0000] {logging_mixin.py:188} INFO - [2025-02-09T15:45:36.296+0000] {dagbag.py:545} INFO - Filling up the DagBag from /opt/airflow/dags/extract_data.py
[2025-02-09T15:45:36.322+0000] {processor.py:842} WARNING - No viable dags retrieved from /opt/airflow/dags/extract_data.py
[2025-02-09T15:45:36.339+0000] {processor.py:183} INFO - Processing /opt/airflow/dags/extract_data.py took 0.053 seconds
[2025-02-09T15:46:06.756+0000] {processor.py:161} INFO - Started process (PID=334) to work on /opt/airflow/dags/extract_data.py
[2025-02-09T15:46:06.758+0000] {processor.py:830} INFO - Processing file /opt/airflow/dags/extract_data.py for tasks to queue
[2025-02-09T15:46:06.762+0000] {logging_mixin.py:188} INFO - [2025-02-09T15:46:06.761+0000] {dagbag.py:545} INFO - Filling up the DagBag from /opt/airflow/dags/extract_data.py
[2025-02-09T15:46:06.790+0000] {processor.py:842} WARNING - No viable dags retrieved from /opt/airflow/dags/extract_data.py
[2025-02-09T15:46:06.807+0000] {processor.py:183} INFO - Processing /opt/airflow/dags/extract_data.py took 0.058 seconds
[2025-02-09T15:46:37.373+0000] {processor.py:161} INFO - Started process (PID=350) to work on /opt/airflow/dags/extract_data.py
[2025-02-09T15:46:37.375+0000] {processor.py:830} INFO - Processing file /opt/airflow/dags/extract_data.py for tasks to queue
[2025-02-09T15:46:37.378+0000] {logging_mixin.py:188} INFO - [2025-02-09T15:46:37.376+0000] {dagbag.py:545} INFO - Filling up the DagBag from /opt/airflow/dags/extract_data.py
[2025-02-09T15:46:37.418+0000] {processor.py:842} WARNING - No viable dags retrieved from /opt/airflow/dags/extract_data.py
[2025-02-09T15:46:37.440+0000] {processor.py:183} INFO - Processing /opt/airflow/dags/extract_data.py took 0.079 seconds
[2025-02-09T15:47:07.877+0000] {processor.py:161} INFO - Started process (PID=366) to work on /opt/airflow/dags/extract_data.py
[2025-02-09T15:47:07.879+0000] {processor.py:830} INFO - Processing file /opt/airflow/dags/extract_data.py for tasks to queue
[2025-02-09T15:47:07.880+0000] {logging_mixin.py:188} INFO - [2025-02-09T15:47:07.880+0000] {dagbag.py:545} INFO - Filling up the DagBag from /opt/airflow/dags/extract_data.py
[2025-02-09T15:47:07.916+0000] {processor.py:842} WARNING - No viable dags retrieved from /opt/airflow/dags/extract_data.py
[2025-02-09T15:47:07.937+0000] {processor.py:183} INFO - Processing /opt/airflow/dags/extract_data.py took 0.066 seconds
[2025-02-09T15:47:38.341+0000] {processor.py:161} INFO - Started process (PID=382) to work on /opt/airflow/dags/extract_data.py
[2025-02-09T15:47:38.342+0000] {processor.py:830} INFO - Processing file /opt/airflow/dags/extract_data.py for tasks to queue
[2025-02-09T15:47:38.343+0000] {logging_mixin.py:188} INFO - [2025-02-09T15:47:38.343+0000] {dagbag.py:545} INFO - Filling up the DagBag from /opt/airflow/dags/extract_data.py
[2025-02-09T15:47:38.370+0000] {processor.py:842} WARNING - No viable dags retrieved from /opt/airflow/dags/extract_data.py
[2025-02-09T15:47:38.404+0000] {processor.py:183} INFO - Processing /opt/airflow/dags/extract_data.py took 0.077 seconds
[2025-02-09T15:48:08.998+0000] {processor.py:161} INFO - Started process (PID=398) to work on /opt/airflow/dags/extract_data.py
[2025-02-09T15:48:09.000+0000] {processor.py:830} INFO - Processing file /opt/airflow/dags/extract_data.py for tasks to queue
[2025-02-09T15:48:09.003+0000] {logging_mixin.py:188} INFO - [2025-02-09T15:48:09.002+0000] {dagbag.py:545} INFO - Filling up the DagBag from /opt/airflow/dags/extract_data.py
[2025-02-09T15:48:09.033+0000] {processor.py:842} WARNING - No viable dags retrieved from /opt/airflow/dags/extract_data.py
[2025-02-09T15:48:09.060+0000] {processor.py:183} INFO - Processing /opt/airflow/dags/extract_data.py took 0.073 seconds
[2025-02-09T15:48:39.675+0000] {processor.py:161} INFO - Started process (PID=414) to work on /opt/airflow/dags/extract_data.py
[2025-02-09T15:48:39.678+0000] {processor.py:830} INFO - Processing file /opt/airflow/dags/extract_data.py for tasks to queue
[2025-02-09T15:48:39.679+0000] {logging_mixin.py:188} INFO - [2025-02-09T15:48:39.679+0000] {dagbag.py:545} INFO - Filling up the DagBag from /opt/airflow/dags/extract_data.py
[2025-02-09T15:48:39.723+0000] {processor.py:842} WARNING - No viable dags retrieved from /opt/airflow/dags/extract_data.py
[2025-02-09T15:48:39.753+0000] {processor.py:183} INFO - Processing /opt/airflow/dags/extract_data.py took 0.089 seconds
[2025-02-09T15:49:10.205+0000] {processor.py:161} INFO - Started process (PID=430) to work on /opt/airflow/dags/extract_data.py
[2025-02-09T15:49:10.207+0000] {processor.py:830} INFO - Processing file /opt/airflow/dags/extract_data.py for tasks to queue
[2025-02-09T15:49:10.209+0000] {logging_mixin.py:188} INFO - [2025-02-09T15:49:10.208+0000] {dagbag.py:545} INFO - Filling up the DagBag from /opt/airflow/dags/extract_data.py
[2025-02-09T15:49:10.235+0000] {processor.py:842} WARNING - No viable dags retrieved from /opt/airflow/dags/extract_data.py
[2025-02-09T15:49:10.257+0000] {processor.py:183} INFO - Processing /opt/airflow/dags/extract_data.py took 0.064 seconds
[2025-02-09T15:49:40.722+0000] {processor.py:161} INFO - Started process (PID=446) to work on /opt/airflow/dags/extract_data.py
[2025-02-09T15:49:40.724+0000] {processor.py:830} INFO - Processing file /opt/airflow/dags/extract_data.py for tasks to queue
[2025-02-09T15:49:40.726+0000] {logging_mixin.py:188} INFO - [2025-02-09T15:49:40.726+0000] {dagbag.py:545} INFO - Filling up the DagBag from /opt/airflow/dags/extract_data.py
[2025-02-09T15:49:40.766+0000] {processor.py:842} WARNING - No viable dags retrieved from /opt/airflow/dags/extract_data.py
[2025-02-09T15:49:40.796+0000] {processor.py:183} INFO - Processing /opt/airflow/dags/extract_data.py took 0.088 seconds
[2025-02-09T15:50:11.245+0000] {processor.py:161} INFO - Started process (PID=462) to work on /opt/airflow/dags/extract_data.py
[2025-02-09T15:50:11.249+0000] {processor.py:830} INFO - Processing file /opt/airflow/dags/extract_data.py for tasks to queue
[2025-02-09T15:50:11.250+0000] {logging_mixin.py:188} INFO - [2025-02-09T15:50:11.250+0000] {dagbag.py:545} INFO - Filling up the DagBag from /opt/airflow/dags/extract_data.py
[2025-02-09T15:50:11.272+0000] {processor.py:842} WARNING - No viable dags retrieved from /opt/airflow/dags/extract_data.py
[2025-02-09T15:50:11.300+0000] {processor.py:183} INFO - Processing /opt/airflow/dags/extract_data.py took 0.065 seconds
[2025-02-09T15:50:41.768+0000] {processor.py:161} INFO - Started process (PID=478) to work on /opt/airflow/dags/extract_data.py
[2025-02-09T15:50:41.770+0000] {processor.py:830} INFO - Processing file /opt/airflow/dags/extract_data.py for tasks to queue
[2025-02-09T15:50:41.771+0000] {logging_mixin.py:188} INFO - [2025-02-09T15:50:41.771+0000] {dagbag.py:545} INFO - Filling up the DagBag from /opt/airflow/dags/extract_data.py
[2025-02-09T15:50:41.812+0000] {processor.py:842} WARNING - No viable dags retrieved from /opt/airflow/dags/extract_data.py
[2025-02-09T15:50:41.834+0000] {processor.py:183} INFO - Processing /opt/airflow/dags/extract_data.py took 0.076 seconds
[2025-02-09T15:51:12.255+0000] {processor.py:161} INFO - Started process (PID=494) to work on /opt/airflow/dags/extract_data.py
[2025-02-09T15:51:12.257+0000] {processor.py:830} INFO - Processing file /opt/airflow/dags/extract_data.py for tasks to queue
[2025-02-09T15:51:12.258+0000] {logging_mixin.py:188} INFO - [2025-02-09T15:51:12.258+0000] {dagbag.py:545} INFO - Filling up the DagBag from /opt/airflow/dags/extract_data.py
[2025-02-09T15:51:12.286+0000] {processor.py:842} WARNING - No viable dags retrieved from /opt/airflow/dags/extract_data.py
[2025-02-09T15:51:12.304+0000] {processor.py:183} INFO - Processing /opt/airflow/dags/extract_data.py took 0.057 seconds
[2025-02-09T15:51:42.929+0000] {processor.py:161} INFO - Started process (PID=510) to work on /opt/airflow/dags/extract_data.py
[2025-02-09T15:51:42.930+0000] {processor.py:830} INFO - Processing file /opt/airflow/dags/extract_data.py for tasks to queue
[2025-02-09T15:51:42.933+0000] {logging_mixin.py:188} INFO - [2025-02-09T15:51:42.933+0000] {dagbag.py:545} INFO - Filling up the DagBag from /opt/airflow/dags/extract_data.py
[2025-02-09T15:51:42.957+0000] {processor.py:842} WARNING - No viable dags retrieved from /opt/airflow/dags/extract_data.py
[2025-02-09T15:51:42.977+0000] {processor.py:183} INFO - Processing /opt/airflow/dags/extract_data.py took 0.057 seconds
[2025-02-09T15:52:13.413+0000] {processor.py:161} INFO - Started process (PID=526) to work on /opt/airflow/dags/extract_data.py
[2025-02-09T15:52:13.415+0000] {processor.py:830} INFO - Processing file /opt/airflow/dags/extract_data.py for tasks to queue
[2025-02-09T15:52:13.416+0000] {logging_mixin.py:188} INFO - [2025-02-09T15:52:13.416+0000] {dagbag.py:545} INFO - Filling up the DagBag from /opt/airflow/dags/extract_data.py
[2025-02-09T15:52:13.444+0000] {processor.py:842} WARNING - No viable dags retrieved from /opt/airflow/dags/extract_data.py
[2025-02-09T15:52:13.463+0000] {processor.py:183} INFO - Processing /opt/airflow/dags/extract_data.py took 0.057 seconds
[2025-02-09T15:52:44.011+0000] {processor.py:161} INFO - Started process (PID=542) to work on /opt/airflow/dags/extract_data.py
[2025-02-09T15:52:44.014+0000] {processor.py:830} INFO - Processing file /opt/airflow/dags/extract_data.py for tasks to queue
[2025-02-09T15:52:44.017+0000] {logging_mixin.py:188} INFO - [2025-02-09T15:52:44.016+0000] {dagbag.py:545} INFO - Filling up the DagBag from /opt/airflow/dags/extract_data.py
[2025-02-09T15:52:44.043+0000] {processor.py:842} WARNING - No viable dags retrieved from /opt/airflow/dags/extract_data.py
[2025-02-09T15:52:44.075+0000] {processor.py:183} INFO - Processing /opt/airflow/dags/extract_data.py took 0.079 seconds
[2025-02-09T15:53:14.577+0000] {processor.py:161} INFO - Started process (PID=558) to work on /opt/airflow/dags/extract_data.py
[2025-02-09T15:53:14.579+0000] {processor.py:830} INFO - Processing file /opt/airflow/dags/extract_data.py for tasks to queue
[2025-02-09T15:53:14.580+0000] {logging_mixin.py:188} INFO - [2025-02-09T15:53:14.580+0000] {dagbag.py:545} INFO - Filling up the DagBag from /opt/airflow/dags/extract_data.py
[2025-02-09T15:53:14.610+0000] {processor.py:842} WARNING - No viable dags retrieved from /opt/airflow/dags/extract_data.py
[2025-02-09T15:53:14.631+0000] {processor.py:183} INFO - Processing /opt/airflow/dags/extract_data.py took 0.060 seconds
[2025-02-09T15:53:45.054+0000] {processor.py:161} INFO - Started process (PID=574) to work on /opt/airflow/dags/extract_data.py
[2025-02-09T15:53:45.055+0000] {processor.py:830} INFO - Processing file /opt/airflow/dags/extract_data.py for tasks to queue
[2025-02-09T15:53:45.057+0000] {logging_mixin.py:188} INFO - [2025-02-09T15:53:45.057+0000] {dagbag.py:545} INFO - Filling up the DagBag from /opt/airflow/dags/extract_data.py
[2025-02-09T15:53:45.097+0000] {processor.py:842} WARNING - No viable dags retrieved from /opt/airflow/dags/extract_data.py
[2025-02-09T15:53:45.126+0000] {processor.py:183} INFO - Processing /opt/airflow/dags/extract_data.py took 0.081 seconds
[2025-02-09T15:54:15.605+0000] {processor.py:161} INFO - Started process (PID=590) to work on /opt/airflow/dags/extract_data.py
[2025-02-09T15:54:15.607+0000] {processor.py:830} INFO - Processing file /opt/airflow/dags/extract_data.py for tasks to queue
[2025-02-09T15:54:15.608+0000] {logging_mixin.py:188} INFO - [2025-02-09T15:54:15.608+0000] {dagbag.py:545} INFO - Filling up the DagBag from /opt/airflow/dags/extract_data.py
[2025-02-09T15:54:15.642+0000] {processor.py:842} WARNING - No viable dags retrieved from /opt/airflow/dags/extract_data.py
[2025-02-09T15:54:15.665+0000] {processor.py:183} INFO - Processing /opt/airflow/dags/extract_data.py took 0.068 seconds
[2025-02-09T15:54:46.097+0000] {processor.py:161} INFO - Started process (PID=606) to work on /opt/airflow/dags/extract_data.py
[2025-02-09T15:54:46.099+0000] {processor.py:830} INFO - Processing file /opt/airflow/dags/extract_data.py for tasks to queue
[2025-02-09T15:54:46.101+0000] {logging_mixin.py:188} INFO - [2025-02-09T15:54:46.101+0000] {dagbag.py:545} INFO - Filling up the DagBag from /opt/airflow/dags/extract_data.py
[2025-02-09T15:54:46.127+0000] {processor.py:842} WARNING - No viable dags retrieved from /opt/airflow/dags/extract_data.py
[2025-02-09T15:54:46.156+0000] {processor.py:183} INFO - Processing /opt/airflow/dags/extract_data.py took 0.079 seconds
[2025-02-09T15:55:16.599+0000] {processor.py:161} INFO - Started process (PID=622) to work on /opt/airflow/dags/extract_data.py
[2025-02-09T15:55:16.600+0000] {processor.py:830} INFO - Processing file /opt/airflow/dags/extract_data.py for tasks to queue
[2025-02-09T15:55:16.602+0000] {logging_mixin.py:188} INFO - [2025-02-09T15:55:16.602+0000] {dagbag.py:545} INFO - Filling up the DagBag from /opt/airflow/dags/extract_data.py
[2025-02-09T15:55:16.642+0000] {processor.py:842} WARNING - No viable dags retrieved from /opt/airflow/dags/extract_data.py
[2025-02-09T15:55:16.661+0000] {processor.py:183} INFO - Processing /opt/airflow/dags/extract_data.py took 0.072 seconds
[2025-02-09T15:55:47.113+0000] {processor.py:161} INFO - Started process (PID=638) to work on /opt/airflow/dags/extract_data.py
[2025-02-09T15:55:47.115+0000] {processor.py:830} INFO - Processing file /opt/airflow/dags/extract_data.py for tasks to queue
[2025-02-09T15:55:47.117+0000] {logging_mixin.py:188} INFO - [2025-02-09T15:55:47.116+0000] {dagbag.py:545} INFO - Filling up the DagBag from /opt/airflow/dags/extract_data.py
[2025-02-09T15:55:47.143+0000] {processor.py:842} WARNING - No viable dags retrieved from /opt/airflow/dags/extract_data.py
[2025-02-09T15:55:47.175+0000] {processor.py:183} INFO - Processing /opt/airflow/dags/extract_data.py took 0.075 seconds
[2025-02-09T15:56:17.736+0000] {processor.py:161} INFO - Started process (PID=654) to work on /opt/airflow/dags/extract_data.py
[2025-02-09T15:56:17.740+0000] {processor.py:830} INFO - Processing file /opt/airflow/dags/extract_data.py for tasks to queue
[2025-02-09T15:56:17.743+0000] {logging_mixin.py:188} INFO - [2025-02-09T15:56:17.742+0000] {dagbag.py:545} INFO - Filling up the DagBag from /opt/airflow/dags/extract_data.py
[2025-02-09T15:56:17.777+0000] {processor.py:842} WARNING - No viable dags retrieved from /opt/airflow/dags/extract_data.py
[2025-02-09T15:56:17.800+0000] {processor.py:183} INFO - Processing /opt/airflow/dags/extract_data.py took 0.077 seconds
[2025-02-09T15:56:48.423+0000] {processor.py:161} INFO - Started process (PID=670) to work on /opt/airflow/dags/extract_data.py
[2025-02-09T15:56:48.425+0000] {processor.py:830} INFO - Processing file /opt/airflow/dags/extract_data.py for tasks to queue
[2025-02-09T15:56:48.428+0000] {logging_mixin.py:188} INFO - [2025-02-09T15:56:48.427+0000] {dagbag.py:545} INFO - Filling up the DagBag from /opt/airflow/dags/extract_data.py
[2025-02-09T15:56:48.469+0000] {processor.py:842} WARNING - No viable dags retrieved from /opt/airflow/dags/extract_data.py
[2025-02-09T15:56:48.500+0000] {processor.py:183} INFO - Processing /opt/airflow/dags/extract_data.py took 0.087 seconds
[2025-02-09T15:57:18.939+0000] {processor.py:161} INFO - Started process (PID=686) to work on /opt/airflow/dags/extract_data.py
[2025-02-09T15:57:18.941+0000] {processor.py:830} INFO - Processing file /opt/airflow/dags/extract_data.py for tasks to queue
[2025-02-09T15:57:18.943+0000] {logging_mixin.py:188} INFO - [2025-02-09T15:57:18.942+0000] {dagbag.py:545} INFO - Filling up the DagBag from /opt/airflow/dags/extract_data.py
[2025-02-09T15:57:18.980+0000] {processor.py:842} WARNING - No viable dags retrieved from /opt/airflow/dags/extract_data.py
[2025-02-09T15:57:19.009+0000] {processor.py:183} INFO - Processing /opt/airflow/dags/extract_data.py took 0.078 seconds
[2025-02-09T15:57:49.509+0000] {processor.py:161} INFO - Started process (PID=706) to work on /opt/airflow/dags/extract_data.py
[2025-02-09T15:57:49.511+0000] {processor.py:830} INFO - Processing file /opt/airflow/dags/extract_data.py for tasks to queue
[2025-02-09T15:57:49.512+0000] {logging_mixin.py:188} INFO - [2025-02-09T15:57:49.512+0000] {dagbag.py:545} INFO - Filling up the DagBag from /opt/airflow/dags/extract_data.py
[2025-02-09T15:57:49.542+0000] {processor.py:842} WARNING - No viable dags retrieved from /opt/airflow/dags/extract_data.py
[2025-02-09T15:57:49.561+0000] {processor.py:183} INFO - Processing /opt/airflow/dags/extract_data.py took 0.060 seconds
[2025-02-09T15:58:19.965+0000] {processor.py:161} INFO - Started process (PID=722) to work on /opt/airflow/dags/extract_data.py
[2025-02-09T15:58:19.966+0000] {processor.py:830} INFO - Processing file /opt/airflow/dags/extract_data.py for tasks to queue
[2025-02-09T15:58:19.968+0000] {logging_mixin.py:188} INFO - [2025-02-09T15:58:19.967+0000] {dagbag.py:545} INFO - Filling up the DagBag from /opt/airflow/dags/extract_data.py
[2025-02-09T15:58:19.997+0000] {processor.py:842} WARNING - No viable dags retrieved from /opt/airflow/dags/extract_data.py
[2025-02-09T15:58:20.017+0000] {processor.py:183} INFO - Processing /opt/airflow/dags/extract_data.py took 0.062 seconds
[2025-02-09T15:58:50.453+0000] {processor.py:161} INFO - Started process (PID=738) to work on /opt/airflow/dags/extract_data.py
[2025-02-09T15:58:50.455+0000] {processor.py:830} INFO - Processing file /opt/airflow/dags/extract_data.py for tasks to queue
[2025-02-09T15:58:50.456+0000] {logging_mixin.py:188} INFO - [2025-02-09T15:58:50.456+0000] {dagbag.py:545} INFO - Filling up the DagBag from /opt/airflow/dags/extract_data.py
[2025-02-09T15:58:50.486+0000] {processor.py:842} WARNING - No viable dags retrieved from /opt/airflow/dags/extract_data.py
[2025-02-09T15:58:50.503+0000] {processor.py:183} INFO - Processing /opt/airflow/dags/extract_data.py took 0.057 seconds
[2025-02-09T15:59:20.925+0000] {processor.py:161} INFO - Started process (PID=754) to work on /opt/airflow/dags/extract_data.py
[2025-02-09T15:59:20.926+0000] {processor.py:830} INFO - Processing file /opt/airflow/dags/extract_data.py for tasks to queue
[2025-02-09T15:59:20.928+0000] {logging_mixin.py:188} INFO - [2025-02-09T15:59:20.928+0000] {dagbag.py:545} INFO - Filling up the DagBag from /opt/airflow/dags/extract_data.py
[2025-02-09T15:59:20.954+0000] {processor.py:842} WARNING - No viable dags retrieved from /opt/airflow/dags/extract_data.py
[2025-02-09T15:59:20.982+0000] {processor.py:183} INFO - Processing /opt/airflow/dags/extract_data.py took 0.066 seconds
[2025-02-09T15:59:51.409+0000] {processor.py:161} INFO - Started process (PID=770) to work on /opt/airflow/dags/extract_data.py
[2025-02-09T15:59:51.410+0000] {processor.py:830} INFO - Processing file /opt/airflow/dags/extract_data.py for tasks to queue
[2025-02-09T15:59:51.413+0000] {logging_mixin.py:188} INFO - [2025-02-09T15:59:51.412+0000] {dagbag.py:545} INFO - Filling up the DagBag from /opt/airflow/dags/extract_data.py
[2025-02-09T15:59:51.448+0000] {processor.py:842} WARNING - No viable dags retrieved from /opt/airflow/dags/extract_data.py
[2025-02-09T15:59:51.471+0000] {processor.py:183} INFO - Processing /opt/airflow/dags/extract_data.py took 0.075 seconds
[2025-02-09T16:00:21.974+0000] {processor.py:161} INFO - Started process (PID=786) to work on /opt/airflow/dags/extract_data.py
[2025-02-09T16:00:21.976+0000] {processor.py:830} INFO - Processing file /opt/airflow/dags/extract_data.py for tasks to queue
[2025-02-09T16:00:21.979+0000] {logging_mixin.py:188} INFO - [2025-02-09T16:00:21.979+0000] {dagbag.py:545} INFO - Filling up the DagBag from /opt/airflow/dags/extract_data.py
[2025-02-09T16:00:22.009+0000] {processor.py:842} WARNING - No viable dags retrieved from /opt/airflow/dags/extract_data.py
[2025-02-09T16:00:22.027+0000] {processor.py:183} INFO - Processing /opt/airflow/dags/extract_data.py took 0.063 seconds
[2025-02-09T16:00:52.257+0000] {processor.py:161} INFO - Started process (PID=807) to work on /opt/airflow/dags/extract_data.py
[2025-02-09T16:00:52.259+0000] {processor.py:830} INFO - Processing file /opt/airflow/dags/extract_data.py for tasks to queue
[2025-02-09T16:00:52.261+0000] {logging_mixin.py:188} INFO - [2025-02-09T16:00:52.261+0000] {dagbag.py:545} INFO - Filling up the DagBag from /opt/airflow/dags/extract_data.py
[2025-02-09T16:00:52.293+0000] {processor.py:842} WARNING - No viable dags retrieved from /opt/airflow/dags/extract_data.py
[2025-02-09T16:00:52.312+0000] {processor.py:183} INFO - Processing /opt/airflow/dags/extract_data.py took 0.062 seconds
[2025-02-09T16:01:22.624+0000] {processor.py:161} INFO - Started process (PID=843) to work on /opt/airflow/dags/extract_data.py
[2025-02-09T16:01:22.626+0000] {processor.py:830} INFO - Processing file /opt/airflow/dags/extract_data.py for tasks to queue
[2025-02-09T16:01:22.629+0000] {logging_mixin.py:188} INFO - [2025-02-09T16:01:22.628+0000] {dagbag.py:545} INFO - Filling up the DagBag from /opt/airflow/dags/extract_data.py
[2025-02-09T16:01:22.679+0000] {processor.py:842} WARNING - No viable dags retrieved from /opt/airflow/dags/extract_data.py
[2025-02-09T16:01:22.705+0000] {processor.py:183} INFO - Processing /opt/airflow/dags/extract_data.py took 0.097 seconds
[2025-02-09T16:01:31.861+0000] {processor.py:161} INFO - Started process (PID=848) to work on /opt/airflow/dags/extract_data.py
[2025-02-09T16:01:31.863+0000] {processor.py:830} INFO - Processing file /opt/airflow/dags/extract_data.py for tasks to queue
[2025-02-09T16:01:31.865+0000] {logging_mixin.py:188} INFO - [2025-02-09T16:01:31.864+0000] {dagbag.py:545} INFO - Filling up the DagBag from /opt/airflow/dags/extract_data.py
[2025-02-09T16:01:31.916+0000] {logging_mixin.py:188} INFO - [2025-02-09T16:01:31.914+0000] {dagbag.py:355} ERROR - Failed to import: /opt/airflow/dags/extract_data.py
Traceback (most recent call last):
  File "/home/airflow/.local/lib/python3.10/site-packages/airflow/models/dagbag.py", line 351, in parse
    loader.exec_module(new_module)
  File "<frozen importlib._bootstrap_external>", line 879, in exec_module
  File "<frozen importlib._bootstrap_external>", line 1017, in get_code
  File "<frozen importlib._bootstrap_external>", line 947, in source_to_code
  File "<frozen importlib._bootstrap>", line 241, in _call_with_frames_removed
  File "/opt/airflow/dags/extract_data.py", line 43
    def extract_data()
                      ^
SyntaxError: expected ':'
[2025-02-09T16:01:31.917+0000] {processor.py:842} WARNING - No viable dags retrieved from /opt/airflow/dags/extract_data.py
[2025-02-09T16:01:31.959+0000] {processor.py:183} INFO - Processing /opt/airflow/dags/extract_data.py took 0.106 seconds
[2025-02-09T16:01:46.264+0000] {processor.py:161} INFO - Started process (PID=864) to work on /opt/airflow/dags/extract_data.py
[2025-02-09T16:01:46.266+0000] {processor.py:830} INFO - Processing file /opt/airflow/dags/extract_data.py for tasks to queue
[2025-02-09T16:01:46.267+0000] {logging_mixin.py:188} INFO - [2025-02-09T16:01:46.267+0000] {dagbag.py:545} INFO - Filling up the DagBag from /opt/airflow/dags/extract_data.py
[2025-02-09T16:01:46.291+0000] {processor.py:842} WARNING - No viable dags retrieved from /opt/airflow/dags/extract_data.py
[2025-02-09T16:01:46.313+0000] {processor.py:183} INFO - Processing /opt/airflow/dags/extract_data.py took 0.055 seconds
[2025-02-09T16:01:53.407+0000] {processor.py:161} INFO - Started process (PID=869) to work on /opt/airflow/dags/extract_data.py
[2025-02-09T16:01:53.409+0000] {processor.py:830} INFO - Processing file /opt/airflow/dags/extract_data.py for tasks to queue
[2025-02-09T16:01:53.411+0000] {logging_mixin.py:188} INFO - [2025-02-09T16:01:53.411+0000] {dagbag.py:545} INFO - Filling up the DagBag from /opt/airflow/dags/extract_data.py
[2025-02-09T16:01:53.448+0000] {processor.py:842} WARNING - No viable dags retrieved from /opt/airflow/dags/extract_data.py
[2025-02-09T16:01:53.470+0000] {processor.py:183} INFO - Processing /opt/airflow/dags/extract_data.py took 0.073 seconds
[2025-02-09T16:02:01.621+0000] {processor.py:161} INFO - Started process (PID=874) to work on /opt/airflow/dags/extract_data.py
[2025-02-09T16:02:01.624+0000] {processor.py:830} INFO - Processing file /opt/airflow/dags/extract_data.py for tasks to queue
[2025-02-09T16:02:01.628+0000] {logging_mixin.py:188} INFO - [2025-02-09T16:02:01.626+0000] {dagbag.py:545} INFO - Filling up the DagBag from /opt/airflow/dags/extract_data.py
[2025-02-09T16:02:01.671+0000] {processor.py:842} WARNING - No viable dags retrieved from /opt/airflow/dags/extract_data.py
[2025-02-09T16:02:01.704+0000] {processor.py:183} INFO - Processing /opt/airflow/dags/extract_data.py took 0.095 seconds
[2025-02-09T16:02:03.698+0000] {processor.py:161} INFO - Started process (PID=879) to work on /opt/airflow/dags/extract_data.py
[2025-02-09T16:02:03.700+0000] {processor.py:830} INFO - Processing file /opt/airflow/dags/extract_data.py for tasks to queue
[2025-02-09T16:02:03.702+0000] {logging_mixin.py:188} INFO - [2025-02-09T16:02:03.701+0000] {dagbag.py:545} INFO - Filling up the DagBag from /opt/airflow/dags/extract_data.py
[2025-02-09T16:02:03.742+0000] {processor.py:842} WARNING - No viable dags retrieved from /opt/airflow/dags/extract_data.py
[2025-02-09T16:02:03.760+0000] {processor.py:183} INFO - Processing /opt/airflow/dags/extract_data.py took 0.073 seconds
[2025-02-09T16:02:05.872+0000] {processor.py:161} INFO - Started process (PID=884) to work on /opt/airflow/dags/extract_data.py
[2025-02-09T16:02:05.873+0000] {processor.py:830} INFO - Processing file /opt/airflow/dags/extract_data.py for tasks to queue
[2025-02-09T16:02:05.874+0000] {logging_mixin.py:188} INFO - [2025-02-09T16:02:05.874+0000] {dagbag.py:545} INFO - Filling up the DagBag from /opt/airflow/dags/extract_data.py
[2025-02-09T16:02:05.912+0000] {processor.py:842} WARNING - No viable dags retrieved from /opt/airflow/dags/extract_data.py
[2025-02-09T16:02:05.933+0000] {processor.py:183} INFO - Processing /opt/airflow/dags/extract_data.py took 0.069 seconds
[2025-02-09T16:02:10.038+0000] {processor.py:161} INFO - Started process (PID=900) to work on /opt/airflow/dags/extract_data.py
[2025-02-09T16:02:10.040+0000] {processor.py:830} INFO - Processing file /opt/airflow/dags/extract_data.py for tasks to queue
[2025-02-09T16:02:10.041+0000] {logging_mixin.py:188} INFO - [2025-02-09T16:02:10.041+0000] {dagbag.py:545} INFO - Filling up the DagBag from /opt/airflow/dags/extract_data.py
[2025-02-09T16:02:10.057+0000] {logging_mixin.py:188} INFO - [2025-02-09T16:02:10.057+0000] {dagbag.py:355} ERROR - Failed to import: /opt/airflow/dags/extract_data.py
Traceback (most recent call last):
  File "/home/airflow/.local/lib/python3.10/site-packages/airflow/models/dagbag.py", line 351, in parse
    loader.exec_module(new_module)
  File "<frozen importlib._bootstrap_external>", line 879, in exec_module
  File "<frozen importlib._bootstrap_external>", line 1017, in get_code
  File "<frozen importlib._bootstrap_external>", line 947, in source_to_code
  File "<frozen importlib._bootstrap>", line 241, in _call_with_frames_removed
  File "/opt/airflow/dags/extract_data.py", line 48
    "product_category_name_translation",
IndentationError: unexpected indent
[2025-02-09T16:02:10.058+0000] {processor.py:842} WARNING - No viable dags retrieved from /opt/airflow/dags/extract_data.py
[2025-02-09T16:02:10.078+0000] {processor.py:183} INFO - Processing /opt/airflow/dags/extract_data.py took 0.048 seconds
[2025-02-09T16:02:14.150+0000] {processor.py:161} INFO - Started process (PID=905) to work on /opt/airflow/dags/extract_data.py
[2025-02-09T16:02:14.152+0000] {processor.py:830} INFO - Processing file /opt/airflow/dags/extract_data.py for tasks to queue
[2025-02-09T16:02:14.156+0000] {logging_mixin.py:188} INFO - [2025-02-09T16:02:14.155+0000] {dagbag.py:545} INFO - Filling up the DagBag from /opt/airflow/dags/extract_data.py
[2025-02-09T16:02:14.206+0000] {logging_mixin.py:188} INFO - [2025-02-09T16:02:14.205+0000] {dagbag.py:355} ERROR - Failed to import: /opt/airflow/dags/extract_data.py
Traceback (most recent call last):
  File "/home/airflow/.local/lib/python3.10/site-packages/airflow/models/dagbag.py", line 351, in parse
    loader.exec_module(new_module)
  File "<frozen importlib._bootstrap_external>", line 879, in exec_module
  File "<frozen importlib._bootstrap_external>", line 1017, in get_code
  File "<frozen importlib._bootstrap_external>", line 947, in source_to_code
  File "<frozen importlib._bootstrap>", line 241, in _call_with_frames_removed
  File "/opt/airflow/dags/extract_data.py", line 48
    "geolocation",
IndentationError: unexpected indent
[2025-02-09T16:02:14.208+0000] {processor.py:842} WARNING - No viable dags retrieved from /opt/airflow/dags/extract_data.py
[2025-02-09T16:02:14.240+0000] {processor.py:183} INFO - Processing /opt/airflow/dags/extract_data.py took 0.103 seconds
[2025-02-09T16:02:18.281+0000] {processor.py:161} INFO - Started process (PID=910) to work on /opt/airflow/dags/extract_data.py
[2025-02-09T16:02:18.283+0000] {processor.py:830} INFO - Processing file /opt/airflow/dags/extract_data.py for tasks to queue
[2025-02-09T16:02:18.284+0000] {logging_mixin.py:188} INFO - [2025-02-09T16:02:18.284+0000] {dagbag.py:545} INFO - Filling up the DagBag from /opt/airflow/dags/extract_data.py
[2025-02-09T16:02:18.311+0000] {processor.py:842} WARNING - No viable dags retrieved from /opt/airflow/dags/extract_data.py
[2025-02-09T16:02:18.330+0000] {processor.py:183} INFO - Processing /opt/airflow/dags/extract_data.py took 0.057 seconds
[2025-02-09T16:02:26.471+0000] {processor.py:161} INFO - Started process (PID=915) to work on /opt/airflow/dags/extract_data.py
[2025-02-09T16:02:26.473+0000] {processor.py:830} INFO - Processing file /opt/airflow/dags/extract_data.py for tasks to queue
[2025-02-09T16:02:26.474+0000] {logging_mixin.py:188} INFO - [2025-02-09T16:02:26.474+0000] {dagbag.py:545} INFO - Filling up the DagBag from /opt/airflow/dags/extract_data.py
[2025-02-09T16:02:26.498+0000] {processor.py:842} WARNING - No viable dags retrieved from /opt/airflow/dags/extract_data.py
[2025-02-09T16:02:26.515+0000] {processor.py:183} INFO - Processing /opt/airflow/dags/extract_data.py took 0.051 seconds
[2025-02-09T16:02:29.569+0000] {processor.py:161} INFO - Started process (PID=920) to work on /opt/airflow/dags/extract_data.py
[2025-02-09T16:02:29.572+0000] {processor.py:830} INFO - Processing file /opt/airflow/dags/extract_data.py for tasks to queue
[2025-02-09T16:02:29.574+0000] {logging_mixin.py:188} INFO - [2025-02-09T16:02:29.573+0000] {dagbag.py:545} INFO - Filling up the DagBag from /opt/airflow/dags/extract_data.py
[2025-02-09T16:02:29.624+0000] {processor.py:842} WARNING - No viable dags retrieved from /opt/airflow/dags/extract_data.py
[2025-02-09T16:02:29.655+0000] {processor.py:183} INFO - Processing /opt/airflow/dags/extract_data.py took 0.096 seconds
[2025-02-09T16:02:33.738+0000] {processor.py:161} INFO - Started process (PID=925) to work on /opt/airflow/dags/extract_data.py
[2025-02-09T16:02:33.741+0000] {processor.py:830} INFO - Processing file /opt/airflow/dags/extract_data.py for tasks to queue
[2025-02-09T16:02:33.743+0000] {logging_mixin.py:188} INFO - [2025-02-09T16:02:33.743+0000] {dagbag.py:545} INFO - Filling up the DagBag from /opt/airflow/dags/extract_data.py
[2025-02-09T16:02:33.777+0000] {processor.py:842} WARNING - No viable dags retrieved from /opt/airflow/dags/extract_data.py
[2025-02-09T16:02:33.809+0000] {processor.py:183} INFO - Processing /opt/airflow/dags/extract_data.py took 0.090 seconds
[2025-02-09T16:02:39.087+0000] {processor.py:161} INFO - Started process (PID=941) to work on /opt/airflow/dags/extract_data.py
[2025-02-09T16:02:39.090+0000] {processor.py:830} INFO - Processing file /opt/airflow/dags/extract_data.py for tasks to queue
[2025-02-09T16:02:39.093+0000] {logging_mixin.py:188} INFO - [2025-02-09T16:02:39.092+0000] {dagbag.py:545} INFO - Filling up the DagBag from /opt/airflow/dags/extract_data.py
[2025-02-09T16:02:39.143+0000] {processor.py:842} WARNING - No viable dags retrieved from /opt/airflow/dags/extract_data.py
[2025-02-09T16:02:39.171+0000] {processor.py:183} INFO - Processing /opt/airflow/dags/extract_data.py took 0.098 seconds
[2025-02-09T16:02:44.171+0000] {processor.py:161} INFO - Started process (PID=946) to work on /opt/airflow/dags/extract_data.py
[2025-02-09T16:02:44.172+0000] {processor.py:830} INFO - Processing file /opt/airflow/dags/extract_data.py for tasks to queue
[2025-02-09T16:02:44.174+0000] {logging_mixin.py:188} INFO - [2025-02-09T16:02:44.173+0000] {dagbag.py:545} INFO - Filling up the DagBag from /opt/airflow/dags/extract_data.py
[2025-02-09T16:02:44.199+0000] {processor.py:842} WARNING - No viable dags retrieved from /opt/airflow/dags/extract_data.py
[2025-02-09T16:02:44.217+0000] {processor.py:183} INFO - Processing /opt/airflow/dags/extract_data.py took 0.053 seconds
[2025-02-09T16:02:45.255+0000] {processor.py:161} INFO - Started process (PID=951) to work on /opt/airflow/dags/extract_data.py
[2025-02-09T16:02:45.257+0000] {processor.py:830} INFO - Processing file /opt/airflow/dags/extract_data.py for tasks to queue
[2025-02-09T16:02:45.259+0000] {logging_mixin.py:188} INFO - [2025-02-09T16:02:45.259+0000] {dagbag.py:545} INFO - Filling up the DagBag from /opt/airflow/dags/extract_data.py
[2025-02-09T16:02:45.293+0000] {processor.py:842} WARNING - No viable dags retrieved from /opt/airflow/dags/extract_data.py
[2025-02-09T16:02:45.313+0000] {processor.py:183} INFO - Processing /opt/airflow/dags/extract_data.py took 0.075 seconds
[2025-02-09T16:02:49.404+0000] {processor.py:161} INFO - Started process (PID=956) to work on /opt/airflow/dags/extract_data.py
[2025-02-09T16:02:49.406+0000] {processor.py:830} INFO - Processing file /opt/airflow/dags/extract_data.py for tasks to queue
[2025-02-09T16:02:49.409+0000] {logging_mixin.py:188} INFO - [2025-02-09T16:02:49.408+0000] {dagbag.py:545} INFO - Filling up the DagBag from /opt/airflow/dags/extract_data.py
[2025-02-09T16:02:49.465+0000] {processor.py:842} WARNING - No viable dags retrieved from /opt/airflow/dags/extract_data.py
[2025-02-09T16:02:49.498+0000] {processor.py:183} INFO - Processing /opt/airflow/dags/extract_data.py took 0.109 seconds
[2025-02-09T16:02:55.578+0000] {processor.py:161} INFO - Started process (PID=961) to work on /opt/airflow/dags/extract_data.py
[2025-02-09T16:02:55.580+0000] {processor.py:830} INFO - Processing file /opt/airflow/dags/extract_data.py for tasks to queue
[2025-02-09T16:02:55.581+0000] {logging_mixin.py:188} INFO - [2025-02-09T16:02:55.581+0000] {dagbag.py:545} INFO - Filling up the DagBag from /opt/airflow/dags/extract_data.py
[2025-02-09T16:02:55.614+0000] {processor.py:842} WARNING - No viable dags retrieved from /opt/airflow/dags/extract_data.py
[2025-02-09T16:02:55.634+0000] {processor.py:183} INFO - Processing /opt/airflow/dags/extract_data.py took 0.067 seconds
[2025-02-09T16:03:26.126+0000] {processor.py:161} INFO - Started process (PID=1002) to work on /opt/airflow/dags/extract_data.py
[2025-02-09T16:03:26.129+0000] {processor.py:830} INFO - Processing file /opt/airflow/dags/extract_data.py for tasks to queue
[2025-02-09T16:03:26.131+0000] {logging_mixin.py:188} INFO - [2025-02-09T16:03:26.131+0000] {dagbag.py:545} INFO - Filling up the DagBag from /opt/airflow/dags/extract_data.py
[2025-02-09T16:03:26.179+0000] {processor.py:842} WARNING - No viable dags retrieved from /opt/airflow/dags/extract_data.py
[2025-02-09T16:03:26.210+0000] {processor.py:183} INFO - Processing /opt/airflow/dags/extract_data.py took 0.097 seconds
[2025-02-09T16:03:56.718+0000] {processor.py:161} INFO - Started process (PID=1023) to work on /opt/airflow/dags/extract_data.py
[2025-02-09T16:03:56.720+0000] {processor.py:830} INFO - Processing file /opt/airflow/dags/extract_data.py for tasks to queue
[2025-02-09T16:03:56.721+0000] {logging_mixin.py:188} INFO - [2025-02-09T16:03:56.721+0000] {dagbag.py:545} INFO - Filling up the DagBag from /opt/airflow/dags/extract_data.py
[2025-02-09T16:03:56.750+0000] {processor.py:842} WARNING - No viable dags retrieved from /opt/airflow/dags/extract_data.py
[2025-02-09T16:03:56.768+0000] {processor.py:183} INFO - Processing /opt/airflow/dags/extract_data.py took 0.057 seconds
[2025-02-09T16:04:27.346+0000] {processor.py:161} INFO - Started process (PID=1044) to work on /opt/airflow/dags/extract_data.py
[2025-02-09T16:04:27.347+0000] {processor.py:830} INFO - Processing file /opt/airflow/dags/extract_data.py for tasks to queue
[2025-02-09T16:04:27.349+0000] {logging_mixin.py:188} INFO - [2025-02-09T16:04:27.349+0000] {dagbag.py:545} INFO - Filling up the DagBag from /opt/airflow/dags/extract_data.py
[2025-02-09T16:04:27.390+0000] {processor.py:842} WARNING - No viable dags retrieved from /opt/airflow/dags/extract_data.py
[2025-02-09T16:04:27.415+0000] {processor.py:183} INFO - Processing /opt/airflow/dags/extract_data.py took 0.076 seconds
[2025-02-09T16:04:39.642+0000] {processor.py:161} INFO - Started process (PID=1060) to work on /opt/airflow/dags/extract_data.py
[2025-02-09T16:04:39.644+0000] {processor.py:830} INFO - Processing file /opt/airflow/dags/extract_data.py for tasks to queue
[2025-02-09T16:04:39.645+0000] {logging_mixin.py:188} INFO - [2025-02-09T16:04:39.645+0000] {dagbag.py:545} INFO - Filling up the DagBag from /opt/airflow/dags/extract_data.py
[2025-02-09T16:04:39.686+0000] {processor.py:842} WARNING - No viable dags retrieved from /opt/airflow/dags/extract_data.py
[2025-02-09T16:04:39.720+0000] {processor.py:183} INFO - Processing /opt/airflow/dags/extract_data.py took 0.085 seconds
[2025-02-09T16:05:10.276+0000] {processor.py:161} INFO - Started process (PID=1091) to work on /opt/airflow/dags/extract_data.py
[2025-02-09T16:05:10.280+0000] {processor.py:830} INFO - Processing file /opt/airflow/dags/extract_data.py for tasks to queue
[2025-02-09T16:05:10.282+0000] {logging_mixin.py:188} INFO - [2025-02-09T16:05:10.281+0000] {dagbag.py:545} INFO - Filling up the DagBag from /opt/airflow/dags/extract_data.py
[2025-02-09T16:05:10.308+0000] {processor.py:842} WARNING - No viable dags retrieved from /opt/airflow/dags/extract_data.py
[2025-02-09T16:05:10.328+0000] {processor.py:183} INFO - Processing /opt/airflow/dags/extract_data.py took 0.061 seconds
[2025-02-09T16:05:40.502+0000] {processor.py:161} INFO - Started process (PID=1107) to work on /opt/airflow/dags/extract_data.py
[2025-02-09T16:05:40.504+0000] {processor.py:830} INFO - Processing file /opt/airflow/dags/extract_data.py for tasks to queue
[2025-02-09T16:05:40.506+0000] {logging_mixin.py:188} INFO - [2025-02-09T16:05:40.506+0000] {dagbag.py:545} INFO - Filling up the DagBag from /opt/airflow/dags/extract_data.py
[2025-02-09T16:05:40.527+0000] {processor.py:842} WARNING - No viable dags retrieved from /opt/airflow/dags/extract_data.py
[2025-02-09T16:05:40.545+0000] {processor.py:183} INFO - Processing /opt/airflow/dags/extract_data.py took 0.052 seconds
[2025-02-09T16:06:10.931+0000] {processor.py:161} INFO - Started process (PID=1125) to work on /opt/airflow/dags/extract_data.py
[2025-02-09T16:06:10.934+0000] {processor.py:830} INFO - Processing file /opt/airflow/dags/extract_data.py for tasks to queue
[2025-02-09T16:06:10.937+0000] {logging_mixin.py:188} INFO - [2025-02-09T16:06:10.936+0000] {dagbag.py:545} INFO - Filling up the DagBag from /opt/airflow/dags/extract_data.py
[2025-02-09T16:06:10.968+0000] {processor.py:842} WARNING - No viable dags retrieved from /opt/airflow/dags/extract_data.py
[2025-02-09T16:06:10.987+0000] {processor.py:183} INFO - Processing /opt/airflow/dags/extract_data.py took 0.069 seconds
[2025-02-09T16:06:41.597+0000] {processor.py:161} INFO - Started process (PID=1141) to work on /opt/airflow/dags/extract_data.py
[2025-02-09T16:06:41.600+0000] {processor.py:830} INFO - Processing file /opt/airflow/dags/extract_data.py for tasks to queue
[2025-02-09T16:06:41.606+0000] {logging_mixin.py:188} INFO - [2025-02-09T16:06:41.605+0000] {dagbag.py:545} INFO - Filling up the DagBag from /opt/airflow/dags/extract_data.py
[2025-02-09T16:06:41.664+0000] {processor.py:842} WARNING - No viable dags retrieved from /opt/airflow/dags/extract_data.py
[2025-02-09T16:06:41.698+0000] {processor.py:183} INFO - Processing /opt/airflow/dags/extract_data.py took 0.116 seconds
[2025-02-09T16:07:12.123+0000] {processor.py:161} INFO - Started process (PID=1157) to work on /opt/airflow/dags/extract_data.py
[2025-02-09T16:07:12.124+0000] {processor.py:830} INFO - Processing file /opt/airflow/dags/extract_data.py for tasks to queue
[2025-02-09T16:07:12.126+0000] {logging_mixin.py:188} INFO - [2025-02-09T16:07:12.125+0000] {dagbag.py:545} INFO - Filling up the DagBag from /opt/airflow/dags/extract_data.py
[2025-02-09T16:07:12.156+0000] {processor.py:842} WARNING - No viable dags retrieved from /opt/airflow/dags/extract_data.py
[2025-02-09T16:07:12.174+0000] {processor.py:183} INFO - Processing /opt/airflow/dags/extract_data.py took 0.058 seconds
[2025-02-09T16:07:42.599+0000] {processor.py:161} INFO - Started process (PID=1173) to work on /opt/airflow/dags/extract_data.py
[2025-02-09T16:07:42.601+0000] {processor.py:830} INFO - Processing file /opt/airflow/dags/extract_data.py for tasks to queue
[2025-02-09T16:07:42.602+0000] {logging_mixin.py:188} INFO - [2025-02-09T16:07:42.602+0000] {dagbag.py:545} INFO - Filling up the DagBag from /opt/airflow/dags/extract_data.py
[2025-02-09T16:07:42.637+0000] {processor.py:842} WARNING - No viable dags retrieved from /opt/airflow/dags/extract_data.py
[2025-02-09T16:07:42.654+0000] {processor.py:183} INFO - Processing /opt/airflow/dags/extract_data.py took 0.066 seconds
[2025-02-09T16:08:13.101+0000] {processor.py:161} INFO - Started process (PID=1189) to work on /opt/airflow/dags/extract_data.py
[2025-02-09T16:08:13.102+0000] {processor.py:830} INFO - Processing file /opt/airflow/dags/extract_data.py for tasks to queue
[2025-02-09T16:08:13.104+0000] {logging_mixin.py:188} INFO - [2025-02-09T16:08:13.104+0000] {dagbag.py:545} INFO - Filling up the DagBag from /opt/airflow/dags/extract_data.py
[2025-02-09T16:08:13.132+0000] {processor.py:842} WARNING - No viable dags retrieved from /opt/airflow/dags/extract_data.py
[2025-02-09T16:08:13.152+0000] {processor.py:183} INFO - Processing /opt/airflow/dags/extract_data.py took 0.061 seconds
[2025-02-09T16:08:43.562+0000] {processor.py:161} INFO - Started process (PID=1205) to work on /opt/airflow/dags/extract_data.py
[2025-02-09T16:08:43.564+0000] {processor.py:830} INFO - Processing file /opt/airflow/dags/extract_data.py for tasks to queue
[2025-02-09T16:08:43.566+0000] {logging_mixin.py:188} INFO - [2025-02-09T16:08:43.566+0000] {dagbag.py:545} INFO - Filling up the DagBag from /opt/airflow/dags/extract_data.py
[2025-02-09T16:08:43.603+0000] {processor.py:842} WARNING - No viable dags retrieved from /opt/airflow/dags/extract_data.py
[2025-02-09T16:08:43.624+0000] {processor.py:183} INFO - Processing /opt/airflow/dags/extract_data.py took 0.071 seconds
[2025-02-09T16:09:14.079+0000] {processor.py:161} INFO - Started process (PID=1221) to work on /opt/airflow/dags/extract_data.py
[2025-02-09T16:09:14.082+0000] {processor.py:830} INFO - Processing file /opt/airflow/dags/extract_data.py for tasks to queue
[2025-02-09T16:09:14.085+0000] {logging_mixin.py:188} INFO - [2025-02-09T16:09:14.084+0000] {dagbag.py:545} INFO - Filling up the DagBag from /opt/airflow/dags/extract_data.py
[2025-02-09T16:09:14.133+0000] {processor.py:842} WARNING - No viable dags retrieved from /opt/airflow/dags/extract_data.py
[2025-02-09T16:09:14.164+0000] {processor.py:183} INFO - Processing /opt/airflow/dags/extract_data.py took 0.097 seconds
[2025-02-09T16:09:44.605+0000] {processor.py:161} INFO - Started process (PID=1237) to work on /opt/airflow/dags/extract_data.py
[2025-02-09T16:09:44.607+0000] {processor.py:830} INFO - Processing file /opt/airflow/dags/extract_data.py for tasks to queue
[2025-02-09T16:09:44.608+0000] {logging_mixin.py:188} INFO - [2025-02-09T16:09:44.608+0000] {dagbag.py:545} INFO - Filling up the DagBag from /opt/airflow/dags/extract_data.py
[2025-02-09T16:09:44.638+0000] {processor.py:842} WARNING - No viable dags retrieved from /opt/airflow/dags/extract_data.py
[2025-02-09T16:09:44.658+0000] {processor.py:183} INFO - Processing /opt/airflow/dags/extract_data.py took 0.061 seconds
[2025-02-09T16:10:15.072+0000] {processor.py:161} INFO - Started process (PID=1253) to work on /opt/airflow/dags/extract_data.py
[2025-02-09T16:10:15.074+0000] {processor.py:830} INFO - Processing file /opt/airflow/dags/extract_data.py for tasks to queue
[2025-02-09T16:10:15.075+0000] {logging_mixin.py:188} INFO - [2025-02-09T16:10:15.075+0000] {dagbag.py:545} INFO - Filling up the DagBag from /opt/airflow/dags/extract_data.py
[2025-02-09T16:10:15.108+0000] {processor.py:842} WARNING - No viable dags retrieved from /opt/airflow/dags/extract_data.py
[2025-02-09T16:10:15.128+0000] {processor.py:183} INFO - Processing /opt/airflow/dags/extract_data.py took 0.066 seconds
[2025-02-09T16:14:16.845+0000] {processor.py:161} INFO - Started process (PID=188) to work on /opt/airflow/dags/extract_data.py
[2025-02-09T16:14:16.846+0000] {processor.py:830} INFO - Processing file /opt/airflow/dags/extract_data.py for tasks to queue
[2025-02-09T16:14:16.848+0000] {logging_mixin.py:188} INFO - [2025-02-09T16:14:16.847+0000] {dagbag.py:545} INFO - Filling up the DagBag from /opt/airflow/dags/extract_data.py
[2025-02-09T16:14:16.866+0000] {processor.py:842} WARNING - No viable dags retrieved from /opt/airflow/dags/extract_data.py
[2025-02-09T16:14:16.883+0000] {processor.py:183} INFO - Processing /opt/airflow/dags/extract_data.py took 0.045 seconds
[2025-02-09T16:14:47.252+0000] {processor.py:161} INFO - Started process (PID=201) to work on /opt/airflow/dags/extract_data.py
[2025-02-09T16:14:47.254+0000] {processor.py:830} INFO - Processing file /opt/airflow/dags/extract_data.py for tasks to queue
[2025-02-09T16:14:47.255+0000] {logging_mixin.py:188} INFO - [2025-02-09T16:14:47.255+0000] {dagbag.py:545} INFO - Filling up the DagBag from /opt/airflow/dags/extract_data.py
[2025-02-09T16:14:47.287+0000] {processor.py:842} WARNING - No viable dags retrieved from /opt/airflow/dags/extract_data.py
[2025-02-09T16:14:47.306+0000] {processor.py:183} INFO - Processing /opt/airflow/dags/extract_data.py took 0.064 seconds
[2025-02-09T16:15:17.747+0000] {processor.py:161} INFO - Started process (PID=219) to work on /opt/airflow/dags/extract_data.py
[2025-02-09T16:15:17.749+0000] {processor.py:830} INFO - Processing file /opt/airflow/dags/extract_data.py for tasks to queue
[2025-02-09T16:15:17.750+0000] {logging_mixin.py:188} INFO - [2025-02-09T16:15:17.750+0000] {dagbag.py:545} INFO - Filling up the DagBag from /opt/airflow/dags/extract_data.py
[2025-02-09T16:15:17.770+0000] {processor.py:842} WARNING - No viable dags retrieved from /opt/airflow/dags/extract_data.py
[2025-02-09T16:15:17.792+0000] {processor.py:183} INFO - Processing /opt/airflow/dags/extract_data.py took 0.051 seconds
[2025-02-09T16:15:48.216+0000] {processor.py:161} INFO - Started process (PID=238) to work on /opt/airflow/dags/extract_data.py
[2025-02-09T16:15:48.218+0000] {processor.py:830} INFO - Processing file /opt/airflow/dags/extract_data.py for tasks to queue
[2025-02-09T16:15:48.220+0000] {logging_mixin.py:188} INFO - [2025-02-09T16:15:48.220+0000] {dagbag.py:545} INFO - Filling up the DagBag from /opt/airflow/dags/extract_data.py
[2025-02-09T16:15:48.261+0000] {processor.py:842} WARNING - No viable dags retrieved from /opt/airflow/dags/extract_data.py
[2025-02-09T16:15:48.298+0000] {processor.py:183} INFO - Processing /opt/airflow/dags/extract_data.py took 0.100 seconds
[2025-02-09T16:16:18.746+0000] {processor.py:161} INFO - Started process (PID=254) to work on /opt/airflow/dags/extract_data.py
[2025-02-09T16:16:18.749+0000] {processor.py:830} INFO - Processing file /opt/airflow/dags/extract_data.py for tasks to queue
[2025-02-09T16:16:18.752+0000] {logging_mixin.py:188} INFO - [2025-02-09T16:16:18.751+0000] {dagbag.py:545} INFO - Filling up the DagBag from /opt/airflow/dags/extract_data.py
[2025-02-09T16:16:18.787+0000] {processor.py:842} WARNING - No viable dags retrieved from /opt/airflow/dags/extract_data.py
[2025-02-09T16:16:18.807+0000] {processor.py:183} INFO - Processing /opt/airflow/dags/extract_data.py took 0.070 seconds
[2025-02-09T16:16:49.244+0000] {processor.py:161} INFO - Started process (PID=270) to work on /opt/airflow/dags/extract_data.py
[2025-02-09T16:16:49.245+0000] {processor.py:830} INFO - Processing file /opt/airflow/dags/extract_data.py for tasks to queue
[2025-02-09T16:16:49.246+0000] {logging_mixin.py:188} INFO - [2025-02-09T16:16:49.246+0000] {dagbag.py:545} INFO - Filling up the DagBag from /opt/airflow/dags/extract_data.py
[2025-02-09T16:16:49.269+0000] {processor.py:842} WARNING - No viable dags retrieved from /opt/airflow/dags/extract_data.py
[2025-02-09T16:16:49.288+0000] {processor.py:183} INFO - Processing /opt/airflow/dags/extract_data.py took 0.051 seconds
[2025-02-09T16:17:19.719+0000] {processor.py:161} INFO - Started process (PID=286) to work on /opt/airflow/dags/extract_data.py
[2025-02-09T16:17:19.720+0000] {processor.py:830} INFO - Processing file /opt/airflow/dags/extract_data.py for tasks to queue
[2025-02-09T16:17:19.721+0000] {logging_mixin.py:188} INFO - [2025-02-09T16:17:19.721+0000] {dagbag.py:545} INFO - Filling up the DagBag from /opt/airflow/dags/extract_data.py
[2025-02-09T16:17:19.743+0000] {processor.py:842} WARNING - No viable dags retrieved from /opt/airflow/dags/extract_data.py
[2025-02-09T16:17:19.758+0000] {processor.py:183} INFO - Processing /opt/airflow/dags/extract_data.py took 0.048 seconds
[2025-02-09T16:17:50.180+0000] {processor.py:161} INFO - Started process (PID=302) to work on /opt/airflow/dags/extract_data.py
[2025-02-09T16:17:50.182+0000] {processor.py:830} INFO - Processing file /opt/airflow/dags/extract_data.py for tasks to queue
[2025-02-09T16:17:50.183+0000] {logging_mixin.py:188} INFO - [2025-02-09T16:17:50.183+0000] {dagbag.py:545} INFO - Filling up the DagBag from /opt/airflow/dags/extract_data.py
[2025-02-09T16:17:50.223+0000] {processor.py:842} WARNING - No viable dags retrieved from /opt/airflow/dags/extract_data.py
[2025-02-09T16:17:50.257+0000] {processor.py:183} INFO - Processing /opt/airflow/dags/extract_data.py took 0.085 seconds
[2025-02-09T16:18:20.681+0000] {processor.py:161} INFO - Started process (PID=318) to work on /opt/airflow/dags/extract_data.py
[2025-02-09T16:18:20.683+0000] {processor.py:830} INFO - Processing file /opt/airflow/dags/extract_data.py for tasks to queue
[2025-02-09T16:18:20.684+0000] {logging_mixin.py:188} INFO - [2025-02-09T16:18:20.684+0000] {dagbag.py:545} INFO - Filling up the DagBag from /opt/airflow/dags/extract_data.py
[2025-02-09T16:18:20.706+0000] {processor.py:842} WARNING - No viable dags retrieved from /opt/airflow/dags/extract_data.py
[2025-02-09T16:18:20.723+0000] {processor.py:183} INFO - Processing /opt/airflow/dags/extract_data.py took 0.049 seconds
[2025-02-09T16:18:51.179+0000] {processor.py:161} INFO - Started process (PID=334) to work on /opt/airflow/dags/extract_data.py
[2025-02-09T16:18:51.180+0000] {processor.py:830} INFO - Processing file /opt/airflow/dags/extract_data.py for tasks to queue
[2025-02-09T16:18:51.182+0000] {logging_mixin.py:188} INFO - [2025-02-09T16:18:51.181+0000] {dagbag.py:545} INFO - Filling up the DagBag from /opt/airflow/dags/extract_data.py
[2025-02-09T16:18:51.200+0000] {processor.py:842} WARNING - No viable dags retrieved from /opt/airflow/dags/extract_data.py
[2025-02-09T16:18:51.217+0000] {processor.py:183} INFO - Processing /opt/airflow/dags/extract_data.py took 0.045 seconds
[2025-02-09T16:19:21.961+0000] {processor.py:161} INFO - Started process (PID=356) to work on /opt/airflow/dags/extract_data.py
[2025-02-09T16:19:21.963+0000] {processor.py:830} INFO - Processing file /opt/airflow/dags/extract_data.py for tasks to queue
[2025-02-09T16:19:21.964+0000] {logging_mixin.py:188} INFO - [2025-02-09T16:19:21.964+0000] {dagbag.py:545} INFO - Filling up the DagBag from /opt/airflow/dags/extract_data.py
[2025-02-09T16:19:21.989+0000] {processor.py:842} WARNING - No viable dags retrieved from /opt/airflow/dags/extract_data.py
[2025-02-09T16:19:22.014+0000] {processor.py:183} INFO - Processing /opt/airflow/dags/extract_data.py took 0.059 seconds
[2025-02-09T16:19:52.513+0000] {processor.py:161} INFO - Started process (PID=372) to work on /opt/airflow/dags/extract_data.py
[2025-02-09T16:19:52.515+0000] {processor.py:830} INFO - Processing file /opt/airflow/dags/extract_data.py for tasks to queue
[2025-02-09T16:19:52.518+0000] {logging_mixin.py:188} INFO - [2025-02-09T16:19:52.517+0000] {dagbag.py:545} INFO - Filling up the DagBag from /opt/airflow/dags/extract_data.py
[2025-02-09T16:19:52.570+0000] {processor.py:842} WARNING - No viable dags retrieved from /opt/airflow/dags/extract_data.py
[2025-02-09T16:19:52.612+0000] {processor.py:183} INFO - Processing /opt/airflow/dags/extract_data.py took 0.118 seconds
[2025-02-09T16:20:23.102+0000] {processor.py:161} INFO - Started process (PID=388) to work on /opt/airflow/dags/extract_data.py
[2025-02-09T16:20:23.103+0000] {processor.py:830} INFO - Processing file /opt/airflow/dags/extract_data.py for tasks to queue
[2025-02-09T16:20:23.105+0000] {logging_mixin.py:188} INFO - [2025-02-09T16:20:23.105+0000] {dagbag.py:545} INFO - Filling up the DagBag from /opt/airflow/dags/extract_data.py
[2025-02-09T16:20:23.142+0000] {processor.py:842} WARNING - No viable dags retrieved from /opt/airflow/dags/extract_data.py
[2025-02-09T16:20:23.163+0000] {processor.py:183} INFO - Processing /opt/airflow/dags/extract_data.py took 0.072 seconds
[2025-02-09T16:20:53.650+0000] {processor.py:161} INFO - Started process (PID=404) to work on /opt/airflow/dags/extract_data.py
[2025-02-09T16:20:53.652+0000] {processor.py:830} INFO - Processing file /opt/airflow/dags/extract_data.py for tasks to queue
[2025-02-09T16:20:53.654+0000] {logging_mixin.py:188} INFO - [2025-02-09T16:20:53.653+0000] {dagbag.py:545} INFO - Filling up the DagBag from /opt/airflow/dags/extract_data.py
[2025-02-09T16:20:53.675+0000] {processor.py:842} WARNING - No viable dags retrieved from /opt/airflow/dags/extract_data.py
[2025-02-09T16:20:53.693+0000] {processor.py:183} INFO - Processing /opt/airflow/dags/extract_data.py took 0.052 seconds
[2025-02-09T16:21:24.183+0000] {processor.py:161} INFO - Started process (PID=420) to work on /opt/airflow/dags/extract_data.py
[2025-02-09T16:21:24.184+0000] {processor.py:830} INFO - Processing file /opt/airflow/dags/extract_data.py for tasks to queue
[2025-02-09T16:21:24.185+0000] {logging_mixin.py:188} INFO - [2025-02-09T16:21:24.185+0000] {dagbag.py:545} INFO - Filling up the DagBag from /opt/airflow/dags/extract_data.py
[2025-02-09T16:21:24.206+0000] {processor.py:842} WARNING - No viable dags retrieved from /opt/airflow/dags/extract_data.py
[2025-02-09T16:21:24.223+0000] {processor.py:183} INFO - Processing /opt/airflow/dags/extract_data.py took 0.048 seconds
[2025-02-09T16:21:54.684+0000] {processor.py:161} INFO - Started process (PID=437) to work on /opt/airflow/dags/extract_data.py
[2025-02-09T16:21:54.685+0000] {processor.py:830} INFO - Processing file /opt/airflow/dags/extract_data.py for tasks to queue
[2025-02-09T16:21:54.686+0000] {logging_mixin.py:188} INFO - [2025-02-09T16:21:54.686+0000] {dagbag.py:545} INFO - Filling up the DagBag from /opt/airflow/dags/extract_data.py
[2025-02-09T16:21:54.710+0000] {processor.py:842} WARNING - No viable dags retrieved from /opt/airflow/dags/extract_data.py
[2025-02-09T16:21:54.727+0000] {processor.py:183} INFO - Processing /opt/airflow/dags/extract_data.py took 0.052 seconds
[2025-02-09T16:22:25.228+0000] {processor.py:161} INFO - Started process (PID=453) to work on /opt/airflow/dags/extract_data.py
[2025-02-09T16:22:25.230+0000] {processor.py:830} INFO - Processing file /opt/airflow/dags/extract_data.py for tasks to queue
[2025-02-09T16:22:25.232+0000] {logging_mixin.py:188} INFO - [2025-02-09T16:22:25.231+0000] {dagbag.py:545} INFO - Filling up the DagBag from /opt/airflow/dags/extract_data.py
[2025-02-09T16:22:25.270+0000] {processor.py:842} WARNING - No viable dags retrieved from /opt/airflow/dags/extract_data.py
[2025-02-09T16:22:25.289+0000] {processor.py:183} INFO - Processing /opt/airflow/dags/extract_data.py took 0.069 seconds
[2025-02-09T16:22:55.754+0000] {processor.py:161} INFO - Started process (PID=469) to work on /opt/airflow/dags/extract_data.py
[2025-02-09T16:22:55.755+0000] {processor.py:830} INFO - Processing file /opt/airflow/dags/extract_data.py for tasks to queue
[2025-02-09T16:22:55.757+0000] {logging_mixin.py:188} INFO - [2025-02-09T16:22:55.756+0000] {dagbag.py:545} INFO - Filling up the DagBag from /opt/airflow/dags/extract_data.py
[2025-02-09T16:22:55.780+0000] {processor.py:842} WARNING - No viable dags retrieved from /opt/airflow/dags/extract_data.py
[2025-02-09T16:22:55.801+0000] {processor.py:183} INFO - Processing /opt/airflow/dags/extract_data.py took 0.054 seconds
[2025-02-09T16:23:26.303+0000] {processor.py:161} INFO - Started process (PID=485) to work on /opt/airflow/dags/extract_data.py
[2025-02-09T16:23:26.304+0000] {processor.py:830} INFO - Processing file /opt/airflow/dags/extract_data.py for tasks to queue
[2025-02-09T16:23:26.306+0000] {logging_mixin.py:188} INFO - [2025-02-09T16:23:26.305+0000] {dagbag.py:545} INFO - Filling up the DagBag from /opt/airflow/dags/extract_data.py
[2025-02-09T16:23:26.335+0000] {processor.py:842} WARNING - No viable dags retrieved from /opt/airflow/dags/extract_data.py
[2025-02-09T16:23:26.358+0000] {processor.py:183} INFO - Processing /opt/airflow/dags/extract_data.py took 0.065 seconds
[2025-02-09T16:23:56.841+0000] {processor.py:161} INFO - Started process (PID=501) to work on /opt/airflow/dags/extract_data.py
[2025-02-09T16:23:56.843+0000] {processor.py:830} INFO - Processing file /opt/airflow/dags/extract_data.py for tasks to queue
[2025-02-09T16:23:56.845+0000] {logging_mixin.py:188} INFO - [2025-02-09T16:23:56.844+0000] {dagbag.py:545} INFO - Filling up the DagBag from /opt/airflow/dags/extract_data.py
[2025-02-09T16:23:56.882+0000] {processor.py:842} WARNING - No viable dags retrieved from /opt/airflow/dags/extract_data.py
[2025-02-09T16:23:56.905+0000] {processor.py:183} INFO - Processing /opt/airflow/dags/extract_data.py took 0.071 seconds
[2025-02-09T16:24:27.603+0000] {processor.py:161} INFO - Started process (PID=517) to work on /opt/airflow/dags/extract_data.py
[2025-02-09T16:24:27.604+0000] {processor.py:830} INFO - Processing file /opt/airflow/dags/extract_data.py for tasks to queue
[2025-02-09T16:24:27.606+0000] {logging_mixin.py:188} INFO - [2025-02-09T16:24:27.606+0000] {dagbag.py:545} INFO - Filling up the DagBag from /opt/airflow/dags/extract_data.py
[2025-02-09T16:24:27.651+0000] {processor.py:842} WARNING - No viable dags retrieved from /opt/airflow/dags/extract_data.py
[2025-02-09T16:24:27.687+0000] {processor.py:183} INFO - Processing /opt/airflow/dags/extract_data.py took 0.093 seconds
[2025-02-09T16:24:58.148+0000] {processor.py:161} INFO - Started process (PID=533) to work on /opt/airflow/dags/extract_data.py
[2025-02-09T16:24:58.149+0000] {processor.py:830} INFO - Processing file /opt/airflow/dags/extract_data.py for tasks to queue
[2025-02-09T16:24:58.152+0000] {logging_mixin.py:188} INFO - [2025-02-09T16:24:58.151+0000] {dagbag.py:545} INFO - Filling up the DagBag from /opt/airflow/dags/extract_data.py
[2025-02-09T16:24:58.194+0000] {processor.py:842} WARNING - No viable dags retrieved from /opt/airflow/dags/extract_data.py
[2025-02-09T16:24:58.226+0000] {processor.py:183} INFO - Processing /opt/airflow/dags/extract_data.py took 0.087 seconds
[2025-02-09T16:25:28.705+0000] {processor.py:161} INFO - Started process (PID=549) to work on /opt/airflow/dags/extract_data.py
[2025-02-09T16:25:28.706+0000] {processor.py:830} INFO - Processing file /opt/airflow/dags/extract_data.py for tasks to queue
[2025-02-09T16:25:28.708+0000] {logging_mixin.py:188} INFO - [2025-02-09T16:25:28.708+0000] {dagbag.py:545} INFO - Filling up the DagBag from /opt/airflow/dags/extract_data.py
[2025-02-09T16:25:28.737+0000] {processor.py:842} WARNING - No viable dags retrieved from /opt/airflow/dags/extract_data.py
[2025-02-09T16:25:28.757+0000] {processor.py:183} INFO - Processing /opt/airflow/dags/extract_data.py took 0.060 seconds
[2025-02-09T16:25:59.225+0000] {processor.py:161} INFO - Started process (PID=565) to work on /opt/airflow/dags/extract_data.py
[2025-02-09T16:25:59.226+0000] {processor.py:830} INFO - Processing file /opt/airflow/dags/extract_data.py for tasks to queue
[2025-02-09T16:25:59.227+0000] {logging_mixin.py:188} INFO - [2025-02-09T16:25:59.227+0000] {dagbag.py:545} INFO - Filling up the DagBag from /opt/airflow/dags/extract_data.py
[2025-02-09T16:25:59.248+0000] {processor.py:842} WARNING - No viable dags retrieved from /opt/airflow/dags/extract_data.py
[2025-02-09T16:25:59.266+0000] {processor.py:183} INFO - Processing /opt/airflow/dags/extract_data.py took 0.049 seconds
[2025-02-09T16:26:29.738+0000] {processor.py:161} INFO - Started process (PID=581) to work on /opt/airflow/dags/extract_data.py
[2025-02-09T16:26:29.739+0000] {processor.py:830} INFO - Processing file /opt/airflow/dags/extract_data.py for tasks to queue
[2025-02-09T16:26:29.740+0000] {logging_mixin.py:188} INFO - [2025-02-09T16:26:29.740+0000] {dagbag.py:545} INFO - Filling up the DagBag from /opt/airflow/dags/extract_data.py
[2025-02-09T16:26:29.773+0000] {processor.py:842} WARNING - No viable dags retrieved from /opt/airflow/dags/extract_data.py
[2025-02-09T16:26:29.793+0000] {processor.py:183} INFO - Processing /opt/airflow/dags/extract_data.py took 0.063 seconds
[2025-02-09T16:27:00.269+0000] {processor.py:161} INFO - Started process (PID=597) to work on /opt/airflow/dags/extract_data.py
[2025-02-09T16:27:00.271+0000] {processor.py:830} INFO - Processing file /opt/airflow/dags/extract_data.py for tasks to queue
[2025-02-09T16:27:00.273+0000] {logging_mixin.py:188} INFO - [2025-02-09T16:27:00.273+0000] {dagbag.py:545} INFO - Filling up the DagBag from /opt/airflow/dags/extract_data.py
[2025-02-09T16:27:00.304+0000] {processor.py:842} WARNING - No viable dags retrieved from /opt/airflow/dags/extract_data.py
[2025-02-09T16:27:00.331+0000] {processor.py:183} INFO - Processing /opt/airflow/dags/extract_data.py took 0.074 seconds
[2025-02-09T16:27:30.780+0000] {processor.py:161} INFO - Started process (PID=613) to work on /opt/airflow/dags/extract_data.py
[2025-02-09T16:27:30.782+0000] {processor.py:830} INFO - Processing file /opt/airflow/dags/extract_data.py for tasks to queue
[2025-02-09T16:27:30.784+0000] {logging_mixin.py:188} INFO - [2025-02-09T16:27:30.783+0000] {dagbag.py:545} INFO - Filling up the DagBag from /opt/airflow/dags/extract_data.py
[2025-02-09T16:27:30.811+0000] {processor.py:842} WARNING - No viable dags retrieved from /opt/airflow/dags/extract_data.py
[2025-02-09T16:27:30.829+0000] {processor.py:183} INFO - Processing /opt/airflow/dags/extract_data.py took 0.056 seconds
[2025-02-09T16:28:01.284+0000] {processor.py:161} INFO - Started process (PID=629) to work on /opt/airflow/dags/extract_data.py
[2025-02-09T16:28:01.285+0000] {processor.py:830} INFO - Processing file /opt/airflow/dags/extract_data.py for tasks to queue
[2025-02-09T16:28:01.287+0000] {logging_mixin.py:188} INFO - [2025-02-09T16:28:01.286+0000] {dagbag.py:545} INFO - Filling up the DagBag from /opt/airflow/dags/extract_data.py
[2025-02-09T16:28:01.319+0000] {processor.py:842} WARNING - No viable dags retrieved from /opt/airflow/dags/extract_data.py
[2025-02-09T16:28:01.336+0000] {processor.py:183} INFO - Processing /opt/airflow/dags/extract_data.py took 0.060 seconds
[2025-02-09T16:28:31.794+0000] {processor.py:161} INFO - Started process (PID=645) to work on /opt/airflow/dags/extract_data.py
[2025-02-09T16:28:31.795+0000] {processor.py:830} INFO - Processing file /opt/airflow/dags/extract_data.py for tasks to queue
[2025-02-09T16:28:31.797+0000] {logging_mixin.py:188} INFO - [2025-02-09T16:28:31.796+0000] {dagbag.py:545} INFO - Filling up the DagBag from /opt/airflow/dags/extract_data.py
[2025-02-09T16:28:31.830+0000] {processor.py:842} WARNING - No viable dags retrieved from /opt/airflow/dags/extract_data.py
[2025-02-09T16:28:31.850+0000] {processor.py:183} INFO - Processing /opt/airflow/dags/extract_data.py took 0.064 seconds
[2025-02-09T16:29:02.306+0000] {processor.py:161} INFO - Started process (PID=661) to work on /opt/airflow/dags/extract_data.py
[2025-02-09T16:29:02.307+0000] {processor.py:830} INFO - Processing file /opt/airflow/dags/extract_data.py for tasks to queue
[2025-02-09T16:29:02.308+0000] {logging_mixin.py:188} INFO - [2025-02-09T16:29:02.308+0000] {dagbag.py:545} INFO - Filling up the DagBag from /opt/airflow/dags/extract_data.py
[2025-02-09T16:29:02.337+0000] {processor.py:842} WARNING - No viable dags retrieved from /opt/airflow/dags/extract_data.py
[2025-02-09T16:29:02.357+0000] {processor.py:183} INFO - Processing /opt/airflow/dags/extract_data.py took 0.062 seconds
[2025-02-09T16:29:33.000+0000] {processor.py:161} INFO - Started process (PID=677) to work on /opt/airflow/dags/extract_data.py
[2025-02-09T16:29:33.001+0000] {processor.py:830} INFO - Processing file /opt/airflow/dags/extract_data.py for tasks to queue
[2025-02-09T16:29:33.002+0000] {logging_mixin.py:188} INFO - [2025-02-09T16:29:33.002+0000] {dagbag.py:545} INFO - Filling up the DagBag from /opt/airflow/dags/extract_data.py
[2025-02-09T16:29:33.024+0000] {processor.py:842} WARNING - No viable dags retrieved from /opt/airflow/dags/extract_data.py
[2025-02-09T16:29:33.042+0000] {processor.py:183} INFO - Processing /opt/airflow/dags/extract_data.py took 0.050 seconds
[2025-02-09T16:30:03.505+0000] {processor.py:161} INFO - Started process (PID=693) to work on /opt/airflow/dags/extract_data.py
[2025-02-09T16:30:03.506+0000] {processor.py:830} INFO - Processing file /opt/airflow/dags/extract_data.py for tasks to queue
[2025-02-09T16:30:03.508+0000] {logging_mixin.py:188} INFO - [2025-02-09T16:30:03.507+0000] {dagbag.py:545} INFO - Filling up the DagBag from /opt/airflow/dags/extract_data.py
[2025-02-09T16:30:03.530+0000] {processor.py:842} WARNING - No viable dags retrieved from /opt/airflow/dags/extract_data.py
[2025-02-09T16:30:03.547+0000] {processor.py:183} INFO - Processing /opt/airflow/dags/extract_data.py took 0.051 seconds
[2025-02-09T16:30:33.996+0000] {processor.py:161} INFO - Started process (PID=709) to work on /opt/airflow/dags/extract_data.py
[2025-02-09T16:30:33.998+0000] {processor.py:830} INFO - Processing file /opt/airflow/dags/extract_data.py for tasks to queue
[2025-02-09T16:30:33.999+0000] {logging_mixin.py:188} INFO - [2025-02-09T16:30:33.999+0000] {dagbag.py:545} INFO - Filling up the DagBag from /opt/airflow/dags/extract_data.py
[2025-02-09T16:30:34.030+0000] {processor.py:842} WARNING - No viable dags retrieved from /opt/airflow/dags/extract_data.py
[2025-02-09T16:30:34.049+0000] {processor.py:183} INFO - Processing /opt/airflow/dags/extract_data.py took 0.063 seconds
[2025-02-09T16:31:04.550+0000] {processor.py:161} INFO - Started process (PID=725) to work on /opt/airflow/dags/extract_data.py
[2025-02-09T16:31:04.552+0000] {processor.py:830} INFO - Processing file /opt/airflow/dags/extract_data.py for tasks to queue
[2025-02-09T16:31:04.555+0000] {logging_mixin.py:188} INFO - [2025-02-09T16:31:04.553+0000] {dagbag.py:545} INFO - Filling up the DagBag from /opt/airflow/dags/extract_data.py
[2025-02-09T16:31:04.609+0000] {processor.py:842} WARNING - No viable dags retrieved from /opt/airflow/dags/extract_data.py
[2025-02-09T16:31:04.643+0000] {processor.py:183} INFO - Processing /opt/airflow/dags/extract_data.py took 0.107 seconds
[2025-02-09T16:31:35.112+0000] {processor.py:161} INFO - Started process (PID=741) to work on /opt/airflow/dags/extract_data.py
[2025-02-09T16:31:35.114+0000] {processor.py:830} INFO - Processing file /opt/airflow/dags/extract_data.py for tasks to queue
[2025-02-09T16:31:35.115+0000] {logging_mixin.py:188} INFO - [2025-02-09T16:31:35.115+0000] {dagbag.py:545} INFO - Filling up the DagBag from /opt/airflow/dags/extract_data.py
[2025-02-09T16:31:35.150+0000] {processor.py:842} WARNING - No viable dags retrieved from /opt/airflow/dags/extract_data.py
[2025-02-09T16:31:35.169+0000] {processor.py:183} INFO - Processing /opt/airflow/dags/extract_data.py took 0.064 seconds
[2025-02-09T16:32:05.627+0000] {processor.py:161} INFO - Started process (PID=757) to work on /opt/airflow/dags/extract_data.py
[2025-02-09T16:32:05.628+0000] {processor.py:830} INFO - Processing file /opt/airflow/dags/extract_data.py for tasks to queue
[2025-02-09T16:32:05.630+0000] {logging_mixin.py:188} INFO - [2025-02-09T16:32:05.629+0000] {dagbag.py:545} INFO - Filling up the DagBag from /opt/airflow/dags/extract_data.py
[2025-02-09T16:32:05.648+0000] {processor.py:842} WARNING - No viable dags retrieved from /opt/airflow/dags/extract_data.py
[2025-02-09T16:32:05.665+0000] {processor.py:183} INFO - Processing /opt/airflow/dags/extract_data.py took 0.049 seconds
[2025-02-09T16:32:36.139+0000] {processor.py:161} INFO - Started process (PID=772) to work on /opt/airflow/dags/extract_data.py
[2025-02-09T16:32:36.141+0000] {processor.py:830} INFO - Processing file /opt/airflow/dags/extract_data.py for tasks to queue
[2025-02-09T16:32:36.144+0000] {logging_mixin.py:188} INFO - [2025-02-09T16:32:36.143+0000] {dagbag.py:545} INFO - Filling up the DagBag from /opt/airflow/dags/extract_data.py
[2025-02-09T16:32:36.187+0000] {processor.py:842} WARNING - No viable dags retrieved from /opt/airflow/dags/extract_data.py
[2025-02-09T16:32:36.219+0000] {processor.py:183} INFO - Processing /opt/airflow/dags/extract_data.py took 0.096 seconds
[2025-02-09T16:33:06.692+0000] {processor.py:161} INFO - Started process (PID=788) to work on /opt/airflow/dags/extract_data.py
[2025-02-09T16:33:06.693+0000] {processor.py:830} INFO - Processing file /opt/airflow/dags/extract_data.py for tasks to queue
[2025-02-09T16:33:06.695+0000] {logging_mixin.py:188} INFO - [2025-02-09T16:33:06.694+0000] {dagbag.py:545} INFO - Filling up the DagBag from /opt/airflow/dags/extract_data.py
[2025-02-09T16:33:06.730+0000] {processor.py:842} WARNING - No viable dags retrieved from /opt/airflow/dags/extract_data.py
[2025-02-09T16:33:06.749+0000] {processor.py:183} INFO - Processing /opt/airflow/dags/extract_data.py took 0.065 seconds
[2025-02-09T16:33:37.206+0000] {processor.py:161} INFO - Started process (PID=804) to work on /opt/airflow/dags/extract_data.py
[2025-02-09T16:33:37.208+0000] {processor.py:830} INFO - Processing file /opt/airflow/dags/extract_data.py for tasks to queue
[2025-02-09T16:33:37.211+0000] {logging_mixin.py:188} INFO - [2025-02-09T16:33:37.210+0000] {dagbag.py:545} INFO - Filling up the DagBag from /opt/airflow/dags/extract_data.py
[2025-02-09T16:33:37.253+0000] {processor.py:842} WARNING - No viable dags retrieved from /opt/airflow/dags/extract_data.py
[2025-02-09T16:33:37.285+0000] {processor.py:183} INFO - Processing /opt/airflow/dags/extract_data.py took 0.090 seconds
[2025-02-09T16:34:07.740+0000] {processor.py:161} INFO - Started process (PID=820) to work on /opt/airflow/dags/extract_data.py
[2025-02-09T16:34:07.742+0000] {processor.py:830} INFO - Processing file /opt/airflow/dags/extract_data.py for tasks to queue
[2025-02-09T16:34:07.743+0000] {logging_mixin.py:188} INFO - [2025-02-09T16:34:07.743+0000] {dagbag.py:545} INFO - Filling up the DagBag from /opt/airflow/dags/extract_data.py
[2025-02-09T16:34:07.763+0000] {processor.py:842} WARNING - No viable dags retrieved from /opt/airflow/dags/extract_data.py
[2025-02-09T16:34:07.783+0000] {processor.py:183} INFO - Processing /opt/airflow/dags/extract_data.py took 0.053 seconds
[2025-02-09T16:34:38.418+0000] {processor.py:161} INFO - Started process (PID=836) to work on /opt/airflow/dags/extract_data.py
[2025-02-09T16:34:38.420+0000] {processor.py:830} INFO - Processing file /opt/airflow/dags/extract_data.py for tasks to queue
[2025-02-09T16:34:38.421+0000] {logging_mixin.py:188} INFO - [2025-02-09T16:34:38.420+0000] {dagbag.py:545} INFO - Filling up the DagBag from /opt/airflow/dags/extract_data.py
[2025-02-09T16:34:38.439+0000] {processor.py:842} WARNING - No viable dags retrieved from /opt/airflow/dags/extract_data.py
[2025-02-09T16:34:38.456+0000] {processor.py:183} INFO - Processing /opt/airflow/dags/extract_data.py took 0.048 seconds
[2025-02-09T16:35:08.897+0000] {processor.py:161} INFO - Started process (PID=852) to work on /opt/airflow/dags/extract_data.py
[2025-02-09T16:35:08.898+0000] {processor.py:830} INFO - Processing file /opt/airflow/dags/extract_data.py for tasks to queue
[2025-02-09T16:35:08.899+0000] {logging_mixin.py:188} INFO - [2025-02-09T16:35:08.899+0000] {dagbag.py:545} INFO - Filling up the DagBag from /opt/airflow/dags/extract_data.py
[2025-02-09T16:35:08.937+0000] {processor.py:842} WARNING - No viable dags retrieved from /opt/airflow/dags/extract_data.py
[2025-02-09T16:35:08.956+0000] {processor.py:183} INFO - Processing /opt/airflow/dags/extract_data.py took 0.067 seconds
[2025-02-09T16:35:39.420+0000] {processor.py:161} INFO - Started process (PID=868) to work on /opt/airflow/dags/extract_data.py
[2025-02-09T16:35:39.421+0000] {processor.py:830} INFO - Processing file /opt/airflow/dags/extract_data.py for tasks to queue
[2025-02-09T16:35:39.422+0000] {logging_mixin.py:188} INFO - [2025-02-09T16:35:39.422+0000] {dagbag.py:545} INFO - Filling up the DagBag from /opt/airflow/dags/extract_data.py
[2025-02-09T16:35:39.446+0000] {processor.py:842} WARNING - No viable dags retrieved from /opt/airflow/dags/extract_data.py
[2025-02-09T16:35:39.464+0000] {processor.py:183} INFO - Processing /opt/airflow/dags/extract_data.py took 0.052 seconds
[2025-02-09T16:36:09.969+0000] {processor.py:161} INFO - Started process (PID=884) to work on /opt/airflow/dags/extract_data.py
[2025-02-09T16:36:09.970+0000] {processor.py:830} INFO - Processing file /opt/airflow/dags/extract_data.py for tasks to queue
[2025-02-09T16:36:09.971+0000] {logging_mixin.py:188} INFO - [2025-02-09T16:36:09.971+0000] {dagbag.py:545} INFO - Filling up the DagBag from /opt/airflow/dags/extract_data.py
[2025-02-09T16:36:09.992+0000] {processor.py:842} WARNING - No viable dags retrieved from /opt/airflow/dags/extract_data.py
[2025-02-09T16:36:10.009+0000] {processor.py:183} INFO - Processing /opt/airflow/dags/extract_data.py took 0.048 seconds
[2025-02-09T16:36:40.477+0000] {processor.py:161} INFO - Started process (PID=900) to work on /opt/airflow/dags/extract_data.py
[2025-02-09T16:36:40.478+0000] {processor.py:830} INFO - Processing file /opt/airflow/dags/extract_data.py for tasks to queue
[2025-02-09T16:36:40.480+0000] {logging_mixin.py:188} INFO - [2025-02-09T16:36:40.479+0000] {dagbag.py:545} INFO - Filling up the DagBag from /opt/airflow/dags/extract_data.py
[2025-02-09T16:36:40.501+0000] {processor.py:842} WARNING - No viable dags retrieved from /opt/airflow/dags/extract_data.py
[2025-02-09T16:36:40.520+0000] {processor.py:183} INFO - Processing /opt/airflow/dags/extract_data.py took 0.051 seconds
[2025-02-09T16:37:10.978+0000] {processor.py:161} INFO - Started process (PID=916) to work on /opt/airflow/dags/extract_data.py
[2025-02-09T16:37:10.979+0000] {processor.py:830} INFO - Processing file /opt/airflow/dags/extract_data.py for tasks to queue
[2025-02-09T16:37:10.981+0000] {logging_mixin.py:188} INFO - [2025-02-09T16:37:10.980+0000] {dagbag.py:545} INFO - Filling up the DagBag from /opt/airflow/dags/extract_data.py
[2025-02-09T16:37:11.003+0000] {processor.py:842} WARNING - No viable dags retrieved from /opt/airflow/dags/extract_data.py
[2025-02-09T16:37:11.022+0000] {processor.py:183} INFO - Processing /opt/airflow/dags/extract_data.py took 0.053 seconds
[2025-02-09T16:37:41.487+0000] {processor.py:161} INFO - Started process (PID=932) to work on /opt/airflow/dags/extract_data.py
[2025-02-09T16:37:41.489+0000] {processor.py:830} INFO - Processing file /opt/airflow/dags/extract_data.py for tasks to queue
[2025-02-09T16:37:41.491+0000] {logging_mixin.py:188} INFO - [2025-02-09T16:37:41.490+0000] {dagbag.py:545} INFO - Filling up the DagBag from /opt/airflow/dags/extract_data.py
[2025-02-09T16:37:41.523+0000] {processor.py:842} WARNING - No viable dags retrieved from /opt/airflow/dags/extract_data.py
[2025-02-09T16:37:41.542+0000] {processor.py:183} INFO - Processing /opt/airflow/dags/extract_data.py took 0.062 seconds
[2025-02-09T16:38:12.038+0000] {processor.py:161} INFO - Started process (PID=948) to work on /opt/airflow/dags/extract_data.py
[2025-02-09T16:38:12.040+0000] {processor.py:830} INFO - Processing file /opt/airflow/dags/extract_data.py for tasks to queue
[2025-02-09T16:38:12.041+0000] {logging_mixin.py:188} INFO - [2025-02-09T16:38:12.041+0000] {dagbag.py:545} INFO - Filling up the DagBag from /opt/airflow/dags/extract_data.py
[2025-02-09T16:38:12.077+0000] {processor.py:842} WARNING - No viable dags retrieved from /opt/airflow/dags/extract_data.py
[2025-02-09T16:38:12.096+0000] {processor.py:183} INFO - Processing /opt/airflow/dags/extract_data.py took 0.065 seconds
[2025-02-09T16:38:42.555+0000] {processor.py:161} INFO - Started process (PID=964) to work on /opt/airflow/dags/extract_data.py
[2025-02-09T16:38:42.556+0000] {processor.py:830} INFO - Processing file /opt/airflow/dags/extract_data.py for tasks to queue
[2025-02-09T16:38:42.558+0000] {logging_mixin.py:188} INFO - [2025-02-09T16:38:42.557+0000] {dagbag.py:545} INFO - Filling up the DagBag from /opt/airflow/dags/extract_data.py
[2025-02-09T16:38:42.580+0000] {processor.py:842} WARNING - No viable dags retrieved from /opt/airflow/dags/extract_data.py
[2025-02-09T16:38:42.598+0000] {processor.py:183} INFO - Processing /opt/airflow/dags/extract_data.py took 0.050 seconds
[2025-02-09T16:39:13.034+0000] {processor.py:161} INFO - Started process (PID=980) to work on /opt/airflow/dags/extract_data.py
[2025-02-09T16:39:13.036+0000] {processor.py:830} INFO - Processing file /opt/airflow/dags/extract_data.py for tasks to queue
[2025-02-09T16:39:13.037+0000] {logging_mixin.py:188} INFO - [2025-02-09T16:39:13.037+0000] {dagbag.py:545} INFO - Filling up the DagBag from /opt/airflow/dags/extract_data.py
[2025-02-09T16:39:13.063+0000] {processor.py:842} WARNING - No viable dags retrieved from /opt/airflow/dags/extract_data.py
[2025-02-09T16:39:13.084+0000] {processor.py:183} INFO - Processing /opt/airflow/dags/extract_data.py took 0.061 seconds
