[2025-02-12T09:27:33.443+0000] {local_task_job_runner.py:120} INFO - ::group::Pre task execution logs
[2025-02-12T09:27:33.510+0000] {taskinstance.py:2076} INFO - Dependencies all met for dep_context=non-requeueable deps ti=<TaskInstance: e_commerce_dw_etl.transform.transform_dim_dates manual__2025-02-12T09:26:29.698226+00:00 [queued]>
[2025-02-12T09:27:33.533+0000] {taskinstance.py:2076} INFO - Dependencies all met for dep_context=requeueable deps ti=<TaskInstance: e_commerce_dw_etl.transform.transform_dim_dates manual__2025-02-12T09:26:29.698226+00:00 [queued]>
[2025-02-12T09:27:33.536+0000] {taskinstance.py:2306} INFO - Starting attempt 1 of 1
[2025-02-12T09:27:33.573+0000] {taskinstance.py:2330} INFO - Executing <Task(PythonOperator): transform.transform_dim_dates> on 2025-02-12 09:26:29.698226+00:00
[2025-02-12T09:27:33.586+0000] {standard_task_runner.py:63} INFO - Started process 250 to run task
[2025-02-12T09:27:33.595+0000] {standard_task_runner.py:90} INFO - Running: ['***', 'tasks', 'run', 'e_commerce_dw_etl', 'transform.transform_dim_dates', 'manual__2025-02-12T09:26:29.698226+00:00', '--job-id', '227', '--raw', '--subdir', 'DAGS_FOLDER/e_commerce_dw_dag.py', '--cfg-path', '/tmp/tmpia4lu73g']
[2025-02-12T09:27:33.603+0000] {standard_task_runner.py:91} INFO - Job 227: Subtask transform.transform_dim_dates
[2025-02-12T09:27:33.777+0000] {task_command.py:426} INFO - Running <TaskInstance: e_commerce_dw_etl.transform.transform_dim_dates manual__2025-02-12T09:26:29.698226+00:00 [running]> on host b9038849bf8a
[2025-02-12T09:27:34.289+0000] {taskinstance.py:2648} INFO - Exporting env vars: AIRFLOW_CTX_DAG_OWNER='***' AIRFLOW_CTX_DAG_ID='e_commerce_dw_etl' AIRFLOW_CTX_TASK_ID='transform.transform_dim_dates' AIRFLOW_CTX_EXECUTION_DATE='2025-02-12T09:26:29.698226+00:00' AIRFLOW_CTX_TRY_NUMBER='1' AIRFLOW_CTX_DAG_RUN_ID='manual__2025-02-12T09:26:29.698226+00:00'
[2025-02-12T09:27:34.291+0000] {taskinstance.py:430} INFO - ::endgroup::
[2025-02-12T09:27:34.391+0000] {base.py:84} INFO - Using connection ID 'postgres' for task execution.
[2025-02-12T09:27:34.665+0000] {base.py:84} INFO - Using connection ID 'postgres' for task execution.
[2025-02-12T09:27:35.676+0000] {logging_mixin.py:188} INFO - Đã tạo và lưu dữ liệu vào dim_dates
[2025-02-12T09:27:35.678+0000] {python.py:237} INFO - Done. Returned value was: None
[2025-02-12T09:27:35.680+0000] {taskinstance.py:441} INFO - ::group::Post task execution logs
[2025-02-12T09:27:35.713+0000] {taskinstance.py:1206} INFO - Marking task as SUCCESS. dag_id=e_commerce_dw_etl, task_id=transform.transform_dim_dates, run_id=manual__2025-02-12T09:26:29.698226+00:00, execution_date=20250212T092629, start_date=20250212T092733, end_date=20250212T092735
[2025-02-12T09:27:35.778+0000] {local_task_job_runner.py:240} INFO - Task exited with return code 0
[2025-02-12T09:27:35.876+0000] {taskinstance.py:3503} INFO - 0 downstream tasks scheduled from follow-on schedule check
[2025-02-12T09:27:35.885+0000] {local_task_job_runner.py:222} INFO - ::endgroup::
