[2025-02-12T09:30:33.081+0000] {local_task_job_runner.py:120} INFO - ::group::Pre task execution logs
[2025-02-12T09:30:33.110+0000] {taskinstance.py:2076} INFO - Dependencies all met for dep_context=non-requeueable deps ti=<TaskInstance: e_commerce_dw_etl.extract.extract_and_load_to_staging manual__2025-02-12T09:30:31.798632+00:00 [queued]>
[2025-02-12T09:30:33.118+0000] {taskinstance.py:2076} INFO - Dependencies all met for dep_context=requeueable deps ti=<TaskInstance: e_commerce_dw_etl.extract.extract_and_load_to_staging manual__2025-02-12T09:30:31.798632+00:00 [queued]>
[2025-02-12T09:30:33.119+0000] {taskinstance.py:2306} INFO - Starting attempt 1 of 1
[2025-02-12T09:30:33.134+0000] {taskinstance.py:2330} INFO - Executing <Task(PythonOperator): extract.extract_and_load_to_staging> on 2025-02-12 09:30:31.798632+00:00
[2025-02-12T09:30:33.138+0000] {standard_task_runner.py:63} INFO - Started process 196 to run task
[2025-02-12T09:30:33.141+0000] {standard_task_runner.py:90} INFO - Running: ['***', 'tasks', 'run', 'e_commerce_dw_etl', 'extract.extract_and_load_to_staging', 'manual__2025-02-12T09:30:31.798632+00:00', '--job-id', '230', '--raw', '--subdir', 'DAGS_FOLDER/e_commerce_dw_dag.py', '--cfg-path', '/tmp/tmpd14fb7_t']
[2025-02-12T09:30:33.143+0000] {standard_task_runner.py:91} INFO - Job 230: Subtask extract.extract_and_load_to_staging
[2025-02-12T09:30:33.187+0000] {task_command.py:426} INFO - Running <TaskInstance: e_commerce_dw_etl.extract.extract_and_load_to_staging manual__2025-02-12T09:30:31.798632+00:00 [running]> on host 18b9093ce731
[2025-02-12T09:30:33.423+0000] {taskinstance.py:2648} INFO - Exporting env vars: AIRFLOW_CTX_DAG_OWNER='***' AIRFLOW_CTX_DAG_ID='e_commerce_dw_etl' AIRFLOW_CTX_TASK_ID='extract.extract_and_load_to_staging' AIRFLOW_CTX_EXECUTION_DATE='2025-02-12T09:30:31.798632+00:00' AIRFLOW_CTX_TRY_NUMBER='1' AIRFLOW_CTX_DAG_RUN_ID='manual__2025-02-12T09:30:31.798632+00:00'
[2025-02-12T09:30:33.424+0000] {taskinstance.py:430} INFO - ::endgroup::
[2025-02-12T09:30:33.455+0000] {base.py:84} INFO - Using connection ID 'mysql' for task execution.
[2025-02-12T09:30:33.469+0000] {base.py:84} INFO - Using connection ID 'postgres' for task execution.
[2025-02-12T09:30:33.527+0000] {base.py:84} INFO - Using connection ID 'mysql' for task execution.
[2025-02-12T09:30:33.543+0000] {logging_mixin.py:188} WARNING - /home/***/.local/lib/python3.10/site-packages/***/providers/common/sql/hooks/sql.py:263 UserWarning: pandas only supports SQLAlchemy connectable (engine/connection) or database string URI or sqlite3 DBAPI2 connection. Other DBAPI2 objects are not tested. Please consider using SQLAlchemy.
[2025-02-12T09:30:33.555+0000] {base.py:84} INFO - Using connection ID 'postgres' for task execution.
[2025-02-12T09:30:33.687+0000] {logging_mixin.py:188} INFO - Đã trích xuất và lưu bảng product_category_name_translation từ MySQL vào PostgreSQL staging
[2025-02-12T09:30:33.694+0000] {base.py:84} INFO - Using connection ID 'mysql' for task execution.
[2025-02-12T09:30:33.702+0000] {logging_mixin.py:188} WARNING - /home/***/.local/lib/python3.10/site-packages/***/providers/common/sql/hooks/sql.py:263 UserWarning: pandas only supports SQLAlchemy connectable (engine/connection) or database string URI or sqlite3 DBAPI2 connection. Other DBAPI2 objects are not tested. Please consider using SQLAlchemy.
[2025-02-12T09:30:37.018+0000] {base.py:84} INFO - Using connection ID 'postgres' for task execution.
[2025-02-12T09:31:07.376+0000] {logging_mixin.py:188} INFO - Đã trích xuất và lưu bảng geolocation từ MySQL vào PostgreSQL staging
[2025-02-12T09:31:07.387+0000] {base.py:84} INFO - Using connection ID 'mysql' for task execution.
[2025-02-12T09:31:07.398+0000] {logging_mixin.py:188} WARNING - /home/***/.local/lib/python3.10/site-packages/***/providers/common/sql/hooks/sql.py:263 UserWarning: pandas only supports SQLAlchemy connectable (engine/connection) or database string URI or sqlite3 DBAPI2 connection. Other DBAPI2 objects are not tested. Please consider using SQLAlchemy.
[2025-02-12T09:31:07.483+0000] {base.py:84} INFO - Using connection ID 'postgres' for task execution.
[2025-02-12T09:31:07.708+0000] {logging_mixin.py:188} INFO - Đã trích xuất và lưu bảng sellers từ MySQL vào PostgreSQL staging
[2025-02-12T09:31:07.716+0000] {base.py:84} INFO - Using connection ID 'mysql' for task execution.
[2025-02-12T09:31:07.725+0000] {logging_mixin.py:188} WARNING - /home/***/.local/lib/python3.10/site-packages/***/providers/common/sql/hooks/sql.py:263 UserWarning: pandas only supports SQLAlchemy connectable (engine/connection) or database string URI or sqlite3 DBAPI2 connection. Other DBAPI2 objects are not tested. Please consider using SQLAlchemy.
[2025-02-12T09:31:08.203+0000] {base.py:84} INFO - Using connection ID 'postgres' for task execution.
[2025-02-12T09:31:11.717+0000] {logging_mixin.py:188} INFO - Đã trích xuất và lưu bảng customers từ MySQL vào PostgreSQL staging
[2025-02-12T09:31:11.727+0000] {base.py:84} INFO - Using connection ID 'mysql' for task execution.
[2025-02-12T09:31:11.740+0000] {logging_mixin.py:188} WARNING - /home/***/.local/lib/python3.10/site-packages/***/providers/common/sql/hooks/sql.py:263 UserWarning: pandas only supports SQLAlchemy connectable (engine/connection) or database string URI or sqlite3 DBAPI2 connection. Other DBAPI2 objects are not tested. Please consider using SQLAlchemy.
[2025-02-12T09:31:11.992+0000] {base.py:84} INFO - Using connection ID 'postgres' for task execution.
[2025-02-12T09:31:13.872+0000] {logging_mixin.py:188} INFO - Đã trích xuất và lưu bảng products từ MySQL vào PostgreSQL staging
[2025-02-12T09:31:13.880+0000] {base.py:84} INFO - Using connection ID 'mysql' for task execution.
[2025-02-12T09:31:13.890+0000] {logging_mixin.py:188} WARNING - /home/***/.local/lib/python3.10/site-packages/***/providers/common/sql/hooks/sql.py:263 UserWarning: pandas only supports SQLAlchemy connectable (engine/connection) or database string URI or sqlite3 DBAPI2 connection. Other DBAPI2 objects are not tested. Please consider using SQLAlchemy.
[2025-02-12T09:31:15.652+0000] {base.py:84} INFO - Using connection ID 'postgres' for task execution.
[2025-02-12T09:31:21.149+0000] {logging_mixin.py:188} INFO - Đã trích xuất và lưu bảng orders từ MySQL vào PostgreSQL staging
[2025-02-12T09:31:21.158+0000] {base.py:84} INFO - Using connection ID 'mysql' for task execution.
[2025-02-12T09:31:21.168+0000] {logging_mixin.py:188} WARNING - /home/***/.local/lib/python3.10/site-packages/***/providers/common/sql/hooks/sql.py:263 UserWarning: pandas only supports SQLAlchemy connectable (engine/connection) or database string URI or sqlite3 DBAPI2 connection. Other DBAPI2 objects are not tested. Please consider using SQLAlchemy.
[2025-02-12T09:31:22.137+0000] {base.py:84} INFO - Using connection ID 'postgres' for task execution.
[2025-02-12T09:31:27.633+0000] {logging_mixin.py:188} INFO - Đã trích xuất và lưu bảng order_items từ MySQL vào PostgreSQL staging
[2025-02-12T09:31:27.641+0000] {base.py:84} INFO - Using connection ID 'mysql' for task execution.
[2025-02-12T09:31:27.651+0000] {logging_mixin.py:188} WARNING - /home/***/.local/lib/python3.10/site-packages/***/providers/common/sql/hooks/sql.py:263 UserWarning: pandas only supports SQLAlchemy connectable (engine/connection) or database string URI or sqlite3 DBAPI2 connection. Other DBAPI2 objects are not tested. Please consider using SQLAlchemy.
[2025-02-12T09:31:28.136+0000] {base.py:84} INFO - Using connection ID 'postgres' for task execution.
[2025-02-12T09:31:31.660+0000] {logging_mixin.py:188} INFO - Đã trích xuất và lưu bảng order_payments từ MySQL vào PostgreSQL staging
[2025-02-12T09:31:31.667+0000] {base.py:84} INFO - Using connection ID 'mysql' for task execution.
[2025-02-12T09:31:31.678+0000] {logging_mixin.py:188} WARNING - /home/***/.local/lib/python3.10/site-packages/***/providers/common/sql/hooks/sql.py:263 UserWarning: pandas only supports SQLAlchemy connectable (engine/connection) or database string URI or sqlite3 DBAPI2 connection. Other DBAPI2 objects are not tested. Please consider using SQLAlchemy.
[2025-02-12T09:31:32.761+0000] {base.py:84} INFO - Using connection ID 'postgres' for task execution.
[2025-02-12T09:31:37.898+0000] {logging_mixin.py:188} INFO - Đã trích xuất và lưu bảng order_reviews từ MySQL vào PostgreSQL staging
[2025-02-12T09:31:37.917+0000] {python.py:237} INFO - Done. Returned value was: None
[2025-02-12T09:31:37.919+0000] {taskinstance.py:441} INFO - ::group::Post task execution logs
[2025-02-12T09:31:37.930+0000] {taskinstance.py:1206} INFO - Marking task as SUCCESS. dag_id=e_commerce_dw_etl, task_id=extract.extract_and_load_to_staging, run_id=manual__2025-02-12T09:30:31.798632+00:00, execution_date=20250212T093031, start_date=20250212T093033, end_date=20250212T093137
[2025-02-12T09:31:37.979+0000] {local_task_job_runner.py:240} INFO - Task exited with return code 0
[2025-02-12T09:31:38.010+0000] {taskinstance.py:3503} INFO - 6 downstream tasks scheduled from follow-on schedule check
[2025-02-12T09:31:38.014+0000] {local_task_job_runner.py:222} INFO - ::endgroup::
