[2025-02-12T09:34:48.901+0000] {local_task_job_runner.py:120} INFO - ::group::Pre task execution logs
[2025-02-12T09:34:48.932+0000] {taskinstance.py:2076} INFO - Dependencies all met for dep_context=non-requeueable deps ti=<TaskInstance: e_commerce_dw_etl.extract.extract_and_load_to_staging manual__2025-02-12T09:34:47.843170+00:00 [queued]>
[2025-02-12T09:34:48.940+0000] {taskinstance.py:2076} INFO - Dependencies all met for dep_context=requeueable deps ti=<TaskInstance: e_commerce_dw_etl.extract.extract_and_load_to_staging manual__2025-02-12T09:34:47.843170+00:00 [queued]>
[2025-02-12T09:34:48.941+0000] {taskinstance.py:2306} INFO - Starting attempt 1 of 1
[2025-02-12T09:34:48.954+0000] {taskinstance.py:2330} INFO - Executing <Task(PythonOperator): extract.extract_and_load_to_staging> on 2025-02-12 09:34:47.843170+00:00
[2025-02-12T09:34:48.958+0000] {standard_task_runner.py:63} INFO - Started process 211 to run task
[2025-02-12T09:34:48.961+0000] {standard_task_runner.py:90} INFO - Running: ['***', 'tasks', 'run', 'e_commerce_dw_etl', 'extract.extract_and_load_to_staging', 'manual__2025-02-12T09:34:47.843170+00:00', '--job-id', '239', '--raw', '--subdir', 'DAGS_FOLDER/e_commerce_dw_dag.py', '--cfg-path', '/tmp/tmpwxrg09eb']
[2025-02-12T09:34:48.963+0000] {standard_task_runner.py:91} INFO - Job 239: Subtask extract.extract_and_load_to_staging
[2025-02-12T09:34:49.009+0000] {task_command.py:426} INFO - Running <TaskInstance: e_commerce_dw_etl.extract.extract_and_load_to_staging manual__2025-02-12T09:34:47.843170+00:00 [running]> on host 6d14b9bebf01
[2025-02-12T09:34:49.232+0000] {taskinstance.py:2648} INFO - Exporting env vars: AIRFLOW_CTX_DAG_OWNER='***' AIRFLOW_CTX_DAG_ID='e_commerce_dw_etl' AIRFLOW_CTX_TASK_ID='extract.extract_and_load_to_staging' AIRFLOW_CTX_EXECUTION_DATE='2025-02-12T09:34:47.843170+00:00' AIRFLOW_CTX_TRY_NUMBER='1' AIRFLOW_CTX_DAG_RUN_ID='manual__2025-02-12T09:34:47.843170+00:00'
[2025-02-12T09:34:49.233+0000] {taskinstance.py:430} INFO - ::endgroup::
[2025-02-12T09:34:49.260+0000] {base.py:84} INFO - Using connection ID 'mysql' for task execution.
[2025-02-12T09:34:49.273+0000] {base.py:84} INFO - Using connection ID 'postgres' for task execution.
[2025-02-12T09:34:49.331+0000] {base.py:84} INFO - Using connection ID 'mysql' for task execution.
[2025-02-12T09:34:49.344+0000] {logging_mixin.py:188} WARNING - /home/***/.local/lib/python3.10/site-packages/***/providers/common/sql/hooks/sql.py:263 UserWarning: pandas only supports SQLAlchemy connectable (engine/connection) or database string URI or sqlite3 DBAPI2 connection. Other DBAPI2 objects are not tested. Please consider using SQLAlchemy.
[2025-02-12T09:34:49.355+0000] {base.py:84} INFO - Using connection ID 'postgres' for task execution.
[2025-02-12T09:34:49.575+0000] {logging_mixin.py:188} INFO - Đã trích xuất và lưu bảng product_category_name_translation từ MySQL vào PostgreSQL staging
[2025-02-12T09:34:49.583+0000] {base.py:84} INFO - Using connection ID 'mysql' for task execution.
[2025-02-12T09:34:49.590+0000] {logging_mixin.py:188} WARNING - /home/***/.local/lib/python3.10/site-packages/***/providers/common/sql/hooks/sql.py:263 UserWarning: pandas only supports SQLAlchemy connectable (engine/connection) or database string URI or sqlite3 DBAPI2 connection. Other DBAPI2 objects are not tested. Please consider using SQLAlchemy.
[2025-02-12T09:34:52.874+0000] {base.py:84} INFO - Using connection ID 'postgres' for task execution.
[2025-02-12T09:35:19.989+0000] {logging_mixin.py:188} INFO - Đã trích xuất và lưu bảng geolocation từ MySQL vào PostgreSQL staging
[2025-02-12T09:35:19.997+0000] {base.py:84} INFO - Using connection ID 'mysql' for task execution.
[2025-02-12T09:35:20.006+0000] {logging_mixin.py:188} WARNING - /home/***/.local/lib/python3.10/site-packages/***/providers/common/sql/hooks/sql.py:263 UserWarning: pandas only supports SQLAlchemy connectable (engine/connection) or database string URI or sqlite3 DBAPI2 connection. Other DBAPI2 objects are not tested. Please consider using SQLAlchemy.
[2025-02-12T09:35:20.072+0000] {base.py:84} INFO - Using connection ID 'postgres' for task execution.
[2025-02-12T09:35:20.362+0000] {logging_mixin.py:188} INFO - Đã trích xuất và lưu bảng sellers từ MySQL vào PostgreSQL staging
[2025-02-12T09:35:20.369+0000] {base.py:84} INFO - Using connection ID 'mysql' for task execution.
[2025-02-12T09:35:20.378+0000] {logging_mixin.py:188} WARNING - /home/***/.local/lib/python3.10/site-packages/***/providers/common/sql/hooks/sql.py:263 UserWarning: pandas only supports SQLAlchemy connectable (engine/connection) or database string URI or sqlite3 DBAPI2 connection. Other DBAPI2 objects are not tested. Please consider using SQLAlchemy.
[2025-02-12T09:35:20.774+0000] {base.py:84} INFO - Using connection ID 'postgres' for task execution.
[2025-02-12T09:35:23.489+0000] {logging_mixin.py:188} INFO - Đã trích xuất và lưu bảng customers từ MySQL vào PostgreSQL staging
[2025-02-12T09:35:23.496+0000] {base.py:84} INFO - Using connection ID 'mysql' for task execution.
[2025-02-12T09:35:23.505+0000] {logging_mixin.py:188} WARNING - /home/***/.local/lib/python3.10/site-packages/***/providers/common/sql/hooks/sql.py:263 UserWarning: pandas only supports SQLAlchemy connectable (engine/connection) or database string URI or sqlite3 DBAPI2 connection. Other DBAPI2 objects are not tested. Please consider using SQLAlchemy.
[2025-02-12T09:35:23.696+0000] {base.py:84} INFO - Using connection ID 'postgres' for task execution.
[2025-02-12T09:35:25.158+0000] {logging_mixin.py:188} INFO - Đã trích xuất và lưu bảng products từ MySQL vào PostgreSQL staging
[2025-02-12T09:35:25.165+0000] {base.py:84} INFO - Using connection ID 'mysql' for task execution.
[2025-02-12T09:35:25.175+0000] {logging_mixin.py:188} WARNING - /home/***/.local/lib/python3.10/site-packages/***/providers/common/sql/hooks/sql.py:263 UserWarning: pandas only supports SQLAlchemy connectable (engine/connection) or database string URI or sqlite3 DBAPI2 connection. Other DBAPI2 objects are not tested. Please consider using SQLAlchemy.
[2025-02-12T09:35:26.236+0000] {base.py:84} INFO - Using connection ID 'postgres' for task execution.
[2025-02-12T09:35:30.763+0000] {logging_mixin.py:188} INFO - Đã trích xuất và lưu bảng orders từ MySQL vào PostgreSQL staging
[2025-02-12T09:35:30.770+0000] {base.py:84} INFO - Using connection ID 'mysql' for task execution.
[2025-02-12T09:35:30.778+0000] {logging_mixin.py:188} WARNING - /home/***/.local/lib/python3.10/site-packages/***/providers/common/sql/hooks/sql.py:263 UserWarning: pandas only supports SQLAlchemy connectable (engine/connection) or database string URI or sqlite3 DBAPI2 connection. Other DBAPI2 objects are not tested. Please consider using SQLAlchemy.
[2025-02-12T09:35:31.718+0000] {base.py:84} INFO - Using connection ID 'postgres' for task execution.
[2025-02-12T09:35:35.997+0000] {logging_mixin.py:188} INFO - Đã trích xuất và lưu bảng order_items từ MySQL vào PostgreSQL staging
[2025-02-12T09:35:36.004+0000] {base.py:84} INFO - Using connection ID 'mysql' for task execution.
[2025-02-12T09:35:36.013+0000] {logging_mixin.py:188} WARNING - /home/***/.local/lib/python3.10/site-packages/***/providers/common/sql/hooks/sql.py:263 UserWarning: pandas only supports SQLAlchemy connectable (engine/connection) or database string URI or sqlite3 DBAPI2 connection. Other DBAPI2 objects are not tested. Please consider using SQLAlchemy.
[2025-02-12T09:35:36.505+0000] {base.py:84} INFO - Using connection ID 'postgres' for task execution.
[2025-02-12T09:35:39.313+0000] {logging_mixin.py:188} INFO - Đã trích xuất và lưu bảng order_payments từ MySQL vào PostgreSQL staging
[2025-02-12T09:35:39.320+0000] {base.py:84} INFO - Using connection ID 'mysql' for task execution.
[2025-02-12T09:35:39.328+0000] {logging_mixin.py:188} WARNING - /home/***/.local/lib/python3.10/site-packages/***/providers/common/sql/hooks/sql.py:263 UserWarning: pandas only supports SQLAlchemy connectable (engine/connection) or database string URI or sqlite3 DBAPI2 connection. Other DBAPI2 objects are not tested. Please consider using SQLAlchemy.
[2025-02-12T09:35:40.101+0000] {base.py:84} INFO - Using connection ID 'postgres' for task execution.
[2025-02-12T09:35:44.468+0000] {logging_mixin.py:188} INFO - Đã trích xuất và lưu bảng order_reviews từ MySQL vào PostgreSQL staging
[2025-02-12T09:35:44.487+0000] {python.py:237} INFO - Done. Returned value was: None
[2025-02-12T09:35:44.487+0000] {taskinstance.py:441} INFO - ::group::Post task execution logs
[2025-02-12T09:35:44.500+0000] {taskinstance.py:1206} INFO - Marking task as SUCCESS. dag_id=e_commerce_dw_etl, task_id=extract.extract_and_load_to_staging, run_id=manual__2025-02-12T09:34:47.843170+00:00, execution_date=20250212T093447, start_date=20250212T093448, end_date=20250212T093544
[2025-02-12T09:35:44.533+0000] {local_task_job_runner.py:240} INFO - Task exited with return code 0
[2025-02-12T09:35:44.566+0000] {taskinstance.py:3503} INFO - 6 downstream tasks scheduled from follow-on schedule check
[2025-02-12T09:35:44.569+0000] {local_task_job_runner.py:222} INFO - ::endgroup::
