[2025-02-12T09:15:36.559+0000] {local_task_job_runner.py:120} INFO - ::group::Pre task execution logs
[2025-02-12T09:15:36.588+0000] {taskinstance.py:2076} INFO - Dependencies all met for dep_context=non-requeueable deps ti=<TaskInstance: e_commerce_dw_etl.extract.extract_and_load_to_staging scheduled__2025-02-11T00:00:00+00:00 [queued]>
[2025-02-12T09:15:36.596+0000] {taskinstance.py:2076} INFO - Dependencies all met for dep_context=requeueable deps ti=<TaskInstance: e_commerce_dw_etl.extract.extract_and_load_to_staging scheduled__2025-02-11T00:00:00+00:00 [queued]>
[2025-02-12T09:15:36.596+0000] {taskinstance.py:2306} INFO - Starting attempt 1 of 1
[2025-02-12T09:15:36.611+0000] {taskinstance.py:2330} INFO - Executing <Task(PythonOperator): extract.extract_and_load_to_staging> on 2025-02-11 00:00:00+00:00
[2025-02-12T09:15:36.616+0000] {standard_task_runner.py:63} INFO - Started process 189 to run task
[2025-02-12T09:15:36.621+0000] {standard_task_runner.py:90} INFO - Running: ['***', 'tasks', 'run', 'e_commerce_dw_etl', 'extract.extract_and_load_to_staging', 'scheduled__2025-02-11T00:00:00+00:00', '--job-id', '196', '--raw', '--subdir', 'DAGS_FOLDER/e_commerce_dw_dag.py', '--cfg-path', '/tmp/tmpwo5s8igc']
[2025-02-12T09:15:36.623+0000] {standard_task_runner.py:91} INFO - Job 196: Subtask extract.extract_and_load_to_staging
[2025-02-12T09:15:36.668+0000] {task_command.py:426} INFO - Running <TaskInstance: e_commerce_dw_etl.extract.extract_and_load_to_staging scheduled__2025-02-11T00:00:00+00:00 [running]> on host 1f90b0c5673e
[2025-02-12T09:15:36.830+0000] {taskinstance.py:2648} INFO - Exporting env vars: AIRFLOW_CTX_DAG_OWNER='***' AIRFLOW_CTX_DAG_ID='e_commerce_dw_etl' AIRFLOW_CTX_TASK_ID='extract.extract_and_load_to_staging' AIRFLOW_CTX_EXECUTION_DATE='2025-02-11T00:00:00+00:00' AIRFLOW_CTX_TRY_NUMBER='1' AIRFLOW_CTX_DAG_RUN_ID='scheduled__2025-02-11T00:00:00+00:00'
[2025-02-12T09:15:36.832+0000] {taskinstance.py:430} INFO - ::endgroup::
[2025-02-12T09:15:36.892+0000] {base.py:84} INFO - Using connection ID 'mysql' for task execution.
[2025-02-12T09:15:36.908+0000] {base.py:84} INFO - Using connection ID 'postgres' for task execution.
[2025-02-12T09:15:37.083+0000] {base.py:84} INFO - Using connection ID 'mysql' for task execution.
[2025-02-12T09:15:37.106+0000] {logging_mixin.py:188} WARNING - /home/***/.local/lib/python3.10/site-packages/***/providers/common/sql/hooks/sql.py:263 UserWarning: pandas only supports SQLAlchemy connectable (engine/connection) or database string URI or sqlite3 DBAPI2 connection. Other DBAPI2 objects are not tested. Please consider using SQLAlchemy.
[2025-02-12T09:15:37.157+0000] {base.py:84} INFO - Using connection ID 'postgres' for task execution.
[2025-02-12T09:15:37.317+0000] {logging_mixin.py:188} INFO - Đã trích xuất và lưu bảng product_category_name_translation từ MySQL vào PostgreSQL staging
[2025-02-12T09:15:37.322+0000] {base.py:84} INFO - Using connection ID 'mysql' for task execution.
[2025-02-12T09:15:37.330+0000] {logging_mixin.py:188} WARNING - /home/***/.local/lib/python3.10/site-packages/***/providers/common/sql/hooks/sql.py:263 UserWarning: pandas only supports SQLAlchemy connectable (engine/connection) or database string URI or sqlite3 DBAPI2 connection. Other DBAPI2 objects are not tested. Please consider using SQLAlchemy.
[2025-02-12T09:15:40.824+0000] {base.py:84} INFO - Using connection ID 'postgres' for task execution.
[2025-02-12T09:16:08.115+0000] {logging_mixin.py:188} INFO - Đã trích xuất và lưu bảng geolocation từ MySQL vào PostgreSQL staging
[2025-02-12T09:16:08.124+0000] {base.py:84} INFO - Using connection ID 'mysql' for task execution.
[2025-02-12T09:16:08.137+0000] {logging_mixin.py:188} WARNING - /home/***/.local/lib/python3.10/site-packages/***/providers/common/sql/hooks/sql.py:263 UserWarning: pandas only supports SQLAlchemy connectable (engine/connection) or database string URI or sqlite3 DBAPI2 connection. Other DBAPI2 objects are not tested. Please consider using SQLAlchemy.
[2025-02-12T09:16:08.239+0000] {base.py:84} INFO - Using connection ID 'postgres' for task execution.
[2025-02-12T09:16:08.470+0000] {logging_mixin.py:188} INFO - Đã trích xuất và lưu bảng sellers từ MySQL vào PostgreSQL staging
[2025-02-12T09:16:08.478+0000] {base.py:84} INFO - Using connection ID 'mysql' for task execution.
[2025-02-12T09:16:08.489+0000] {logging_mixin.py:188} WARNING - /home/***/.local/lib/python3.10/site-packages/***/providers/common/sql/hooks/sql.py:263 UserWarning: pandas only supports SQLAlchemy connectable (engine/connection) or database string URI or sqlite3 DBAPI2 connection. Other DBAPI2 objects are not tested. Please consider using SQLAlchemy.
[2025-02-12T09:16:09.170+0000] {base.py:84} INFO - Using connection ID 'postgres' for task execution.
[2025-02-12T09:16:12.747+0000] {logging_mixin.py:188} INFO - Đã trích xuất và lưu bảng customers từ MySQL vào PostgreSQL staging
[2025-02-12T09:16:12.761+0000] {base.py:84} INFO - Using connection ID 'mysql' for task execution.
[2025-02-12T09:16:12.789+0000] {logging_mixin.py:188} WARNING - /home/***/.local/lib/python3.10/site-packages/***/providers/common/sql/hooks/sql.py:263 UserWarning: pandas only supports SQLAlchemy connectable (engine/connection) or database string URI or sqlite3 DBAPI2 connection. Other DBAPI2 objects are not tested. Please consider using SQLAlchemy.
[2025-02-12T09:16:13.240+0000] {base.py:84} INFO - Using connection ID 'postgres' for task execution.
[2025-02-12T09:16:16.012+0000] {logging_mixin.py:188} INFO - Đã trích xuất và lưu bảng products từ MySQL vào PostgreSQL staging
[2025-02-12T09:16:16.021+0000] {base.py:84} INFO - Using connection ID 'mysql' for task execution.
[2025-02-12T09:16:16.032+0000] {logging_mixin.py:188} WARNING - /home/***/.local/lib/python3.10/site-packages/***/providers/common/sql/hooks/sql.py:263 UserWarning: pandas only supports SQLAlchemy connectable (engine/connection) or database string URI or sqlite3 DBAPI2 connection. Other DBAPI2 objects are not tested. Please consider using SQLAlchemy.
[2025-02-12T09:16:17.920+0000] {base.py:84} INFO - Using connection ID 'postgres' for task execution.
[2025-02-12T09:16:25.133+0000] {logging_mixin.py:188} INFO - Đã trích xuất và lưu bảng orders từ MySQL vào PostgreSQL staging
[2025-02-12T09:16:25.142+0000] {base.py:84} INFO - Using connection ID 'mysql' for task execution.
[2025-02-12T09:16:25.155+0000] {logging_mixin.py:188} WARNING - /home/***/.local/lib/python3.10/site-packages/***/providers/common/sql/hooks/sql.py:263 UserWarning: pandas only supports SQLAlchemy connectable (engine/connection) or database string URI or sqlite3 DBAPI2 connection. Other DBAPI2 objects are not tested. Please consider using SQLAlchemy.
[2025-02-12T09:16:26.370+0000] {base.py:84} INFO - Using connection ID 'postgres' for task execution.
[2025-02-12T09:16:33.778+0000] {logging_mixin.py:188} INFO - Đã trích xuất và lưu bảng order_items từ MySQL vào PostgreSQL staging
[2025-02-12T09:16:33.788+0000] {base.py:84} INFO - Using connection ID 'mysql' for task execution.
[2025-02-12T09:16:33.802+0000] {logging_mixin.py:188} WARNING - /home/***/.local/lib/python3.10/site-packages/***/providers/common/sql/hooks/sql.py:263 UserWarning: pandas only supports SQLAlchemy connectable (engine/connection) or database string URI or sqlite3 DBAPI2 connection. Other DBAPI2 objects are not tested. Please consider using SQLAlchemy.
[2025-02-12T09:16:34.583+0000] {base.py:84} INFO - Using connection ID 'postgres' for task execution.
[2025-02-12T09:16:40.127+0000] {logging_mixin.py:188} INFO - Đã trích xuất và lưu bảng order_payments từ MySQL vào PostgreSQL staging
[2025-02-12T09:16:40.138+0000] {base.py:84} INFO - Using connection ID 'mysql' for task execution.
[2025-02-12T09:16:40.150+0000] {logging_mixin.py:188} WARNING - /home/***/.local/lib/python3.10/site-packages/***/providers/common/sql/hooks/sql.py:263 UserWarning: pandas only supports SQLAlchemy connectable (engine/connection) or database string URI or sqlite3 DBAPI2 connection. Other DBAPI2 objects are not tested. Please consider using SQLAlchemy.
[2025-02-12T09:16:41.586+0000] {base.py:84} INFO - Using connection ID 'postgres' for task execution.
[2025-02-12T09:16:48.124+0000] {logging_mixin.py:188} INFO - Đã trích xuất và lưu bảng order_reviews từ MySQL vào PostgreSQL staging
[2025-02-12T09:16:48.144+0000] {python.py:237} INFO - Done. Returned value was: None
[2025-02-12T09:16:48.146+0000] {taskinstance.py:441} INFO - ::group::Post task execution logs
[2025-02-12T09:16:48.157+0000] {taskinstance.py:1206} INFO - Marking task as SUCCESS. dag_id=e_commerce_dw_etl, task_id=extract.extract_and_load_to_staging, run_id=scheduled__2025-02-11T00:00:00+00:00, execution_date=20250211T000000, start_date=20250212T091536, end_date=20250212T091648
[2025-02-12T09:16:48.198+0000] {local_task_job_runner.py:240} INFO - Task exited with return code 0
[2025-02-12T09:16:48.242+0000] {taskinstance.py:3503} INFO - 6 downstream tasks scheduled from follow-on schedule check
[2025-02-12T09:16:48.244+0000] {local_task_job_runner.py:222} INFO - ::endgroup::
