[2025-02-11T08:14:49.655+0000] {local_task_job_runner.py:120} INFO - ::group::Pre task execution logs
[2025-02-11T08:14:49.691+0000] {taskinstance.py:2076} INFO - Dependencies all met for dep_context=non-requeueable deps ti=<TaskInstance: e_commerce_dw_etl.extract.extract_and_load_to_staging manual__2025-02-11T08:14:49.160844+00:00 [queued]>
[2025-02-11T08:14:49.709+0000] {taskinstance.py:2076} INFO - Dependencies all met for dep_context=requeueable deps ti=<TaskInstance: e_commerce_dw_etl.extract.extract_and_load_to_staging manual__2025-02-11T08:14:49.160844+00:00 [queued]>
[2025-02-11T08:14:49.715+0000] {taskinstance.py:2306} INFO - Starting attempt 1 of 1
[2025-02-11T08:14:49.742+0000] {taskinstance.py:2330} INFO - Executing <Task(PythonOperator): extract.extract_and_load_to_staging> on 2025-02-11 08:14:49.160844+00:00
[2025-02-11T08:14:49.748+0000] {standard_task_runner.py:63} INFO - Started process 699 to run task
[2025-02-11T08:14:49.752+0000] {standard_task_runner.py:90} INFO - Running: ['***', 'tasks', 'run', 'e_commerce_dw_etl', 'extract.extract_and_load_to_staging', 'manual__2025-02-11T08:14:49.160844+00:00', '--job-id', '190', '--raw', '--subdir', 'DAGS_FOLDER/e_commerce_dw_dag.py', '--cfg-path', '/tmp/tmpn6mdjc7h']
[2025-02-11T08:14:49.754+0000] {standard_task_runner.py:91} INFO - Job 190: Subtask extract.extract_and_load_to_staging
[2025-02-11T08:14:49.813+0000] {task_command.py:426} INFO - Running <TaskInstance: e_commerce_dw_etl.extract.extract_and_load_to_staging manual__2025-02-11T08:14:49.160844+00:00 [running]> on host 1f90b0c5673e
[2025-02-11T08:14:49.914+0000] {taskinstance.py:2648} INFO - Exporting env vars: AIRFLOW_CTX_DAG_OWNER='***' AIRFLOW_CTX_DAG_ID='e_commerce_dw_etl' AIRFLOW_CTX_TASK_ID='extract.extract_and_load_to_staging' AIRFLOW_CTX_EXECUTION_DATE='2025-02-11T08:14:49.160844+00:00' AIRFLOW_CTX_TRY_NUMBER='1' AIRFLOW_CTX_DAG_RUN_ID='manual__2025-02-11T08:14:49.160844+00:00'
[2025-02-11T08:14:49.915+0000] {taskinstance.py:430} INFO - ::endgroup::
[2025-02-11T08:14:49.936+0000] {base.py:84} INFO - Using connection ID 'postgres' for task execution.
[2025-02-11T08:14:49.986+0000] {base.py:84} INFO - Using connection ID 'postgres' for task execution.
[2025-02-11T08:14:50.150+0000] {logging_mixin.py:188} WARNING - /home/***/.local/lib/python3.10/site-packages/***/providers/common/sql/hooks/sql.py:263 UserWarning: pandas only supports SQLAlchemy connectable (engine/connection) or database string URI or sqlite3 DBAPI2 connection. Other DBAPI2 objects are not tested. Please consider using SQLAlchemy.
[2025-02-11T08:14:50.167+0000] {logging_mixin.py:188} INFO -   id   name
0  1  thang
1  2    lam
2  3   tuan
[2025-02-11T08:14:50.168+0000] {python.py:237} INFO - Done. Returned value was: None
[2025-02-11T08:14:50.169+0000] {taskinstance.py:441} INFO - ::group::Post task execution logs
[2025-02-11T08:14:50.177+0000] {taskinstance.py:1206} INFO - Marking task as SUCCESS. dag_id=e_commerce_dw_etl, task_id=extract.extract_and_load_to_staging, run_id=manual__2025-02-11T08:14:49.160844+00:00, execution_date=20250211T081449, start_date=20250211T081449, end_date=20250211T081450
[2025-02-11T08:14:50.206+0000] {local_task_job_runner.py:240} INFO - Task exited with return code 0
[2025-02-11T08:14:50.221+0000] {taskinstance.py:3503} INFO - 0 downstream tasks scheduled from follow-on schedule check
[2025-02-11T08:14:50.224+0000] {local_task_job_runner.py:222} INFO - ::endgroup::
