[2025-02-12T09:26:30.569+0000] {local_task_job_runner.py:120} INFO - ::group::Pre task execution logs
[2025-02-12T09:26:30.608+0000] {taskinstance.py:2076} INFO - Dependencies all met for dep_context=non-requeueable deps ti=<TaskInstance: e_commerce_dw_etl.extract.extract_and_load_to_staging manual__2025-02-12T09:26:29.698226+00:00 [queued]>
[2025-02-12T09:26:30.617+0000] {taskinstance.py:2076} INFO - Dependencies all met for dep_context=requeueable deps ti=<TaskInstance: e_commerce_dw_etl.extract.extract_and_load_to_staging manual__2025-02-12T09:26:29.698226+00:00 [queued]>
[2025-02-12T09:26:30.617+0000] {taskinstance.py:2306} INFO - Starting attempt 1 of 1
[2025-02-12T09:26:30.633+0000] {taskinstance.py:2330} INFO - Executing <Task(PythonOperator): extract.extract_and_load_to_staging> on 2025-02-12 09:26:29.698226+00:00
[2025-02-12T09:26:30.640+0000] {standard_task_runner.py:63} INFO - Started process 196 to run task
[2025-02-12T09:26:30.643+0000] {standard_task_runner.py:90} INFO - Running: ['***', 'tasks', 'run', 'e_commerce_dw_etl', 'extract.extract_and_load_to_staging', 'manual__2025-02-12T09:26:29.698226+00:00', '--job-id', '221', '--raw', '--subdir', 'DAGS_FOLDER/e_commerce_dw_dag.py', '--cfg-path', '/tmp/tmpjap4nn19']
[2025-02-12T09:26:30.646+0000] {standard_task_runner.py:91} INFO - Job 221: Subtask extract.extract_and_load_to_staging
[2025-02-12T09:26:30.698+0000] {task_command.py:426} INFO - Running <TaskInstance: e_commerce_dw_etl.extract.extract_and_load_to_staging manual__2025-02-12T09:26:29.698226+00:00 [running]> on host b9038849bf8a
[2025-02-12T09:26:30.925+0000] {taskinstance.py:2648} INFO - Exporting env vars: AIRFLOW_CTX_DAG_OWNER='***' AIRFLOW_CTX_DAG_ID='e_commerce_dw_etl' AIRFLOW_CTX_TASK_ID='extract.extract_and_load_to_staging' AIRFLOW_CTX_EXECUTION_DATE='2025-02-12T09:26:29.698226+00:00' AIRFLOW_CTX_TRY_NUMBER='1' AIRFLOW_CTX_DAG_RUN_ID='manual__2025-02-12T09:26:29.698226+00:00'
[2025-02-12T09:26:30.926+0000] {taskinstance.py:430} INFO - ::endgroup::
[2025-02-12T09:26:30.959+0000] {base.py:84} INFO - Using connection ID 'mysql' for task execution.
[2025-02-12T09:26:30.973+0000] {base.py:84} INFO - Using connection ID 'postgres' for task execution.
[2025-02-12T09:26:31.033+0000] {base.py:84} INFO - Using connection ID 'mysql' for task execution.
[2025-02-12T09:26:31.049+0000] {logging_mixin.py:188} WARNING - /home/***/.local/lib/python3.10/site-packages/***/providers/common/sql/hooks/sql.py:263 UserWarning: pandas only supports SQLAlchemy connectable (engine/connection) or database string URI or sqlite3 DBAPI2 connection. Other DBAPI2 objects are not tested. Please consider using SQLAlchemy.
[2025-02-12T09:26:31.059+0000] {base.py:84} INFO - Using connection ID 'postgres' for task execution.
[2025-02-12T09:26:31.214+0000] {logging_mixin.py:188} INFO - Đã trích xuất và lưu bảng product_category_name_translation từ MySQL vào PostgreSQL staging
[2025-02-12T09:26:31.222+0000] {base.py:84} INFO - Using connection ID 'mysql' for task execution.
[2025-02-12T09:26:31.232+0000] {logging_mixin.py:188} WARNING - /home/***/.local/lib/python3.10/site-packages/***/providers/common/sql/hooks/sql.py:263 UserWarning: pandas only supports SQLAlchemy connectable (engine/connection) or database string URI or sqlite3 DBAPI2 connection. Other DBAPI2 objects are not tested. Please consider using SQLAlchemy.
[2025-02-12T09:26:34.950+0000] {base.py:84} INFO - Using connection ID 'postgres' for task execution.
[2025-02-12T09:27:04.110+0000] {logging_mixin.py:188} INFO - Đã trích xuất và lưu bảng geolocation từ MySQL vào PostgreSQL staging
[2025-02-12T09:27:04.121+0000] {base.py:84} INFO - Using connection ID 'mysql' for task execution.
[2025-02-12T09:27:04.131+0000] {logging_mixin.py:188} WARNING - /home/***/.local/lib/python3.10/site-packages/***/providers/common/sql/hooks/sql.py:263 UserWarning: pandas only supports SQLAlchemy connectable (engine/connection) or database string URI or sqlite3 DBAPI2 connection. Other DBAPI2 objects are not tested. Please consider using SQLAlchemy.
[2025-02-12T09:27:04.218+0000] {base.py:84} INFO - Using connection ID 'postgres' for task execution.
[2025-02-12T09:27:04.485+0000] {logging_mixin.py:188} INFO - Đã trích xuất và lưu bảng sellers từ MySQL vào PostgreSQL staging
[2025-02-12T09:27:04.495+0000] {base.py:84} INFO - Using connection ID 'mysql' for task execution.
[2025-02-12T09:27:04.508+0000] {logging_mixin.py:188} WARNING - /home/***/.local/lib/python3.10/site-packages/***/providers/common/sql/hooks/sql.py:263 UserWarning: pandas only supports SQLAlchemy connectable (engine/connection) or database string URI or sqlite3 DBAPI2 connection. Other DBAPI2 objects are not tested. Please consider using SQLAlchemy.
[2025-02-12T09:27:05.047+0000] {base.py:84} INFO - Using connection ID 'postgres' for task execution.
[2025-02-12T09:27:07.956+0000] {logging_mixin.py:188} INFO - Đã trích xuất và lưu bảng customers từ MySQL vào PostgreSQL staging
[2025-02-12T09:27:07.965+0000] {base.py:84} INFO - Using connection ID 'mysql' for task execution.
[2025-02-12T09:27:07.976+0000] {logging_mixin.py:188} WARNING - /home/***/.local/lib/python3.10/site-packages/***/providers/common/sql/hooks/sql.py:263 UserWarning: pandas only supports SQLAlchemy connectable (engine/connection) or database string URI or sqlite3 DBAPI2 connection. Other DBAPI2 objects are not tested. Please consider using SQLAlchemy.
[2025-02-12T09:27:08.243+0000] {base.py:84} INFO - Using connection ID 'postgres' for task execution.
[2025-02-12T09:27:09.991+0000] {logging_mixin.py:188} INFO - Đã trích xuất và lưu bảng products từ MySQL vào PostgreSQL staging
[2025-02-12T09:27:09.999+0000] {base.py:84} INFO - Using connection ID 'mysql' for task execution.
[2025-02-12T09:27:10.009+0000] {logging_mixin.py:188} WARNING - /home/***/.local/lib/python3.10/site-packages/***/providers/common/sql/hooks/sql.py:263 UserWarning: pandas only supports SQLAlchemy connectable (engine/connection) or database string URI or sqlite3 DBAPI2 connection. Other DBAPI2 objects are not tested. Please consider using SQLAlchemy.
[2025-02-12T09:27:11.188+0000] {base.py:84} INFO - Using connection ID 'postgres' for task execution.
[2025-02-12T09:27:16.595+0000] {logging_mixin.py:188} INFO - Đã trích xuất và lưu bảng orders từ MySQL vào PostgreSQL staging
[2025-02-12T09:27:16.602+0000] {base.py:84} INFO - Using connection ID 'mysql' for task execution.
[2025-02-12T09:27:16.613+0000] {logging_mixin.py:188} WARNING - /home/***/.local/lib/python3.10/site-packages/***/providers/common/sql/hooks/sql.py:263 UserWarning: pandas only supports SQLAlchemy connectable (engine/connection) or database string URI or sqlite3 DBAPI2 connection. Other DBAPI2 objects are not tested. Please consider using SQLAlchemy.
[2025-02-12T09:27:17.752+0000] {base.py:84} INFO - Using connection ID 'postgres' for task execution.
[2025-02-12T09:27:23.004+0000] {logging_mixin.py:188} INFO - Đã trích xuất và lưu bảng order_items từ MySQL vào PostgreSQL staging
[2025-02-12T09:27:23.012+0000] {base.py:84} INFO - Using connection ID 'mysql' for task execution.
[2025-02-12T09:27:23.022+0000] {logging_mixin.py:188} WARNING - /home/***/.local/lib/python3.10/site-packages/***/providers/common/sql/hooks/sql.py:263 UserWarning: pandas only supports SQLAlchemy connectable (engine/connection) or database string URI or sqlite3 DBAPI2 connection. Other DBAPI2 objects are not tested. Please consider using SQLAlchemy.
[2025-02-12T09:27:23.574+0000] {base.py:84} INFO - Using connection ID 'postgres' for task execution.
[2025-02-12T09:27:26.758+0000] {logging_mixin.py:188} INFO - Đã trích xuất và lưu bảng order_payments từ MySQL vào PostgreSQL staging
[2025-02-12T09:27:26.766+0000] {base.py:84} INFO - Using connection ID 'mysql' for task execution.
[2025-02-12T09:27:26.777+0000] {logging_mixin.py:188} WARNING - /home/***/.local/lib/python3.10/site-packages/***/providers/common/sql/hooks/sql.py:263 UserWarning: pandas only supports SQLAlchemy connectable (engine/connection) or database string URI or sqlite3 DBAPI2 connection. Other DBAPI2 objects are not tested. Please consider using SQLAlchemy.
[2025-02-12T09:27:27.927+0000] {base.py:84} INFO - Using connection ID 'postgres' for task execution.
[2025-02-12T09:27:32.369+0000] {logging_mixin.py:188} INFO - Đã trích xuất và lưu bảng order_reviews từ MySQL vào PostgreSQL staging
[2025-02-12T09:27:32.388+0000] {python.py:237} INFO - Done. Returned value was: None
[2025-02-12T09:27:32.389+0000] {taskinstance.py:441} INFO - ::group::Post task execution logs
[2025-02-12T09:27:32.400+0000] {taskinstance.py:1206} INFO - Marking task as SUCCESS. dag_id=e_commerce_dw_etl, task_id=extract.extract_and_load_to_staging, run_id=manual__2025-02-12T09:26:29.698226+00:00, execution_date=20250212T092629, start_date=20250212T092630, end_date=20250212T092732
[2025-02-12T09:27:32.447+0000] {local_task_job_runner.py:240} INFO - Task exited with return code 0
[2025-02-12T09:27:32.483+0000] {taskinstance.py:3503} INFO - 6 downstream tasks scheduled from follow-on schedule check
[2025-02-12T09:27:32.486+0000] {local_task_job_runner.py:222} INFO - ::endgroup::
