[2025-02-12T09:27:33.410+0000] {local_task_job_runner.py:120} INFO - ::group::Pre task execution logs
[2025-02-12T09:27:33.482+0000] {taskinstance.py:2076} INFO - Dependencies all met for dep_context=non-requeueable deps ti=<TaskInstance: e_commerce_dw_etl.transform.transform_dim_sellers manual__2025-02-12T09:26:29.698226+00:00 [queued]>
[2025-02-12T09:27:33.501+0000] {taskinstance.py:2076} INFO - Dependencies all met for dep_context=requeueable deps ti=<TaskInstance: e_commerce_dw_etl.transform.transform_dim_sellers manual__2025-02-12T09:26:29.698226+00:00 [queued]>
[2025-02-12T09:27:33.503+0000] {taskinstance.py:2306} INFO - Starting attempt 1 of 1
[2025-02-12T09:27:33.539+0000] {taskinstance.py:2330} INFO - Executing <Task(PythonOperator): transform.transform_dim_sellers> on 2025-02-12 09:26:29.698226+00:00
[2025-02-12T09:27:33.549+0000] {standard_task_runner.py:63} INFO - Started process 248 to run task
[2025-02-12T09:27:33.557+0000] {standard_task_runner.py:90} INFO - Running: ['***', 'tasks', 'run', 'e_commerce_dw_etl', 'transform.transform_dim_sellers', 'manual__2025-02-12T09:26:29.698226+00:00', '--job-id', '225', '--raw', '--subdir', 'DAGS_FOLDER/e_commerce_dw_dag.py', '--cfg-path', '/tmp/tmp5vilnlr_']
[2025-02-12T09:27:33.562+0000] {standard_task_runner.py:91} INFO - Job 225: Subtask transform.transform_dim_sellers
[2025-02-12T09:27:33.718+0000] {task_command.py:426} INFO - Running <TaskInstance: e_commerce_dw_etl.transform.transform_dim_sellers manual__2025-02-12T09:26:29.698226+00:00 [running]> on host b9038849bf8a
[2025-02-12T09:27:34.254+0000] {taskinstance.py:2648} INFO - Exporting env vars: AIRFLOW_CTX_DAG_OWNER='***' AIRFLOW_CTX_DAG_ID='e_commerce_dw_etl' AIRFLOW_CTX_TASK_ID='transform.transform_dim_sellers' AIRFLOW_CTX_EXECUTION_DATE='2025-02-12T09:26:29.698226+00:00' AIRFLOW_CTX_TRY_NUMBER='1' AIRFLOW_CTX_DAG_RUN_ID='manual__2025-02-12T09:26:29.698226+00:00'
[2025-02-12T09:27:34.257+0000] {taskinstance.py:430} INFO - ::endgroup::
[2025-02-12T09:27:34.308+0000] {base.py:84} INFO - Using connection ID 'postgres' for task execution.
[2025-02-12T09:27:34.512+0000] {base.py:84} INFO - Using connection ID 'postgres' for task execution.
[2025-02-12T09:27:34.672+0000] {base.py:84} INFO - Using connection ID 'postgres' for task execution.
[2025-02-12T09:27:34.879+0000] {logging_mixin.py:188} WARNING - /home/***/.local/lib/python3.10/site-packages/***/providers/common/sql/hooks/sql.py:263 UserWarning: pandas only supports SQLAlchemy connectable (engine/connection) or database string URI or sqlite3 DBAPI2 connection. Other DBAPI2 objects are not tested. Please consider using SQLAlchemy.
[2025-02-12T09:27:35.013+0000] {base.py:84} INFO - Using connection ID 'postgres' for task execution.
[2025-02-12T09:27:35.771+0000] {logging_mixin.py:188} INFO - Đã transform và lưu dữ liệu vào dim_sellers
[2025-02-12T09:27:35.776+0000] {python.py:237} INFO - Done. Returned value was: None
[2025-02-12T09:27:35.778+0000] {taskinstance.py:441} INFO - ::group::Post task execution logs
[2025-02-12T09:27:35.814+0000] {taskinstance.py:1206} INFO - Marking task as SUCCESS. dag_id=e_commerce_dw_etl, task_id=transform.transform_dim_sellers, run_id=manual__2025-02-12T09:26:29.698226+00:00, execution_date=20250212T092629, start_date=20250212T092733, end_date=20250212T092735
[2025-02-12T09:27:35.915+0000] {local_task_job_runner.py:240} INFO - Task exited with return code 0
[2025-02-12T09:27:36.017+0000] {taskinstance.py:3503} INFO - 0 downstream tasks scheduled from follow-on schedule check
[2025-02-12T09:27:36.022+0000] {local_task_job_runner.py:222} INFO - ::endgroup::
