[2025-02-12T10:01:54.083+0000] {local_task_job_runner.py:120} INFO - ::group::Pre task execution logs
[2025-02-12T10:01:54.112+0000] {taskinstance.py:2076} INFO - Dependencies all met for dep_context=non-requeueable deps ti=<TaskInstance: e_commerce_dw_etl.extract.extract_and_load_to_staging manual__2025-02-12T10:01:53.320861+00:00 [queued]>
[2025-02-12T10:01:54.122+0000] {taskinstance.py:2076} INFO - Dependencies all met for dep_context=requeueable deps ti=<TaskInstance: e_commerce_dw_etl.extract.extract_and_load_to_staging manual__2025-02-12T10:01:53.320861+00:00 [queued]>
[2025-02-12T10:01:54.123+0000] {taskinstance.py:2306} INFO - Starting attempt 1 of 1
[2025-02-12T10:01:54.137+0000] {taskinstance.py:2330} INFO - Executing <Task(PythonOperator): extract.extract_and_load_to_staging> on 2025-02-12 10:01:53.320861+00:00
[2025-02-12T10:01:54.141+0000] {standard_task_runner.py:63} INFO - Started process 306 to run task
[2025-02-12T10:01:54.144+0000] {standard_task_runner.py:90} INFO - Running: ['***', 'tasks', 'run', 'e_commerce_dw_etl', 'extract.extract_and_load_to_staging', 'manual__2025-02-12T10:01:53.320861+00:00', '--job-id', '258', '--raw', '--subdir', 'DAGS_FOLDER/e_commerce_dw_dag.py', '--cfg-path', '/tmp/tmpp97d2sj9']
[2025-02-12T10:01:54.146+0000] {standard_task_runner.py:91} INFO - Job 258: Subtask extract.extract_and_load_to_staging
[2025-02-12T10:01:54.188+0000] {task_command.py:426} INFO - Running <TaskInstance: e_commerce_dw_etl.extract.extract_and_load_to_staging manual__2025-02-12T10:01:53.320861+00:00 [running]> on host 0cefc44a17d0
[2025-02-12T10:01:54.269+0000] {taskinstance.py:2648} INFO - Exporting env vars: AIRFLOW_CTX_DAG_OWNER='***' AIRFLOW_CTX_DAG_ID='e_commerce_dw_etl' AIRFLOW_CTX_TASK_ID='extract.extract_and_load_to_staging' AIRFLOW_CTX_EXECUTION_DATE='2025-02-12T10:01:53.320861+00:00' AIRFLOW_CTX_TRY_NUMBER='1' AIRFLOW_CTX_DAG_RUN_ID='manual__2025-02-12T10:01:53.320861+00:00'
[2025-02-12T10:01:54.270+0000] {taskinstance.py:430} INFO - ::endgroup::
[2025-02-12T10:01:54.419+0000] {base.py:84} INFO - Using connection ID 'mysql' for task execution.
[2025-02-12T10:01:54.439+0000] {base.py:84} INFO - Using connection ID 'postgres' for task execution.
[2025-02-12T10:01:54.600+0000] {base.py:84} INFO - Using connection ID 'mysql' for task execution.
[2025-02-12T10:01:54.614+0000] {logging_mixin.py:188} WARNING - /home/***/.local/lib/python3.10/site-packages/***/providers/common/sql/hooks/sql.py:263 UserWarning: pandas only supports SQLAlchemy connectable (engine/connection) or database string URI or sqlite3 DBAPI2 connection. Other DBAPI2 objects are not tested. Please consider using SQLAlchemy.
[2025-02-12T10:01:54.625+0000] {base.py:84} INFO - Using connection ID 'postgres' for task execution.
[2025-02-12T10:01:54.762+0000] {logging_mixin.py:188} INFO - Đã trích xuất và lưu bảng product_category_name_translation từ MySQL vào PostgreSQL staging
[2025-02-12T10:01:54.768+0000] {base.py:84} INFO - Using connection ID 'mysql' for task execution.
[2025-02-12T10:01:54.776+0000] {logging_mixin.py:188} WARNING - /home/***/.local/lib/python3.10/site-packages/***/providers/common/sql/hooks/sql.py:263 UserWarning: pandas only supports SQLAlchemy connectable (engine/connection) or database string URI or sqlite3 DBAPI2 connection. Other DBAPI2 objects are not tested. Please consider using SQLAlchemy.
[2025-02-12T10:01:57.738+0000] {base.py:84} INFO - Using connection ID 'postgres' for task execution.
[2025-02-12T10:02:19.766+0000] {logging_mixin.py:188} INFO - Đã trích xuất và lưu bảng geolocation từ MySQL vào PostgreSQL staging
[2025-02-12T10:02:19.774+0000] {base.py:84} INFO - Using connection ID 'mysql' for task execution.
[2025-02-12T10:02:19.782+0000] {logging_mixin.py:188} WARNING - /home/***/.local/lib/python3.10/site-packages/***/providers/common/sql/hooks/sql.py:263 UserWarning: pandas only supports SQLAlchemy connectable (engine/connection) or database string URI or sqlite3 DBAPI2 connection. Other DBAPI2 objects are not tested. Please consider using SQLAlchemy.
[2025-02-12T10:02:19.835+0000] {base.py:84} INFO - Using connection ID 'postgres' for task execution.
[2025-02-12T10:02:20.005+0000] {logging_mixin.py:188} INFO - Đã trích xuất và lưu bảng sellers từ MySQL vào PostgreSQL staging
[2025-02-12T10:02:20.011+0000] {base.py:84} INFO - Using connection ID 'mysql' for task execution.
[2025-02-12T10:02:20.018+0000] {logging_mixin.py:188} WARNING - /home/***/.local/lib/python3.10/site-packages/***/providers/common/sql/hooks/sql.py:263 UserWarning: pandas only supports SQLAlchemy connectable (engine/connection) or database string URI or sqlite3 DBAPI2 connection. Other DBAPI2 objects are not tested. Please consider using SQLAlchemy.
[2025-02-12T10:02:20.339+0000] {base.py:84} INFO - Using connection ID 'postgres' for task execution.
[2025-02-12T10:02:22.105+0000] {logging_mixin.py:188} INFO - Đã trích xuất và lưu bảng customers từ MySQL vào PostgreSQL staging
[2025-02-12T10:02:22.111+0000] {base.py:84} INFO - Using connection ID 'mysql' for task execution.
[2025-02-12T10:02:22.119+0000] {logging_mixin.py:188} WARNING - /home/***/.local/lib/python3.10/site-packages/***/providers/common/sql/hooks/sql.py:263 UserWarning: pandas only supports SQLAlchemy connectable (engine/connection) or database string URI or sqlite3 DBAPI2 connection. Other DBAPI2 objects are not tested. Please consider using SQLAlchemy.
[2025-02-12T10:02:22.273+0000] {base.py:84} INFO - Using connection ID 'postgres' for task execution.
[2025-02-12T10:02:24.222+0000] {logging_mixin.py:188} INFO - Đã trích xuất và lưu bảng products từ MySQL vào PostgreSQL staging
[2025-02-12T10:02:24.233+0000] {base.py:84} INFO - Using connection ID 'mysql' for task execution.
[2025-02-12T10:02:24.245+0000] {logging_mixin.py:188} WARNING - /home/***/.local/lib/python3.10/site-packages/***/providers/common/sql/hooks/sql.py:263 UserWarning: pandas only supports SQLAlchemy connectable (engine/connection) or database string URI or sqlite3 DBAPI2 connection. Other DBAPI2 objects are not tested. Please consider using SQLAlchemy.
[2025-02-12T10:02:25.556+0000] {base.py:84} INFO - Using connection ID 'postgres' for task execution.
[2025-02-12T10:02:30.404+0000] {logging_mixin.py:188} INFO - Đã trích xuất và lưu bảng orders từ MySQL vào PostgreSQL staging
[2025-02-12T10:02:30.412+0000] {base.py:84} INFO - Using connection ID 'mysql' for task execution.
[2025-02-12T10:02:30.422+0000] {logging_mixin.py:188} WARNING - /home/***/.local/lib/python3.10/site-packages/***/providers/common/sql/hooks/sql.py:263 UserWarning: pandas only supports SQLAlchemy connectable (engine/connection) or database string URI or sqlite3 DBAPI2 connection. Other DBAPI2 objects are not tested. Please consider using SQLAlchemy.
[2025-02-12T10:02:31.337+0000] {base.py:84} INFO - Using connection ID 'postgres' for task execution.
[2025-02-12T10:02:35.830+0000] {logging_mixin.py:188} INFO - Đã trích xuất và lưu bảng order_items từ MySQL vào PostgreSQL staging
[2025-02-12T10:02:35.838+0000] {base.py:84} INFO - Using connection ID 'mysql' for task execution.
[2025-02-12T10:02:35.847+0000] {logging_mixin.py:188} WARNING - /home/***/.local/lib/python3.10/site-packages/***/providers/common/sql/hooks/sql.py:263 UserWarning: pandas only supports SQLAlchemy connectable (engine/connection) or database string URI or sqlite3 DBAPI2 connection. Other DBAPI2 objects are not tested. Please consider using SQLAlchemy.
[2025-02-12T10:02:36.290+0000] {base.py:84} INFO - Using connection ID 'postgres' for task execution.
[2025-02-12T10:02:39.205+0000] {logging_mixin.py:188} INFO - Đã trích xuất và lưu bảng order_payments từ MySQL vào PostgreSQL staging
[2025-02-12T10:02:39.215+0000] {base.py:84} INFO - Using connection ID 'mysql' for task execution.
[2025-02-12T10:02:39.230+0000] {logging_mixin.py:188} WARNING - /home/***/.local/lib/python3.10/site-packages/***/providers/common/sql/hooks/sql.py:263 UserWarning: pandas only supports SQLAlchemy connectable (engine/connection) or database string URI or sqlite3 DBAPI2 connection. Other DBAPI2 objects are not tested. Please consider using SQLAlchemy.
[2025-02-12T10:02:40.212+0000] {base.py:84} INFO - Using connection ID 'postgres' for task execution.
[2025-02-12T10:02:44.217+0000] {logging_mixin.py:188} INFO - Đã trích xuất và lưu bảng order_reviews từ MySQL vào PostgreSQL staging
[2025-02-12T10:02:44.234+0000] {python.py:237} INFO - Done. Returned value was: None
[2025-02-12T10:02:44.235+0000] {taskinstance.py:441} INFO - ::group::Post task execution logs
[2025-02-12T10:02:44.244+0000] {taskinstance.py:1206} INFO - Marking task as SUCCESS. dag_id=e_commerce_dw_etl, task_id=extract.extract_and_load_to_staging, run_id=manual__2025-02-12T10:01:53.320861+00:00, execution_date=20250212T100153, start_date=20250212T100154, end_date=20250212T100244
[2025-02-12T10:02:44.302+0000] {local_task_job_runner.py:240} INFO - Task exited with return code 0
[2025-02-12T10:02:44.329+0000] {taskinstance.py:3503} INFO - 6 downstream tasks scheduled from follow-on schedule check
[2025-02-12T10:02:44.333+0000] {local_task_job_runner.py:222} INFO - ::endgroup::
