[2025-02-10T07:55:10.655+0000] {local_task_job_runner.py:120} INFO - ::group::Pre task execution logs
[2025-02-10T07:55:10.708+0000] {taskinstance.py:2076} INFO - Dependencies all met for dep_context=non-requeueable deps ti=<TaskInstance: e_commerce_dw_etl.extract.extract_and_load_to_staging manual__2025-02-10T07:55:09.327344+00:00 [queued]>
[2025-02-10T07:55:10.725+0000] {taskinstance.py:2076} INFO - Dependencies all met for dep_context=requeueable deps ti=<TaskInstance: e_commerce_dw_etl.extract.extract_and_load_to_staging manual__2025-02-10T07:55:09.327344+00:00 [queued]>
[2025-02-10T07:55:10.726+0000] {taskinstance.py:2306} INFO - Starting attempt 1 of 1
[2025-02-10T07:55:10.754+0000] {taskinstance.py:2330} INFO - Executing <Task(PythonOperator): extract.extract_and_load_to_staging> on 2025-02-10 07:55:09.327344+00:00
[2025-02-10T07:55:10.762+0000] {standard_task_runner.py:63} INFO - Started process 302 to run task
[2025-02-10T07:55:10.769+0000] {standard_task_runner.py:90} INFO - Running: ['***', 'tasks', 'run', 'e_commerce_dw_etl', 'extract.extract_and_load_to_staging', 'manual__2025-02-10T07:55:09.327344+00:00', '--job-id', '165', '--raw', '--subdir', 'DAGS_FOLDER/e_commerce_dw_dag.py', '--cfg-path', '/tmp/tmpan9y9319']
[2025-02-10T07:55:10.773+0000] {standard_task_runner.py:91} INFO - Job 165: Subtask extract.extract_and_load_to_staging
[2025-02-10T07:55:10.878+0000] {task_command.py:426} INFO - Running <TaskInstance: e_commerce_dw_etl.extract.extract_and_load_to_staging manual__2025-02-10T07:55:09.327344+00:00 [running]> on host dbe40b263d82
[2025-02-10T07:55:11.184+0000] {taskinstance.py:2648} INFO - Exporting env vars: AIRFLOW_CTX_DAG_OWNER='***' AIRFLOW_CTX_DAG_ID='e_commerce_dw_etl' AIRFLOW_CTX_TASK_ID='extract.extract_and_load_to_staging' AIRFLOW_CTX_EXECUTION_DATE='2025-02-10T07:55:09.327344+00:00' AIRFLOW_CTX_TRY_NUMBER='1' AIRFLOW_CTX_DAG_RUN_ID='manual__2025-02-10T07:55:09.327344+00:00'
[2025-02-10T07:55:11.185+0000] {taskinstance.py:430} INFO - ::endgroup::
[2025-02-10T07:55:11.213+0000] {base.py:84} INFO - Using connection ID 'mysql' for task execution.
[2025-02-10T07:55:11.238+0000] {base.py:84} INFO - Using connection ID 'mysql' for task execution.
[2025-02-10T07:55:11.267+0000] {logging_mixin.py:188} WARNING - /home/***/.local/lib/python3.10/site-packages/***/providers/common/sql/hooks/sql.py:263 UserWarning: pandas only supports SQLAlchemy connectable (engine/connection) or database string URI or sqlite3 DBAPI2 connection. Other DBAPI2 objects are not tested. Please consider using SQLAlchemy.
[2025-02-10T07:55:11.283+0000] {logging_mixin.py:188} INFO -        product_category_name product_category_name_english
0  agro_industria_e_comercio    agro_industry_and_commerce
1                  alimentos                          food
2          alimentos_bebidas                    food_drink
3                      artes                           art
4         artes_e_artesanato         arts_and_craftmanship
[2025-02-10T07:55:11.284+0000] {python.py:237} INFO - Done. Returned value was: None
[2025-02-10T07:55:11.286+0000] {taskinstance.py:441} INFO - ::group::Post task execution logs
[2025-02-10T07:55:11.302+0000] {taskinstance.py:1206} INFO - Marking task as SUCCESS. dag_id=e_commerce_dw_etl, task_id=extract.extract_and_load_to_staging, run_id=manual__2025-02-10T07:55:09.327344+00:00, execution_date=20250210T075509, start_date=20250210T075510, end_date=20250210T075511
[2025-02-10T07:55:11.344+0000] {local_task_job_runner.py:240} INFO - Task exited with return code 0
[2025-02-10T07:55:11.375+0000] {taskinstance.py:3503} INFO - 0 downstream tasks scheduled from follow-on schedule check
[2025-02-10T07:55:11.378+0000] {local_task_job_runner.py:222} INFO - ::endgroup::
