[2025-02-12T09:18:50.682+0000] {local_task_job_runner.py:120} INFO - ::group::Pre task execution logs
[2025-02-12T09:18:50.710+0000] {taskinstance.py:2076} INFO - Dependencies all met for dep_context=non-requeueable deps ti=<TaskInstance: e_commerce_dw_etl.extract.extract_and_load_to_staging manual__2025-02-12T09:18:49.558799+00:00 [queued]>
[2025-02-12T09:18:50.719+0000] {taskinstance.py:2076} INFO - Dependencies all met for dep_context=requeueable deps ti=<TaskInstance: e_commerce_dw_etl.extract.extract_and_load_to_staging manual__2025-02-12T09:18:49.558799+00:00 [queued]>
[2025-02-12T09:18:50.720+0000] {taskinstance.py:2306} INFO - Starting attempt 1 of 1
[2025-02-12T09:18:50.736+0000] {taskinstance.py:2330} INFO - Executing <Task(PythonOperator): extract.extract_and_load_to_staging> on 2025-02-12 09:18:49.558799+00:00
[2025-02-12T09:18:50.740+0000] {standard_task_runner.py:63} INFO - Started process 316 to run task
[2025-02-12T09:18:50.742+0000] {standard_task_runner.py:90} INFO - Running: ['***', 'tasks', 'run', 'e_commerce_dw_etl', 'extract.extract_and_load_to_staging', 'manual__2025-02-12T09:18:49.558799+00:00', '--job-id', '212', '--raw', '--subdir', 'DAGS_FOLDER/e_commerce_dw_dag.py', '--cfg-path', '/tmp/tmpsam61ait']
[2025-02-12T09:18:50.746+0000] {standard_task_runner.py:91} INFO - Job 212: Subtask extract.extract_and_load_to_staging
[2025-02-12T09:18:50.791+0000] {task_command.py:426} INFO - Running <TaskInstance: e_commerce_dw_etl.extract.extract_and_load_to_staging manual__2025-02-12T09:18:49.558799+00:00 [running]> on host 1f90b0c5673e
[2025-02-12T09:18:50.884+0000] {taskinstance.py:2648} INFO - Exporting env vars: AIRFLOW_CTX_DAG_OWNER='***' AIRFLOW_CTX_DAG_ID='e_commerce_dw_etl' AIRFLOW_CTX_TASK_ID='extract.extract_and_load_to_staging' AIRFLOW_CTX_EXECUTION_DATE='2025-02-12T09:18:49.558799+00:00' AIRFLOW_CTX_TRY_NUMBER='1' AIRFLOW_CTX_DAG_RUN_ID='manual__2025-02-12T09:18:49.558799+00:00'
[2025-02-12T09:18:50.885+0000] {taskinstance.py:430} INFO - ::endgroup::
[2025-02-12T09:18:50.904+0000] {base.py:84} INFO - Using connection ID 'mysql' for task execution.
[2025-02-12T09:18:50.919+0000] {base.py:84} INFO - Using connection ID 'postgres' for task execution.
[2025-02-12T09:18:50.980+0000] {base.py:84} INFO - Using connection ID 'mysql' for task execution.
[2025-02-12T09:18:50.996+0000] {logging_mixin.py:188} WARNING - /home/***/.local/lib/python3.10/site-packages/***/providers/common/sql/hooks/sql.py:263 UserWarning: pandas only supports SQLAlchemy connectable (engine/connection) or database string URI or sqlite3 DBAPI2 connection. Other DBAPI2 objects are not tested. Please consider using SQLAlchemy.
[2025-02-12T09:18:51.005+0000] {base.py:84} INFO - Using connection ID 'postgres' for task execution.
[2025-02-12T09:18:51.232+0000] {logging_mixin.py:188} INFO - Đã trích xuất và lưu bảng product_category_name_translation từ MySQL vào PostgreSQL staging
[2025-02-12T09:18:51.237+0000] {base.py:84} INFO - Using connection ID 'mysql' for task execution.
[2025-02-12T09:18:51.245+0000] {logging_mixin.py:188} WARNING - /home/***/.local/lib/python3.10/site-packages/***/providers/common/sql/hooks/sql.py:263 UserWarning: pandas only supports SQLAlchemy connectable (engine/connection) or database string URI or sqlite3 DBAPI2 connection. Other DBAPI2 objects are not tested. Please consider using SQLAlchemy.
[2025-02-12T09:18:54.110+0000] {base.py:84} INFO - Using connection ID 'postgres' for task execution.
[2025-02-12T09:19:25.393+0000] {logging_mixin.py:188} INFO - Đã trích xuất và lưu bảng geolocation từ MySQL vào PostgreSQL staging
[2025-02-12T09:19:25.403+0000] {base.py:84} INFO - Using connection ID 'mysql' for task execution.
[2025-02-12T09:19:25.415+0000] {logging_mixin.py:188} WARNING - /home/***/.local/lib/python3.10/site-packages/***/providers/common/sql/hooks/sql.py:263 UserWarning: pandas only supports SQLAlchemy connectable (engine/connection) or database string URI or sqlite3 DBAPI2 connection. Other DBAPI2 objects are not tested. Please consider using SQLAlchemy.
[2025-02-12T09:19:25.499+0000] {base.py:84} INFO - Using connection ID 'postgres' for task execution.
[2025-02-12T09:19:25.835+0000] {logging_mixin.py:188} INFO - Đã trích xuất và lưu bảng sellers từ MySQL vào PostgreSQL staging
[2025-02-12T09:19:25.844+0000] {base.py:84} INFO - Using connection ID 'mysql' for task execution.
[2025-02-12T09:19:25.854+0000] {logging_mixin.py:188} WARNING - /home/***/.local/lib/python3.10/site-packages/***/providers/common/sql/hooks/sql.py:263 UserWarning: pandas only supports SQLAlchemy connectable (engine/connection) or database string URI or sqlite3 DBAPI2 connection. Other DBAPI2 objects are not tested. Please consider using SQLAlchemy.
[2025-02-12T09:19:26.255+0000] {base.py:84} INFO - Using connection ID 'postgres' for task execution.
[2025-02-12T09:19:28.942+0000] {logging_mixin.py:188} INFO - Đã trích xuất và lưu bảng customers từ MySQL vào PostgreSQL staging
[2025-02-12T09:19:28.949+0000] {base.py:84} INFO - Using connection ID 'mysql' for task execution.
[2025-02-12T09:19:28.957+0000] {logging_mixin.py:188} WARNING - /home/***/.local/lib/python3.10/site-packages/***/providers/common/sql/hooks/sql.py:263 UserWarning: pandas only supports SQLAlchemy connectable (engine/connection) or database string URI or sqlite3 DBAPI2 connection. Other DBAPI2 objects are not tested. Please consider using SQLAlchemy.
[2025-02-12T09:19:29.179+0000] {base.py:84} INFO - Using connection ID 'postgres' for task execution.
[2025-02-12T09:19:30.641+0000] {logging_mixin.py:188} INFO - Đã trích xuất và lưu bảng products từ MySQL vào PostgreSQL staging
[2025-02-12T09:19:30.648+0000] {base.py:84} INFO - Using connection ID 'mysql' for task execution.
[2025-02-12T09:19:30.656+0000] {logging_mixin.py:188} WARNING - /home/***/.local/lib/python3.10/site-packages/***/providers/common/sql/hooks/sql.py:263 UserWarning: pandas only supports SQLAlchemy connectable (engine/connection) or database string URI or sqlite3 DBAPI2 connection. Other DBAPI2 objects are not tested. Please consider using SQLAlchemy.
[2025-02-12T09:19:31.688+0000] {base.py:84} INFO - Using connection ID 'postgres' for task execution.
[2025-02-12T09:19:36.618+0000] {logging_mixin.py:188} INFO - Đã trích xuất và lưu bảng orders từ MySQL vào PostgreSQL staging
[2025-02-12T09:19:36.625+0000] {base.py:84} INFO - Using connection ID 'mysql' for task execution.
[2025-02-12T09:19:36.634+0000] {logging_mixin.py:188} WARNING - /home/***/.local/lib/python3.10/site-packages/***/providers/common/sql/hooks/sql.py:263 UserWarning: pandas only supports SQLAlchemy connectable (engine/connection) or database string URI or sqlite3 DBAPI2 connection. Other DBAPI2 objects are not tested. Please consider using SQLAlchemy.
[2025-02-12T09:19:37.709+0000] {base.py:84} INFO - Using connection ID 'postgres' for task execution.
[2025-02-12T09:19:42.463+0000] {logging_mixin.py:188} INFO - Đã trích xuất và lưu bảng order_items từ MySQL vào PostgreSQL staging
[2025-02-12T09:19:42.470+0000] {base.py:84} INFO - Using connection ID 'mysql' for task execution.
[2025-02-12T09:19:42.483+0000] {logging_mixin.py:188} WARNING - /home/***/.local/lib/python3.10/site-packages/***/providers/common/sql/hooks/sql.py:263 UserWarning: pandas only supports SQLAlchemy connectable (engine/connection) or database string URI or sqlite3 DBAPI2 connection. Other DBAPI2 objects are not tested. Please consider using SQLAlchemy.
[2025-02-12T09:19:42.968+0000] {base.py:84} INFO - Using connection ID 'postgres' for task execution.
[2025-02-12T09:19:45.870+0000] {logging_mixin.py:188} INFO - Đã trích xuất và lưu bảng order_payments từ MySQL vào PostgreSQL staging
[2025-02-12T09:19:45.882+0000] {base.py:84} INFO - Using connection ID 'mysql' for task execution.
[2025-02-12T09:19:45.891+0000] {logging_mixin.py:188} WARNING - /home/***/.local/lib/python3.10/site-packages/***/providers/common/sql/hooks/sql.py:263 UserWarning: pandas only supports SQLAlchemy connectable (engine/connection) or database string URI or sqlite3 DBAPI2 connection. Other DBAPI2 objects are not tested. Please consider using SQLAlchemy.
[2025-02-12T09:19:46.748+0000] {base.py:84} INFO - Using connection ID 'postgres' for task execution.
[2025-02-12T09:19:51.072+0000] {logging_mixin.py:188} INFO - Đã trích xuất và lưu bảng order_reviews từ MySQL vào PostgreSQL staging
[2025-02-12T09:19:51.090+0000] {python.py:237} INFO - Done. Returned value was: None
[2025-02-12T09:19:51.091+0000] {taskinstance.py:441} INFO - ::group::Post task execution logs
[2025-02-12T09:19:51.101+0000] {taskinstance.py:1206} INFO - Marking task as SUCCESS. dag_id=e_commerce_dw_etl, task_id=extract.extract_and_load_to_staging, run_id=manual__2025-02-12T09:18:49.558799+00:00, execution_date=20250212T091849, start_date=20250212T091850, end_date=20250212T091951
[2025-02-12T09:19:51.167+0000] {local_task_job_runner.py:240} INFO - Task exited with return code 0
[2025-02-12T09:19:51.208+0000] {taskinstance.py:3503} INFO - 6 downstream tasks scheduled from follow-on schedule check
[2025-02-12T09:19:51.210+0000] {local_task_job_runner.py:222} INFO - ::endgroup::
