[2025-02-12T09:35:45.722+0000] {local_task_job_runner.py:120} INFO - ::group::Pre task execution logs
[2025-02-12T09:35:45.768+0000] {taskinstance.py:2076} INFO - Dependencies all met for dep_context=non-requeueable deps ti=<TaskInstance: e_commerce_dw_etl.transform.transform_dim_dates manual__2025-02-12T09:34:47.843170+00:00 [queued]>
[2025-02-12T09:35:45.784+0000] {taskinstance.py:2076} INFO - Dependencies all met for dep_context=requeueable deps ti=<TaskInstance: e_commerce_dw_etl.transform.transform_dim_dates manual__2025-02-12T09:34:47.843170+00:00 [queued]>
[2025-02-12T09:35:45.785+0000] {taskinstance.py:2306} INFO - Starting attempt 1 of 1
[2025-02-12T09:35:45.804+0000] {taskinstance.py:2330} INFO - Executing <Task(PythonOperator): transform.transform_dim_dates> on 2025-02-12 09:34:47.843170+00:00
[2025-02-12T09:35:45.811+0000] {standard_task_runner.py:63} INFO - Started process 245 to run task
[2025-02-12T09:35:45.821+0000] {standard_task_runner.py:90} INFO - Running: ['***', 'tasks', 'run', 'e_commerce_dw_etl', 'transform.transform_dim_dates', 'manual__2025-02-12T09:34:47.843170+00:00', '--job-id', '240', '--raw', '--subdir', 'DAGS_FOLDER/e_commerce_dw_dag.py', '--cfg-path', '/tmp/tmpjz06eoy2']
[2025-02-12T09:35:45.824+0000] {standard_task_runner.py:91} INFO - Job 240: Subtask transform.transform_dim_dates
[2025-02-12T09:35:45.894+0000] {task_command.py:426} INFO - Running <TaskInstance: e_commerce_dw_etl.transform.transform_dim_dates manual__2025-02-12T09:34:47.843170+00:00 [running]> on host 6d14b9bebf01
[2025-02-12T09:35:46.298+0000] {taskinstance.py:2648} INFO - Exporting env vars: AIRFLOW_CTX_DAG_OWNER='***' AIRFLOW_CTX_DAG_ID='e_commerce_dw_etl' AIRFLOW_CTX_TASK_ID='transform.transform_dim_dates' AIRFLOW_CTX_EXECUTION_DATE='2025-02-12T09:34:47.843170+00:00' AIRFLOW_CTX_TRY_NUMBER='1' AIRFLOW_CTX_DAG_RUN_ID='manual__2025-02-12T09:34:47.843170+00:00'
[2025-02-12T09:35:46.299+0000] {taskinstance.py:430} INFO - ::endgroup::
[2025-02-12T09:35:46.344+0000] {base.py:84} INFO - Using connection ID 'postgres' for task execution.
[2025-02-12T09:35:46.689+0000] {base.py:84} INFO - Using connection ID 'postgres' for task execution.
[2025-02-12T09:35:47.702+0000] {logging_mixin.py:188} INFO - Đã tạo và lưu dữ liệu vào dim_dates
[2025-02-12T09:35:47.705+0000] {python.py:237} INFO - Done. Returned value was: None
[2025-02-12T09:35:47.714+0000] {taskinstance.py:441} INFO - ::group::Post task execution logs
[2025-02-12T09:35:47.748+0000] {taskinstance.py:1206} INFO - Marking task as SUCCESS. dag_id=e_commerce_dw_etl, task_id=transform.transform_dim_dates, run_id=manual__2025-02-12T09:34:47.843170+00:00, execution_date=20250212T093447, start_date=20250212T093545, end_date=20250212T093547
[2025-02-12T09:35:47.846+0000] {local_task_job_runner.py:240} INFO - Task exited with return code 0
[2025-02-12T09:35:47.922+0000] {taskinstance.py:3503} INFO - 0 downstream tasks scheduled from follow-on schedule check
[2025-02-12T09:35:47.928+0000] {local_task_job_runner.py:222} INFO - ::endgroup::
