[2025-02-12T09:58:13.774+0000] {local_task_job_runner.py:120} INFO - ::group::Pre task execution logs
[2025-02-12T09:58:13.837+0000] {taskinstance.py:2076} INFO - Dependencies all met for dep_context=non-requeueable deps ti=<TaskInstance: e_commerce_dw_etl.extract.extract_and_load_to_staging manual__2025-02-12T09:58:13.164099+00:00 [queued]>
[2025-02-12T09:58:13.848+0000] {taskinstance.py:2076} INFO - Dependencies all met for dep_context=requeueable deps ti=<TaskInstance: e_commerce_dw_etl.extract.extract_and_load_to_staging manual__2025-02-12T09:58:13.164099+00:00 [queued]>
[2025-02-12T09:58:13.849+0000] {taskinstance.py:2306} INFO - Starting attempt 1 of 1
[2025-02-12T09:58:13.872+0000] {taskinstance.py:2330} INFO - Executing <Task(PythonOperator): extract.extract_and_load_to_staging> on 2025-02-12 09:58:13.164099+00:00
[2025-02-12T09:58:13.877+0000] {standard_task_runner.py:63} INFO - Started process 202 to run task
[2025-02-12T09:58:13.881+0000] {standard_task_runner.py:90} INFO - Running: ['***', 'tasks', 'run', 'e_commerce_dw_etl', 'extract.extract_and_load_to_staging', 'manual__2025-02-12T09:58:13.164099+00:00', '--job-id', '250', '--raw', '--subdir', 'DAGS_FOLDER/e_commerce_dw_dag.py', '--cfg-path', '/tmp/tmpx3w_ascm']
[2025-02-12T09:58:13.885+0000] {standard_task_runner.py:91} INFO - Job 250: Subtask extract.extract_and_load_to_staging
[2025-02-12T09:58:13.941+0000] {task_command.py:426} INFO - Running <TaskInstance: e_commerce_dw_etl.extract.extract_and_load_to_staging manual__2025-02-12T09:58:13.164099+00:00 [running]> on host 0cefc44a17d0
[2025-02-12T09:58:14.181+0000] {taskinstance.py:2648} INFO - Exporting env vars: AIRFLOW_CTX_DAG_OWNER='***' AIRFLOW_CTX_DAG_ID='e_commerce_dw_etl' AIRFLOW_CTX_TASK_ID='extract.extract_and_load_to_staging' AIRFLOW_CTX_EXECUTION_DATE='2025-02-12T09:58:13.164099+00:00' AIRFLOW_CTX_TRY_NUMBER='1' AIRFLOW_CTX_DAG_RUN_ID='manual__2025-02-12T09:58:13.164099+00:00'
[2025-02-12T09:58:14.182+0000] {taskinstance.py:430} INFO - ::endgroup::
[2025-02-12T09:58:14.207+0000] {base.py:84} INFO - Using connection ID 'mysql' for task execution.
[2025-02-12T09:58:14.229+0000] {base.py:84} INFO - Using connection ID 'postgres' for task execution.
[2025-02-12T09:58:14.278+0000] {base.py:84} INFO - Using connection ID 'mysql' for task execution.
[2025-02-12T09:58:14.290+0000] {logging_mixin.py:188} WARNING - /home/***/.local/lib/python3.10/site-packages/***/providers/common/sql/hooks/sql.py:263 UserWarning: pandas only supports SQLAlchemy connectable (engine/connection) or database string URI or sqlite3 DBAPI2 connection. Other DBAPI2 objects are not tested. Please consider using SQLAlchemy.
[2025-02-12T09:58:14.299+0000] {base.py:84} INFO - Using connection ID 'postgres' for task execution.
[2025-02-12T09:58:14.491+0000] {logging_mixin.py:188} INFO - Đã trích xuất và lưu bảng product_category_name_translation từ MySQL vào PostgreSQL staging
[2025-02-12T09:58:14.497+0000] {base.py:84} INFO - Using connection ID 'mysql' for task execution.
[2025-02-12T09:58:14.504+0000] {logging_mixin.py:188} WARNING - /home/***/.local/lib/python3.10/site-packages/***/providers/common/sql/hooks/sql.py:263 UserWarning: pandas only supports SQLAlchemy connectable (engine/connection) or database string URI or sqlite3 DBAPI2 connection. Other DBAPI2 objects are not tested. Please consider using SQLAlchemy.
[2025-02-12T09:58:17.827+0000] {base.py:84} INFO - Using connection ID 'postgres' for task execution.
[2025-02-12T09:58:43.596+0000] {logging_mixin.py:188} INFO - Đã trích xuất và lưu bảng geolocation từ MySQL vào PostgreSQL staging
[2025-02-12T09:58:43.605+0000] {base.py:84} INFO - Using connection ID 'mysql' for task execution.
[2025-02-12T09:58:43.615+0000] {logging_mixin.py:188} WARNING - /home/***/.local/lib/python3.10/site-packages/***/providers/common/sql/hooks/sql.py:263 UserWarning: pandas only supports SQLAlchemy connectable (engine/connection) or database string URI or sqlite3 DBAPI2 connection. Other DBAPI2 objects are not tested. Please consider using SQLAlchemy.
[2025-02-12T09:58:43.683+0000] {base.py:84} INFO - Using connection ID 'postgres' for task execution.
[2025-02-12T09:58:43.836+0000] {logging_mixin.py:188} INFO - Đã trích xuất và lưu bảng sellers từ MySQL vào PostgreSQL staging
[2025-02-12T09:58:43.843+0000] {base.py:84} INFO - Using connection ID 'mysql' for task execution.
[2025-02-12T09:58:43.852+0000] {logging_mixin.py:188} WARNING - /home/***/.local/lib/python3.10/site-packages/***/providers/common/sql/hooks/sql.py:263 UserWarning: pandas only supports SQLAlchemy connectable (engine/connection) or database string URI or sqlite3 DBAPI2 connection. Other DBAPI2 objects are not tested. Please consider using SQLAlchemy.
[2025-02-12T09:58:44.256+0000] {base.py:84} INFO - Using connection ID 'postgres' for task execution.
[2025-02-12T09:58:46.541+0000] {logging_mixin.py:188} INFO - Đã trích xuất và lưu bảng customers từ MySQL vào PostgreSQL staging
[2025-02-12T09:58:46.550+0000] {base.py:84} INFO - Using connection ID 'mysql' for task execution.
[2025-02-12T09:58:46.560+0000] {logging_mixin.py:188} WARNING - /home/***/.local/lib/python3.10/site-packages/***/providers/common/sql/hooks/sql.py:263 UserWarning: pandas only supports SQLAlchemy connectable (engine/connection) or database string URI or sqlite3 DBAPI2 connection. Other DBAPI2 objects are not tested. Please consider using SQLAlchemy.
[2025-02-12T09:58:46.796+0000] {base.py:84} INFO - Using connection ID 'postgres' for task execution.
[2025-02-12T09:58:48.376+0000] {logging_mixin.py:188} INFO - Đã trích xuất và lưu bảng products từ MySQL vào PostgreSQL staging
[2025-02-12T09:58:48.389+0000] {base.py:84} INFO - Using connection ID 'mysql' for task execution.
[2025-02-12T09:58:48.398+0000] {logging_mixin.py:188} WARNING - /home/***/.local/lib/python3.10/site-packages/***/providers/common/sql/hooks/sql.py:263 UserWarning: pandas only supports SQLAlchemy connectable (engine/connection) or database string URI or sqlite3 DBAPI2 connection. Other DBAPI2 objects are not tested. Please consider using SQLAlchemy.
[2025-02-12T09:58:49.541+0000] {base.py:84} INFO - Using connection ID 'postgres' for task execution.
[2025-02-12T09:58:53.917+0000] {logging_mixin.py:188} INFO - Đã trích xuất và lưu bảng orders từ MySQL vào PostgreSQL staging
[2025-02-12T09:58:53.924+0000] {base.py:84} INFO - Using connection ID 'mysql' for task execution.
[2025-02-12T09:58:53.933+0000] {logging_mixin.py:188} WARNING - /home/***/.local/lib/python3.10/site-packages/***/providers/common/sql/hooks/sql.py:263 UserWarning: pandas only supports SQLAlchemy connectable (engine/connection) or database string URI or sqlite3 DBAPI2 connection. Other DBAPI2 objects are not tested. Please consider using SQLAlchemy.
[2025-02-12T09:58:54.777+0000] {base.py:84} INFO - Using connection ID 'postgres' for task execution.
[2025-02-12T09:58:59.135+0000] {logging_mixin.py:188} INFO - Đã trích xuất và lưu bảng order_items từ MySQL vào PostgreSQL staging
[2025-02-12T09:58:59.143+0000] {base.py:84} INFO - Using connection ID 'mysql' for task execution.
[2025-02-12T09:58:59.152+0000] {logging_mixin.py:188} WARNING - /home/***/.local/lib/python3.10/site-packages/***/providers/common/sql/hooks/sql.py:263 UserWarning: pandas only supports SQLAlchemy connectable (engine/connection) or database string URI or sqlite3 DBAPI2 connection. Other DBAPI2 objects are not tested. Please consider using SQLAlchemy.
[2025-02-12T09:58:59.602+0000] {base.py:84} INFO - Using connection ID 'postgres' for task execution.
[2025-02-12T09:59:02.293+0000] {logging_mixin.py:188} INFO - Đã trích xuất và lưu bảng order_payments từ MySQL vào PostgreSQL staging
[2025-02-12T09:59:02.301+0000] {base.py:84} INFO - Using connection ID 'mysql' for task execution.
[2025-02-12T09:59:02.310+0000] {logging_mixin.py:188} WARNING - /home/***/.local/lib/python3.10/site-packages/***/providers/common/sql/hooks/sql.py:263 UserWarning: pandas only supports SQLAlchemy connectable (engine/connection) or database string URI or sqlite3 DBAPI2 connection. Other DBAPI2 objects are not tested. Please consider using SQLAlchemy.
[2025-02-12T09:59:03.123+0000] {base.py:84} INFO - Using connection ID 'postgres' for task execution.
[2025-02-12T09:59:06.690+0000] {logging_mixin.py:188} INFO - Đã trích xuất và lưu bảng order_reviews từ MySQL vào PostgreSQL staging
[2025-02-12T09:59:06.705+0000] {python.py:237} INFO - Done. Returned value was: None
[2025-02-12T09:59:06.706+0000] {taskinstance.py:441} INFO - ::group::Post task execution logs
[2025-02-12T09:59:06.715+0000] {taskinstance.py:1206} INFO - Marking task as SUCCESS. dag_id=e_commerce_dw_etl, task_id=extract.extract_and_load_to_staging, run_id=manual__2025-02-12T09:58:13.164099+00:00, execution_date=20250212T095813, start_date=20250212T095813, end_date=20250212T095906
[2025-02-12T09:59:06.756+0000] {local_task_job_runner.py:240} INFO - Task exited with return code 0
[2025-02-12T09:59:06.782+0000] {taskinstance.py:3503} INFO - 6 downstream tasks scheduled from follow-on schedule check
[2025-02-12T09:59:06.785+0000] {local_task_job_runner.py:222} INFO - ::endgroup::
